#
# There is insufficient memory for the Java Runtime Environment to continue.
# Native memory allocation (malloc) failed to allocate 2122576 bytes for Chunk::new
# Possible reasons:
#   The system is out of physical RAM or swap space
#   The process is running with CompressedOops enabled, and the Java Heap may be blocking the growth of the native heap
# Possible solutions:
#   Reduce memory load on the system
#   Increase physical memory or swap space
#   Check if swap backing store is full
#   Decrease Java heap size (-Xmx/-Xms)
#   Decrease number of Java threads
#   Decrease Java thread stack sizes (-Xss)
#   Set larger code cache with -XX:ReservedCodeCacheSize=
#   JVM is running with Unscaled Compressed Oops mode in which the Java heap is
#     placed in the first 4GB address space. The Java Heap base address is the
#     maximum limit for the native heap growth. Please use -XX:HeapBaseMinAddress
#     to set the Java Heap base and to place the Java Heap above 4GB virtual address.
# This output file may be truncated or incomplete.
#
#  Out of Memory Error (src/hotspot/share/memory/arena.cpp:197), pid=16072, tid=11500
#
# JRE version: OpenJDK Runtime Environment (11.0.15) (build 11.0.15+0-b2043.56-9505619)
# Java VM: OpenJDK 64-Bit Server VM (11.0.15+0-b2043.56-9505619, mixed mode, tiered, compressed oops, g1 gc, windows-amd64)
# No core dump will be written. Minidumps are not enabled by default on client versions of Windows
#

---------------  S U M M A R Y ------------

Command Line: --add-opens=java.base/java.util=ALL-UNNAMED --add-opens=java.base/java.lang=ALL-UNNAMED --add-opens=java.base/java.lang.invoke=ALL-UNNAMED --add-opens=java.base/java.util=ALL-UNNAMED --add-opens=java.prefs/java.util.prefs=ALL-UNNAMED --add-opens=java.prefs/java.util.prefs=ALL-UNNAMED --add-opens=java.base/java.nio.charset=ALL-UNNAMED --add-opens=java.base/java.net=ALL-UNNAMED --add-opens=java.base/java.util.concurrent.atomic=ALL-UNNAMED -Xmx2048m -Dfile.encoding=UTF-8 -Duser.country=US -Duser.language=en -Duser.variant org.gradle.launcher.daemon.bootstrap.GradleDaemon 7.5

Host: Intel(R) Core(TM) i5-6200U CPU @ 2.30GHz, 4 cores, 11G,  Windows 11 , 64 bit Build 22621 (10.0.22621.608)
Time: Sun May  7 04:31:33 2023 Pakistan Standard Time elapsed time: 387.517776 seconds (0d 0h 6m 27s)

---------------  T H R E A D  ---------------

Current thread (0x000001e67b836000):  JavaThread "C2 CompilerThread0" daemon [_thread_in_native, id=11500, stack(0x000000bd72f00000,0x000000bd73000000)]


Current CompileTask:
C2: 387517 26186 %     4       com.android.tools.r8.internal.Ab::a @ 80 (6176 bytes)

Stack: [0x000000bd72f00000,0x000000bd73000000]
Native frames: (J=compiled Java code, j=interpreted, Vv=VM code, C=native code)
V  [jvm.dll+0x64135a]
V  [jvm.dll+0x7d39f9]
V  [jvm.dll+0x7d51b9]
V  [jvm.dll+0x7d58a3]
V  [jvm.dll+0x2691c5]
V  [jvm.dll+0xc1a5c]
V  [jvm.dll+0xc200c]
V  [jvm.dll+0x377462]
V  [jvm.dll+0x342495]
V  [jvm.dll+0x34186a]
V  [jvm.dll+0x2214bd]
V  [jvm.dll+0x220498]
V  [jvm.dll+0x19e851]
V  [jvm.dll+0x230479]
V  [jvm.dll+0x22e5ef]
V  [jvm.dll+0x794de1]
V  [jvm.dll+0x78dc24]
V  [jvm.dll+0x6400f6]
C  [ucrtbase.dll+0x29363]
C  [KERNEL32.DLL+0x1244d]
C  [ntdll.dll+0x5df78]


---------------  P R O C E S S  ---------------

Threads class SMR info:
_java_thread_list=0x000001e6105c95c0, length=93, elements={
0x000001e67037c800, 0x000001e67afc4000, 0x000001e67b7d2800, 0x000001e67b830800,
0x000001e67b831800, 0x000001e67b832800, 0x000001e67b836000, 0x000001e67b839000,
0x000001e67afcc000, 0x000001e67b98f800, 0x000001e67d8fb800, 0x000001e67cd48800,
0x000001e67dfb8800, 0x000001e67dac4800, 0x000001e67dabf800, 0x000001e67dac3000,
0x000001e67dac0800, 0x000001e67dac1800, 0x000001e67dac3800, 0x000001e67dac2000,
0x000001e67dac5800, 0x000001e67dac6000, 0x000001e67f23b000, 0x000001e67f23c000,
0x000001e67dbc1000, 0x000001e67dbc2000, 0x000001e611f51800, 0x000001e611f4e000,
0x000001e611f4b000, 0x000001e611f4f000, 0x000001e611f4c000, 0x000001e611f50800,
0x000001e611f50000, 0x000001e611f52800, 0x000001e611f4d800, 0x000001e611f4c800,
0x000001e611f55000, 0x000001e611f55800, 0x000001e611f56800, 0x000001e611f57000,
0x000001e611f58000, 0x000001e611f59000, 0x000001e611f53000, 0x000001e611f59800,
0x000001e611f54000, 0x000001e67dbb8000, 0x000001e67dbba800, 0x000001e67dbb5000,
0x000001e67dbbb800, 0x000001e67dbb6800, 0x000001e67dbb6000, 0x000001e67dbb7800,
0x000001e67dbbd000, 0x000001e67dbbe000, 0x000001e67dbbe800, 0x000001e67dbb9000,
0x000001e67dbbc800, 0x000001e67dbbf800, 0x000001e67dbba000, 0x000001e67dbc0800,
0x000001e67dbc3800, 0x000001e67dbc3000, 0x000001e67f238000, 0x000001e67f23a800,
0x000001e67f23d800, 0x000001e67f23e800, 0x000001e67f238800, 0x000001e67f23f000,
0x000001e67f239800, 0x000001e67f243800, 0x000001e67f245000, 0x000001e67f242800,
0x000001e67f241800, 0x000001e67f244000, 0x000001e67f245800, 0x000001e67f241000,
0x000001e67f240000, 0x000001e61487a000, 0x000001e614877000, 0x000001e614878800,
0x000001e614877800, 0x000001e614874800, 0x000001e614879800, 0x000001e61487b000,
0x000001e614875000, 0x000001e61487c000, 0x000001e614876000, 0x000001e614882800,
0x000001e614880000, 0x000001e61487f000, 0x000001e61487e000, 0x000001e614880800,
0x000001e612667800
}

Java Threads: ( => current thread )
  0x000001e67037c800 JavaThread "main" [_thread_blocked, id=17028, stack(0x000000bd72300000,0x000000bd72400000)]
  0x000001e67afc4000 JavaThread "Reference Handler" daemon [_thread_blocked, id=14480, stack(0x000000bd72a00000,0x000000bd72b00000)]
  0x000001e67b7d2800 JavaThread "Finalizer" daemon [_thread_blocked, id=6572, stack(0x000000bd72b00000,0x000000bd72c00000)]
  0x000001e67b830800 JavaThread "Signal Dispatcher" daemon [_thread_blocked, id=13472, stack(0x000000bd72c00000,0x000000bd72d00000)]
  0x000001e67b831800 JavaThread "Attach Listener" daemon [_thread_blocked, id=20224, stack(0x000000bd72d00000,0x000000bd72e00000)]
  0x000001e67b832800 JavaThread "Service Thread" daemon [_thread_blocked, id=7768, stack(0x000000bd72e00000,0x000000bd72f00000)]
=>0x000001e67b836000 JavaThread "C2 CompilerThread0" daemon [_thread_in_native, id=11500, stack(0x000000bd72f00000,0x000000bd73000000)]
  0x000001e67b839000 JavaThread "C1 CompilerThread0" daemon [_thread_blocked, id=3588, stack(0x000000bd73000000,0x000000bd73100000)]
  0x000001e67afcc000 JavaThread "Sweeper thread" daemon [_thread_blocked, id=7156, stack(0x000000bd73100000,0x000000bd73200000)]
  0x000001e67b98f800 JavaThread "Common-Cleaner" daemon [_thread_blocked, id=21524, stack(0x000000bd73200000,0x000000bd73300000)]
  0x000001e67d8fb800 JavaThread "Daemon health stats" [_thread_blocked, id=4448, stack(0x000000bd73800000,0x000000bd73900000)]
  0x000001e67cd48800 JavaThread "Incoming local TCP Connector on port 56722" [_thread_in_native, id=21036, stack(0x000000bd73700000,0x000000bd73800000)]
  0x000001e67dfb8800 JavaThread "Daemon periodic checks" [_thread_blocked, id=15688, stack(0x000000bd73900000,0x000000bd73a00000)]
  0x000001e67dac4800 JavaThread "Cache worker for journal cache (C:\Users\Microsoft\.gradle\caches\journal-1)" [_thread_blocked, id=8576, stack(0x000000bd74100000,0x000000bd74200000)]
  0x000001e67dabf800 JavaThread "File lock request listener" [_thread_in_native, id=16680, stack(0x000000bd74200000,0x000000bd74300000)]
  0x000001e67dac3000 JavaThread "Cache worker for file hash cache (C:\Users\Microsoft\.gradle\caches\7.5\fileHashes)" [_thread_blocked, id=9224, stack(0x000000bd74300000,0x000000bd74400000)]
  0x000001e67dac0800 JavaThread "File watcher server" daemon [_thread_in_native, id=8248, stack(0x000000bd74500000,0x000000bd74600000)]
  0x000001e67dac1800 JavaThread "File watcher consumer" daemon [_thread_blocked, id=12684, stack(0x000000bd74600000,0x000000bd74700000)]
  0x000001e67dac3800 JavaThread "jar transforms" [_thread_blocked, id=10124, stack(0x000000bd74700000,0x000000bd74800000)]
  0x000001e67dac2000 JavaThread "jar transforms Thread 2" [_thread_blocked, id=18028, stack(0x000000bd74800000,0x000000bd74900000)]
  0x000001e67dac5800 JavaThread "jar transforms Thread 3" [_thread_blocked, id=5688, stack(0x000000bd74900000,0x000000bd74a00000)]
  0x000001e67dac6000 JavaThread "jar transforms Thread 4" [_thread_blocked, id=14492, stack(0x000000bd74a00000,0x000000bd74b00000)]
  0x000001e67f23b000 JavaThread "Cache worker for file content cache (C:\Users\Microsoft\.gradle\caches\7.5\fileContent)" [_thread_blocked, id=15124, stack(0x000000bd74d00000,0x000000bd74e00000)]
  0x000001e67f23c000 JavaThread "Cache worker for execution history cache (C:\Users\Microsoft\.gradle\caches\7.5\executionHistory)" [_thread_blocked, id=18420, stack(0x000000bd74f00000,0x000000bd75000000)]
  0x000001e67dbc1000 JavaThread "Memory manager" [_thread_blocked, id=13108, stack(0x000000bd77b00000,0x000000bd77c00000)]
  0x000001e67dbc2000 JavaThread "pool-3-thread-1" [_thread_blocked, id=3312, stack(0x000000bd77e00000,0x000000bd77f00000)]
  0x000001e611f51800 JavaThread "pool-6-thread-1" [_thread_blocked, id=20668, stack(0x000000bd77a00000,0x000000bd77b00000)]
  0x000001e611f4e000 JavaThread "Daemon Thread 4" [_thread_blocked, id=10380, stack(0x000000bd72100000,0x000000bd72200000)]
  0x000001e611f4b000 JavaThread "Handler for socket connection from /127.0.0.1:56722 to /127.0.0.1:57286" [_thread_in_native, id=2028, stack(0x000000bd72200000,0x000000bd72300000)]
  0x000001e611f4f000 JavaThread "Cancel handler" [_thread_blocked, id=18412, stack(0x000000bd73a00000,0x000000bd73b00000)]
  0x000001e611f4c000 JavaThread "Daemon worker Thread 3" [_thread_blocked, id=8432, stack(0x000000bd73b00000,0x000000bd73c00000)]
  0x000001e611f50800 JavaThread "Asynchronous log dispatcher for DefaultDaemonConnection: socket connection from /127.0.0.1:56722 to /127.0.0.1:57286" [_thread_blocked, id=20212, stack(0x000000bd73c00000,0x000000bd73d00000)]
  0x000001e611f50000 JavaThread "Stdin handler" [_thread_blocked, id=8320, stack(0x000000bd73d00000,0x000000bd73e00000)]
  0x000001e611f52800 JavaThread "Daemon client event forwarder" [_thread_blocked, id=16040, stack(0x000000bd73e00000,0x000000bd73f00000)]
  0x000001e611f4d800 JavaThread "Cache worker for checksums cache (F:\AndroidProjectsSSD\ToDoList\.gradle\7.5\checksums)" [_thread_blocked, id=14816, stack(0x000000bd73f00000,0x000000bd74000000)]
  0x000001e611f4c800 JavaThread "Cache worker for cache directory md-rule (C:\Users\Microsoft\.gradle\caches\7.5\md-rule)" [_thread_blocked, id=132, stack(0x000000bd74000000,0x000000bd74100000)]
  0x000001e611f55000 JavaThread "Cache worker for file hash cache (F:\AndroidProjectsSSD\ToDoList\.gradle\7.5\fileHashes)" [_thread_blocked, id=10428, stack(0x000000bd74400000,0x000000bd74500000)]
  0x000001e611f55800 JavaThread "Cache worker for cache directory md-supplier (C:\Users\Microsoft\.gradle\caches\7.5\md-supplier)" [_thread_blocked, id=19704, stack(0x000000bd74c00000,0x000000bd74d00000)]
  0x000001e611f56800 JavaThread "Cache worker for dependencies-accessors (F:\AndroidProjectsSSD\ToDoList\.gradle\7.5\dependencies-accessors)" [_thread_blocked, id=17428, stack(0x000000bd74e00000,0x000000bd74f00000)]
  0x000001e611f57000 JavaThread "Cache worker for Build Output Cleanup Cache (F:\AndroidProjectsSSD\ToDoList\.gradle\buildOutputCleanup)" [_thread_blocked, id=19812, stack(0x000000bd75000000,0x000000bd75100000)]
  0x000001e611f58000 JavaThread "Unconstrained build operations" [_thread_blocked, id=10612, stack(0x000000bd75100000,0x000000bd75200000)]
  0x000001e611f59000 JavaThread "Unconstrained build operations Thread 2" [_thread_blocked, id=2772, stack(0x000000bd75200000,0x000000bd75300000)]
  0x000001e611f53000 JavaThread "Unconstrained build operations Thread 3" [_thread_blocked, id=17932, stack(0x000000bd75300000,0x000000bd75400000)]
  0x000001e611f59800 JavaThread "Unconstrained build operations Thread 4" [_thread_in_native, id=13964, stack(0x000000bd75400000,0x000000bd75500000)]
  0x000001e611f54000 JavaThread "Unconstrained build operations Thread 5" [_thread_blocked, id=13284, stack(0x000000bd75500000,0x000000bd75600000)]
  0x000001e67dbb8000 JavaThread "Unconstrained build operations Thread 6" [_thread_blocked, id=13236, stack(0x000000bd75600000,0x000000bd75700000)]
  0x000001e67dbba800 JavaThread "Unconstrained build operations Thread 7" [_thread_blocked, id=4664, stack(0x000000bd75700000,0x000000bd75800000)]
  0x000001e67dbb5000 JavaThread "Unconstrained build operations Thread 8" [_thread_blocked, id=17736, stack(0x000000bd75800000,0x000000bd75900000)]
  0x000001e67dbbb800 JavaThread "Unconstrained build operations Thread 9" [_thread_blocked, id=20972, stack(0x000000bd75900000,0x000000bd75a00000)]
  0x000001e67dbb6800 JavaThread "Unconstrained build operations Thread 10" [_thread_blocked, id=11884, stack(0x000000bd75a00000,0x000000bd75b00000)]
  0x000001e67dbb6000 JavaThread "Unconstrained build operations Thread 11" [_thread_blocked, id=20100, stack(0x000000bd75b00000,0x000000bd75c00000)]
  0x000001e67dbb7800 JavaThread "Unconstrained build operations Thread 12" [_thread_blocked, id=10992, stack(0x000000bd75c00000,0x000000bd75d00000)]
  0x000001e67dbbd000 JavaThread "Unconstrained build operations Thread 13" [_thread_blocked, id=552, stack(0x000000bd75d00000,0x000000bd75e00000)]
  0x000001e67dbbe000 JavaThread "Unconstrained build operations Thread 14" [_thread_blocked, id=12028, stack(0x000000bd75e00000,0x000000bd75f00000)]
  0x000001e67dbbe800 JavaThread "Unconstrained build operations Thread 15" [_thread_blocked, id=15852, stack(0x000000bd75f00000,0x000000bd76000000)]
  0x000001e67dbb9000 JavaThread "Unconstrained build operations Thread 16" [_thread_blocked, id=17372, stack(0x000000bd76000000,0x000000bd76100000)]
  0x000001e67dbbc800 JavaThread "Unconstrained build operations Thread 17" [_thread_in_Java, id=1036, stack(0x000000bd76100000,0x000000bd76200000)]
  0x000001e67dbbf800 JavaThread "Unconstrained build operations Thread 18" [_thread_blocked, id=22448, stack(0x000000bd76200000,0x000000bd76300000)]
  0x000001e67dbba000 JavaThread "Unconstrained build operations Thread 19" [_thread_blocked, id=13536, stack(0x000000bd76300000,0x000000bd76400000)]
  0x000001e67dbc0800 JavaThread "Unconstrained build operations Thread 20" [_thread_blocked, id=9360, stack(0x000000bd76400000,0x000000bd76500000)]
  0x000001e67dbc3800 JavaThread "Unconstrained build operations Thread 21" [_thread_blocked, id=22088, stack(0x000000bd76500000,0x000000bd76600000)]
  0x000001e67dbc3000 JavaThread "Unconstrained build operations Thread 22" [_thread_blocked, id=10604, stack(0x000000bd76600000,0x000000bd76700000)]
  0x000001e67f238000 JavaThread "Unconstrained build operations Thread 23" [_thread_blocked, id=18660, stack(0x000000bd76700000,0x000000bd76800000)]
  0x000001e67f23a800 JavaThread "Unconstrained build operations Thread 24" [_thread_blocked, id=9124, stack(0x000000bd76800000,0x000000bd76900000)]
  0x000001e67f23d800 JavaThread "Unconstrained build operations Thread 25" [_thread_in_native, id=6200, stack(0x000000bd76900000,0x000000bd76a00000)]
  0x000001e67f23e800 JavaThread "Unconstrained build operations Thread 26" [_thread_blocked, id=6788, stack(0x000000bd76a00000,0x000000bd76b00000)]
  0x000001e67f238800 JavaThread "Unconstrained build operations Thread 27" [_thread_in_Java, id=19088, stack(0x000000bd76b00000,0x000000bd76c00000)]
  0x000001e67f23f000 JavaThread "Unconstrained build operations Thread 28" [_thread_blocked, id=19996, stack(0x000000bd76c00000,0x000000bd76d00000)]
  0x000001e67f239800 JavaThread "Unconstrained build operations Thread 29" [_thread_blocked, id=16968, stack(0x000000bd76d00000,0x000000bd76e00000)]
  0x000001e67f243800 JavaThread "Unconstrained build operations Thread 30" [_thread_blocked, id=17108, stack(0x000000bd76e00000,0x000000bd76f00000)]
  0x000001e67f245000 JavaThread "Unconstrained build operations Thread 31" [_thread_blocked, id=2352, stack(0x000000bd76f00000,0x000000bd77000000)]
  0x000001e67f242800 JavaThread "Unconstrained build operations Thread 32" [_thread_blocked, id=16000, stack(0x000000bd77000000,0x000000bd77100000)]
  0x000001e67f241800 JavaThread "Unconstrained build operations Thread 33" [_thread_blocked, id=15052, stack(0x000000bd77100000,0x000000bd77200000)]
  0x000001e67f244000 JavaThread "Unconstrained build operations Thread 34" [_thread_blocked, id=14072, stack(0x000000bd77200000,0x000000bd77300000)]
  0x000001e67f245800 JavaThread "Unconstrained build operations Thread 35" [_thread_blocked, id=16676, stack(0x000000bd77300000,0x000000bd77400000)]
  0x000001e67f241000 JavaThread "Unconstrained build operations Thread 36" [_thread_blocked, id=4100, stack(0x000000bd77400000,0x000000bd77500000)]
  0x000001e67f240000 JavaThread "Unconstrained build operations Thread 37" [_thread_blocked, id=15672, stack(0x000000bd77500000,0x000000bd77600000)]
  0x000001e61487a000 JavaThread "Unconstrained build operations Thread 38" [_thread_blocked, id=1144, stack(0x000000bd77600000,0x000000bd77700000)]
  0x000001e614877000 JavaThread "Unconstrained build operations Thread 39" [_thread_blocked, id=14108, stack(0x000000bd77700000,0x000000bd77800000)]
  0x000001e614878800 JavaThread "Unconstrained build operations Thread 40" [_thread_blocked, id=2412, stack(0x000000bd77800000,0x000000bd77900000)]
  0x000001e614877800 JavaThread "build event listener" [_thread_blocked, id=19808, stack(0x000000bd77900000,0x000000bd77a00000)]
  0x000001e614874800 JavaThread "pool-9-thread-1" [_thread_blocked, id=7924, stack(0x000000bd77c00000,0x000000bd77d00000)]
  0x000001e614879800 JavaThread "build event listener" [_thread_blocked, id=5140, stack(0x000000bd77d00000,0x000000bd77e00000)]
  0x000001e61487b000 JavaThread "included builds" [_thread_blocked, id=80, stack(0x000000bd77f00000,0x000000bd78000000)]
  0x000001e614875000 JavaThread "Execution worker" [_thread_blocked, id=22420, stack(0x000000bd78000000,0x000000bd78100000)]
  0x000001e61487c000 JavaThread "Execution worker Thread 2" [_thread_blocked, id=9424, stack(0x000000bd78100000,0x000000bd78200000)]
  0x000001e614876000 JavaThread "Execution worker Thread 3" [_thread_blocked, id=732, stack(0x000000bd78200000,0x000000bd78300000)]
  0x000001e614882800 JavaThread "Cache worker for execution history cache (F:\AndroidProjectsSSD\ToDoList\.gradle\7.5\executionHistory)" [_thread_blocked, id=10444, stack(0x000000bd78300000,0x000000bd78400000)]
  0x000001e614880000 JavaThread "WorkerExecutor Queue" [_thread_blocked, id=11692, stack(0x000000bd78400000,0x000000bd78500000)]
  0x000001e61487f000 JavaThread "WorkerExecutor Queue Thread 2" [_thread_blocked, id=5992, stack(0x000000bd78500000,0x000000bd78600000)]
  0x000001e61487e000 JavaThread "WorkerExecutor Queue Thread 3" [_thread_blocked, id=15268, stack(0x000000bd78600000,0x000000bd78700000)]
  0x000001e614880800 JavaThread "WorkerExecutor Queue Thread 4" [_thread_blocked, id=22320, stack(0x000000bd78700000,0x000000bd78800000)]
  0x000001e612667800 JavaThread "C2 CompilerThread1" daemon [_thread_in_native, id=776, stack(0x000000bd74b00000,0x000000bd74c00000)]

Other Threads:
  0x000001e67afc1000 VMThread "VM Thread" [stack: 0x000000bd72900000,0x000000bd72a00000] [id=18348]
  0x000001e67b9b7000 WatcherThread [stack: 0x000000bd73300000,0x000000bd73400000] [id=17616]
  0x000001e670396000 GCTaskThread "GC Thread#0" [stack: 0x000000bd72400000,0x000000bd72500000] [id=11712]
  0x000001e67bb73800 GCTaskThread "GC Thread#1" [stack: 0x000000bd73400000,0x000000bd73500000] [id=18108]
  0x000001e67c399800 GCTaskThread "GC Thread#2" [stack: 0x000000bd73500000,0x000000bd73600000] [id=7884]
  0x000001e67c39a800 GCTaskThread "GC Thread#3" [stack: 0x000000bd73600000,0x000000bd73700000] [id=16812]
  0x000001e6703c7000 ConcurrentGCThread "G1 Main Marker" [stack: 0x000000bd72500000,0x000000bd72600000] [id=14476]
  0x000001e6703c9800 ConcurrentGCThread "G1 Conc#0" [stack: 0x000000bd72600000,0x000000bd72700000] [id=14488]
  0x000001e67ae14800 ConcurrentGCThread "G1 Refine#0" [stack: 0x000000bd72700000,0x000000bd72800000] [id=9516]
  0x000001e67044e800 ConcurrentGCThread "G1 Young RemSet Sampling" [stack: 0x000000bd72800000,0x000000bd72900000] [id=4104]

Threads with active compile tasks:
C2 CompilerThread0   387603 26186 %     4       com.android.tools.r8.internal.Ab::a @ 80 (6176 bytes)
C2 CompilerThread1   387603 26152       4       com.android.tools.r8.internal.jO::a (447 bytes)

VM state:not at safepoint (normal execution)

VM Mutex/Monitor currently owned by a thread: None

Heap address: 0x0000000080000000, size: 2048 MB, Compressed Oops mode: 32-bit
Narrow klass base: 0x0000000000000000, Narrow klass shift: 3
Compressed class space size: 1073741824 Address: 0x0000000100000000

Heap:
 garbage-first heap   total 358400K, used 275280K [0x0000000080000000, 0x0000000100000000)
  region size 1024K, 15 young (15360K), 3 survivors (3072K)
 Metaspace       used 160764K, capacity 165789K, committed 166864K, reserved 1193984K
  class space    used 19820K, capacity 21639K, committed 22144K, reserved 1048576K
Heap Regions: E=young(eden), S=young(survivor), O=old, HS=humongous(starts), HC=humongous(continues), CS=collection set, F=free, A=archive, TAMS=top-at-mark-start (previous, next)
|   0|0x0000000080000000, 0x0000000080100000, 0x0000000080100000|100%|HS|  |TAMS 0x0000000080100000, 0x0000000080000000| Complete 
|   1|0x0000000080100000, 0x0000000080200000, 0x0000000080200000|100%|HC|  |TAMS 0x0000000080200000, 0x0000000080100000| Complete 
|   2|0x0000000080200000, 0x0000000080300000, 0x0000000080300000|100%|HC|  |TAMS 0x0000000080300000, 0x0000000080200000| Complete 
|   3|0x0000000080300000, 0x0000000080400000, 0x0000000080400000|100%| O|  |TAMS 0x0000000080400000, 0x0000000080300000| Untracked 
|   4|0x0000000080400000, 0x0000000080500000, 0x0000000080500000|100%| O|  |TAMS 0x0000000080500000, 0x0000000080400000| Untracked 
|   5|0x0000000080500000, 0x0000000080600000, 0x0000000080600000|100%| O|  |TAMS 0x0000000080600000, 0x0000000080500000| Untracked 
|   6|0x0000000080600000, 0x0000000080700000, 0x0000000080700000|100%| O|  |TAMS 0x0000000080700000, 0x0000000080600000| Untracked 
|   7|0x0000000080700000, 0x0000000080800000, 0x0000000080800000|100%| O|  |TAMS 0x0000000080800000, 0x0000000080700000| Complete 
|   8|0x0000000080800000, 0x0000000080900000, 0x0000000080900000|100%| O|  |TAMS 0x0000000080900000, 0x0000000080800000| Complete 
|   9|0x0000000080900000, 0x0000000080a00000, 0x0000000080a00000|100%| O|  |TAMS 0x0000000080a00000, 0x0000000080900000| Untracked 
|  10|0x0000000080a00000, 0x0000000080b00000, 0x0000000080b00000|100%| O|  |TAMS 0x0000000080b00000, 0x0000000080a00000| Complete 
|  11|0x0000000080b00000, 0x0000000080c00000, 0x0000000080c00000|100%| O|  |TAMS 0x0000000080c00000, 0x0000000080b00000| Untracked 
|  12|0x0000000080c00000, 0x0000000080d00000, 0x0000000080d00000|100%| O|  |TAMS 0x0000000080d00000, 0x0000000080c00000| Untracked 
|  13|0x0000000080d00000, 0x0000000080e00000, 0x0000000080e00000|100%| O|  |TAMS 0x0000000080e00000, 0x0000000080d00000| Untracked 
|  14|0x0000000080e00000, 0x0000000080f00000, 0x0000000080f00000|100%|HS|  |TAMS 0x0000000080f00000, 0x0000000080e00000| Complete 
|  15|0x0000000080f00000, 0x0000000081000000, 0x0000000081000000|100%|HC|  |TAMS 0x0000000081000000, 0x0000000080f00000| Complete 
|  16|0x0000000081000000, 0x0000000081100000, 0x0000000081100000|100%|HS|  |TAMS 0x0000000081100000, 0x0000000081000000| Complete 
|  17|0x0000000081100000, 0x0000000081200000, 0x0000000081200000|100%|HC|  |TAMS 0x0000000081200000, 0x0000000081100000| Complete 
|  18|0x0000000081200000, 0x0000000081300000, 0x0000000081300000|100%|HC|  |TAMS 0x0000000081300000, 0x0000000081200000| Complete 
|  19|0x0000000081300000, 0x0000000081400000, 0x0000000081400000|100%|HS|  |TAMS 0x0000000081400000, 0x0000000081300000| Complete 
|  20|0x0000000081400000, 0x0000000081500000, 0x0000000081500000|100%|HC|  |TAMS 0x0000000081500000, 0x0000000081400000| Complete 
|  21|0x0000000081500000, 0x0000000081600000, 0x0000000081600000|100%|HC|  |TAMS 0x0000000081600000, 0x0000000081500000| Complete 
|  22|0x0000000081600000, 0x0000000081700000, 0x0000000081700000|100%|HS|  |TAMS 0x0000000081700000, 0x0000000081600000| Complete 
|  23|0x0000000081700000, 0x0000000081800000, 0x0000000081800000|100%|HC|  |TAMS 0x0000000081800000, 0x0000000081700000| Complete 
|  24|0x0000000081800000, 0x0000000081900000, 0x0000000081900000|100%|HS|  |TAMS 0x0000000081900000, 0x0000000081800000| Complete 
|  25|0x0000000081900000, 0x0000000081a00000, 0x0000000081a00000|100%|HC|  |TAMS 0x0000000081a00000, 0x0000000081900000| Complete 
|  26|0x0000000081a00000, 0x0000000081b00000, 0x0000000081b00000|100%|HC|  |TAMS 0x0000000081b00000, 0x0000000081a00000| Complete 
|  27|0x0000000081b00000, 0x0000000081c00000, 0x0000000081c00000|100%|HC|  |TAMS 0x0000000081c00000, 0x0000000081b00000| Complete 
|  28|0x0000000081c00000, 0x0000000081d00000, 0x0000000081d00000|100%|HC|  |TAMS 0x0000000081d00000, 0x0000000081c00000| Complete 
|  29|0x0000000081d00000, 0x0000000081e00000, 0x0000000081e00000|100%|HC|  |TAMS 0x0000000081e00000, 0x0000000081d00000| Complete 
|  30|0x0000000081e00000, 0x0000000081f00000, 0x0000000081f00000|100%|HC|  |TAMS 0x0000000081f00000, 0x0000000081e00000| Complete 
|  31|0x0000000081f00000, 0x0000000082000000, 0x0000000082000000|100%|HC|  |TAMS 0x0000000082000000, 0x0000000081f00000| Complete 
|  32|0x0000000082000000, 0x0000000082100000, 0x0000000082100000|100%|HC|  |TAMS 0x0000000082100000, 0x0000000082000000| Complete 
|  33|0x0000000082100000, 0x0000000082200000, 0x0000000082200000|100%|HC|  |TAMS 0x0000000082200000, 0x0000000082100000| Complete 
|  34|0x0000000082200000, 0x0000000082300000, 0x0000000082300000|100%|HS|  |TAMS 0x0000000082300000, 0x0000000082200000| Complete 
|  35|0x0000000082300000, 0x0000000082400000, 0x0000000082400000|100%|HC|  |TAMS 0x0000000082400000, 0x0000000082300000| Complete 
|  36|0x0000000082400000, 0x0000000082500000, 0x0000000082500000|100%|HS|  |TAMS 0x0000000082500000, 0x0000000082400000| Complete 
|  37|0x0000000082500000, 0x0000000082600000, 0x0000000082600000|100%|HC|  |TAMS 0x0000000082600000, 0x0000000082500000| Complete 
|  38|0x0000000082600000, 0x0000000082700000, 0x0000000082700000|100%|HC|  |TAMS 0x0000000082700000, 0x0000000082600000| Complete 
|  39|0x0000000082700000, 0x0000000082800000, 0x0000000082800000|100%|HC|  |TAMS 0x0000000082800000, 0x0000000082700000| Complete 
|  40|0x0000000082800000, 0x0000000082900000, 0x0000000082900000|100%|HC|  |TAMS 0x0000000082900000, 0x0000000082800000| Complete 
|  41|0x0000000082900000, 0x0000000082a00000, 0x0000000082a00000|100%| O|  |TAMS 0x0000000082a00000, 0x0000000082900000| Untracked 
|  42|0x0000000082a00000, 0x0000000082b00000, 0x0000000082b00000|100%| O|  |TAMS 0x0000000082b00000, 0x0000000082a00000| Untracked 
|  43|0x0000000082b00000, 0x0000000082c00000, 0x0000000082c00000|100%| O|  |TAMS 0x0000000082c00000, 0x0000000082b00000| Untracked 
|  44|0x0000000082c00000, 0x0000000082d00000, 0x0000000082d00000|100%| O|  |TAMS 0x0000000082d00000, 0x0000000082c00000| Complete 
|  45|0x0000000082d00000, 0x0000000082e00000, 0x0000000082e00000|100%| O|  |TAMS 0x0000000082e00000, 0x0000000082d00000| Complete 
|  46|0x0000000082e00000, 0x0000000082f00000, 0x0000000082f00000|100%| O|  |TAMS 0x0000000082f00000, 0x0000000082e00000| Complete 
|  47|0x0000000082f00000, 0x0000000083000000, 0x0000000083000000|100%| O|  |TAMS 0x0000000083000000, 0x0000000082f00000| Complete 
|  48|0x0000000083000000, 0x0000000083100000, 0x0000000083100000|100%| O|  |TAMS 0x0000000083100000, 0x0000000083000000| Complete 
|  49|0x0000000083100000, 0x0000000083200000, 0x0000000083200000|100%| O|  |TAMS 0x0000000083200000, 0x0000000083100000| Untracked 
|  50|0x0000000083200000, 0x0000000083300000, 0x0000000083300000|100%| O|  |TAMS 0x0000000083300000, 0x0000000083200000| Complete 
|  51|0x0000000083300000, 0x0000000083400000, 0x0000000083400000|100%| O|  |TAMS 0x0000000083400000, 0x0000000083300000| Untracked 
|  52|0x0000000083400000, 0x0000000083500000, 0x0000000083500000|100%| O|  |TAMS 0x0000000083500000, 0x0000000083400000| Complete 
|  53|0x0000000083500000, 0x0000000083600000, 0x0000000083600000|100%| O|  |TAMS 0x0000000083600000, 0x0000000083500000| Complete 
|  54|0x0000000083600000, 0x0000000083700000, 0x0000000083700000|100%|HS|  |TAMS 0x0000000083700000, 0x0000000083600000| Complete 
|  55|0x0000000083700000, 0x0000000083800000, 0x0000000083800000|100%|HC|  |TAMS 0x0000000083800000, 0x0000000083700000| Complete 
|  56|0x0000000083800000, 0x0000000083900000, 0x0000000083900000|100%|HC|  |TAMS 0x0000000083900000, 0x0000000083800000| Complete 
|  57|0x0000000083900000, 0x0000000083a00000, 0x0000000083a00000|100%|HC|  |TAMS 0x0000000083a00000, 0x0000000083900000| Complete 
|  58|0x0000000083a00000, 0x0000000083b00000, 0x0000000083b00000|100%|HC|  |TAMS 0x0000000083b00000, 0x0000000083a00000| Complete 
|  59|0x0000000083b00000, 0x0000000083c00000, 0x0000000083c00000|100%|HC|  |TAMS 0x0000000083c00000, 0x0000000083b00000| Complete 
|  60|0x0000000083c00000, 0x0000000083d00000, 0x0000000083d00000|100%|HC|  |TAMS 0x0000000083d00000, 0x0000000083c00000| Complete 
|  61|0x0000000083d00000, 0x0000000083e00000, 0x0000000083e00000|100%|HC|  |TAMS 0x0000000083e00000, 0x0000000083d00000| Complete 
|  62|0x0000000083e00000, 0x0000000083f00000, 0x0000000083f00000|100%|HC|  |TAMS 0x0000000083f00000, 0x0000000083e00000| Complete 
|  63|0x0000000083f00000, 0x0000000084000000, 0x0000000084000000|100%|HC|  |TAMS 0x0000000084000000, 0x0000000083f00000| Complete 
|  64|0x0000000084000000, 0x0000000084100000, 0x0000000084100000|100%|HS|  |TAMS 0x0000000084100000, 0x0000000084000000| Complete 
|  65|0x0000000084100000, 0x0000000084200000, 0x0000000084200000|100%|HC|  |TAMS 0x0000000084200000, 0x0000000084100000| Complete 
|  66|0x0000000084200000, 0x0000000084300000, 0x0000000084300000|100%|HS|  |TAMS 0x0000000084300000, 0x0000000084200000| Complete 
|  67|0x0000000084300000, 0x0000000084400000, 0x0000000084400000|100%|HC|  |TAMS 0x0000000084400000, 0x0000000084300000| Complete 
|  68|0x0000000084400000, 0x0000000084500000, 0x0000000084500000|100%|HC|  |TAMS 0x0000000084500000, 0x0000000084400000| Complete 
|  69|0x0000000084500000, 0x0000000084600000, 0x0000000084600000|100%|HS|  |TAMS 0x0000000084600000, 0x0000000084500000| Complete 
|  70|0x0000000084600000, 0x0000000084700000, 0x0000000084700000|100%|HC|  |TAMS 0x0000000084700000, 0x0000000084600000| Complete 
|  71|0x0000000084700000, 0x0000000084800000, 0x0000000084800000|100%|HS|  |TAMS 0x0000000084800000, 0x0000000084700000| Complete 
|  72|0x0000000084800000, 0x0000000084900000, 0x0000000084900000|100%|HC|  |TAMS 0x0000000084900000, 0x0000000084800000| Complete 
|  73|0x0000000084900000, 0x0000000084a00000, 0x0000000084a00000|100%|HC|  |TAMS 0x0000000084a00000, 0x0000000084900000| Complete 
|  74|0x0000000084a00000, 0x0000000084b00000, 0x0000000084b00000|100%| O|  |TAMS 0x0000000084b00000, 0x0000000084a00000| Complete 
|  75|0x0000000084b00000, 0x0000000084c00000, 0x0000000084c00000|100%| O|  |TAMS 0x0000000084c00000, 0x0000000084b00000| Untracked 
|  76|0x0000000084c00000, 0x0000000084d00000, 0x0000000084d00000|100%| O|  |TAMS 0x0000000084d00000, 0x0000000084c00000| Untracked 
|  77|0x0000000084d00000, 0x0000000084e00000, 0x0000000084e00000|100%| O|  |TAMS 0x0000000084e00000, 0x0000000084d00000| Untracked 
|  78|0x0000000084e00000, 0x0000000084f00000, 0x0000000084f00000|100%| O|  |TAMS 0x0000000084f00000, 0x0000000084e00000| Untracked 
|  79|0x0000000084f00000, 0x0000000085000000, 0x0000000085000000|100%| O|  |TAMS 0x0000000085000000, 0x0000000084f00000| Untracked 
|  80|0x0000000085000000, 0x0000000085100000, 0x0000000085100000|100%| O|  |TAMS 0x0000000085100000, 0x0000000085000000| Untracked 
|  81|0x0000000085100000, 0x0000000085200000, 0x0000000085200000|100%| O|  |TAMS 0x0000000085200000, 0x0000000085100000| Untracked 
|  82|0x0000000085200000, 0x0000000085300000, 0x0000000085300000|100%|HS|  |TAMS 0x0000000085300000, 0x0000000085200000| Complete 
|  83|0x0000000085300000, 0x0000000085400000, 0x0000000085400000|100%|HC|  |TAMS 0x0000000085400000, 0x0000000085300000| Complete 
|  84|0x0000000085400000, 0x0000000085500000, 0x0000000085500000|100%|HC|  |TAMS 0x0000000085500000, 0x0000000085400000| Complete 
|  85|0x0000000085500000, 0x0000000085600000, 0x0000000085600000|100%|HC|  |TAMS 0x0000000085600000, 0x0000000085500000| Complete 
|  86|0x0000000085600000, 0x0000000085700000, 0x0000000085700000|100%|HC|  |TAMS 0x0000000085700000, 0x0000000085600000| Complete 
|  87|0x0000000085700000, 0x0000000085800000, 0x0000000085800000|100%| O|  |TAMS 0x0000000085800000, 0x0000000085700000| Complete 
|  88|0x0000000085800000, 0x0000000085900000, 0x0000000085900000|100%| O|  |TAMS 0x0000000085900000, 0x0000000085800000| Untracked 
|  89|0x0000000085900000, 0x0000000085a00000, 0x0000000085a00000|100%| O|  |TAMS 0x0000000085a00000, 0x0000000085900000| Untracked 
|  90|0x0000000085a00000, 0x0000000085b00000, 0x0000000085b00000|100%| O|  |TAMS 0x0000000085b00000, 0x0000000085a00000| Untracked 
|  91|0x0000000085b00000, 0x0000000085c00000, 0x0000000085c00000|100%| O|  |TAMS 0x0000000085c00000, 0x0000000085b00000| Complete 
|  92|0x0000000085c00000, 0x0000000085d00000, 0x0000000085d00000|100%| O|  |TAMS 0x0000000085d00000, 0x0000000085c00000| Complete 
|  93|0x0000000085d00000, 0x0000000085e00000, 0x0000000085e00000|100%| O|  |TAMS 0x0000000085e00000, 0x0000000085d00000| Untracked 
|  94|0x0000000085e00000, 0x0000000085f00000, 0x0000000085f00000|100%| O|  |TAMS 0x0000000085f00000, 0x0000000085e00000| Complete 
|  95|0x0000000085f00000, 0x0000000086000000, 0x0000000086000000|100%| O|  |TAMS 0x0000000086000000, 0x0000000085f00000| Untracked 
|  96|0x0000000086000000, 0x0000000086100000, 0x0000000086100000|100%| O|  |TAMS 0x0000000086100000, 0x0000000086000000| Complete 
|  97|0x0000000086100000, 0x0000000086200000, 0x0000000086200000|100%| O|  |TAMS 0x0000000086200000, 0x0000000086100000| Complete 
|  98|0x0000000086200000, 0x0000000086300000, 0x0000000086300000|100%| O|  |TAMS 0x0000000086300000, 0x0000000086200000| Complete 
|  99|0x0000000086300000, 0x0000000086400000, 0x0000000086400000|100%| O|  |TAMS 0x0000000086400000, 0x0000000086300000| Complete 
| 100|0x0000000086400000, 0x0000000086500000, 0x0000000086500000|100%| O|  |TAMS 0x0000000086500000, 0x0000000086400000| Complete 
| 101|0x0000000086500000, 0x0000000086600000, 0x0000000086600000|100%|HS|  |TAMS 0x0000000086600000, 0x0000000086500000| Complete 
| 102|0x0000000086600000, 0x0000000086700000, 0x0000000086700000|100%|HS|  |TAMS 0x0000000086700000, 0x0000000086600000| Complete 
| 103|0x0000000086700000, 0x0000000086800000, 0x0000000086800000|100%|HC|  |TAMS 0x0000000086800000, 0x0000000086700000| Complete 
| 104|0x0000000086800000, 0x0000000086900000, 0x0000000086900000|100%|HS|  |TAMS 0x0000000086900000, 0x0000000086800000| Complete 
| 105|0x0000000086900000, 0x0000000086a00000, 0x0000000086a00000|100%|HS|  |TAMS 0x0000000086a00000, 0x0000000086900000| Complete 
| 106|0x0000000086a00000, 0x0000000086b00000, 0x0000000086b00000|100%|HC|  |TAMS 0x0000000086b00000, 0x0000000086a00000| Complete 
| 107|0x0000000086b00000, 0x0000000086c00000, 0x0000000086c00000|100%|HC|  |TAMS 0x0000000086c00000, 0x0000000086b00000| Complete 
| 108|0x0000000086c00000, 0x0000000086d00000, 0x0000000086d00000|100%|HC|  |TAMS 0x0000000086d00000, 0x0000000086c00000| Complete 
| 109|0x0000000086d00000, 0x0000000086e00000, 0x0000000086e00000|100%| O|  |TAMS 0x0000000086e00000, 0x0000000086d00000| Untracked 
| 110|0x0000000086e00000, 0x0000000086f00000, 0x0000000086f00000|100%| O|  |TAMS 0x0000000086f00000, 0x0000000086e00000| Untracked 
| 111|0x0000000086f00000, 0x0000000087000000, 0x0000000087000000|100%| O|  |TAMS 0x0000000087000000, 0x0000000086f00000| Untracked 
| 112|0x0000000087000000, 0x0000000087100000, 0x0000000087100000|100%| O|  |TAMS 0x0000000087100000, 0x0000000087000000| Untracked 
| 113|0x0000000087100000, 0x0000000087200000, 0x0000000087200000|100%| O|  |TAMS 0x0000000087200000, 0x0000000087100000| Untracked 
| 114|0x0000000087200000, 0x0000000087300000, 0x0000000087300000|100%| O|  |TAMS 0x0000000087300000, 0x0000000087200000| Untracked 
| 115|0x0000000087300000, 0x0000000087400000, 0x0000000087400000|100%| O|  |TAMS 0x0000000087400000, 0x0000000087300000| Untracked 
| 116|0x0000000087400000, 0x0000000087500000, 0x0000000087500000|100%| O|  |TAMS 0x0000000087500000, 0x0000000087400000| Untracked 
| 117|0x0000000087500000, 0x0000000087600000, 0x0000000087600000|100%| O|  |TAMS 0x0000000087600000, 0x0000000087500000| Untracked 
| 118|0x0000000087600000, 0x0000000087700000, 0x0000000087700000|100%| O|  |TAMS 0x0000000087700000, 0x0000000087600000| Complete 
| 119|0x0000000087700000, 0x0000000087800000, 0x0000000087800000|100%| O|  |TAMS 0x0000000087800000, 0x0000000087700000| Untracked 
| 120|0x0000000087800000, 0x0000000087900000, 0x0000000087900000|100%| O|  |TAMS 0x0000000087900000, 0x0000000087800000| Complete 
| 121|0x0000000087900000, 0x0000000087a00000, 0x0000000087a00000|100%| O|  |TAMS 0x0000000087a00000, 0x0000000087900000| Untracked 
| 122|0x0000000087a00000, 0x0000000087b00000, 0x0000000087b00000|100%| O|  |TAMS 0x0000000087b00000, 0x0000000087a00000| Complete 
| 123|0x0000000087b00000, 0x0000000087c00000, 0x0000000087c00000|100%| O|  |TAMS 0x0000000087c00000, 0x0000000087b00000| Untracked 
| 124|0x0000000087c00000, 0x0000000087d00000, 0x0000000087d00000|100%| O|  |TAMS 0x0000000087d00000, 0x0000000087c00000| Complete 
| 125|0x0000000087d00000, 0x0000000087e00000, 0x0000000087e00000|100%| O|  |TAMS 0x0000000087e00000, 0x0000000087d00000| Untracked 
| 126|0x0000000087e00000, 0x0000000087f00000, 0x0000000087f00000|100%| O|  |TAMS 0x0000000087f00000, 0x0000000087e00000| Untracked 
| 127|0x0000000087f00000, 0x0000000088000000, 0x0000000088000000|100%| O|  |TAMS 0x0000000088000000, 0x0000000087f00000| Untracked 
| 128|0x0000000088000000, 0x0000000088100000, 0x0000000088100000|100%| O|  |TAMS 0x0000000088100000, 0x0000000088000000| Complete 
| 129|0x0000000088100000, 0x0000000088200000, 0x0000000088200000|100%| O|  |TAMS 0x0000000088200000, 0x0000000088100000| Complete 
| 130|0x0000000088200000, 0x0000000088300000, 0x0000000088300000|100%| O|  |TAMS 0x0000000088300000, 0x0000000088200000| Untracked 
| 131|0x0000000088300000, 0x0000000088400000, 0x0000000088400000|100%| O|  |TAMS 0x0000000088400000, 0x0000000088300000| Complete 
| 132|0x0000000088400000, 0x0000000088500000, 0x0000000088500000|100%| O|  |TAMS 0x0000000088500000, 0x0000000088400000| Complete 
| 133|0x0000000088500000, 0x0000000088600000, 0x0000000088600000|100%| O|  |TAMS 0x0000000088600000, 0x0000000088500000| Complete 
| 134|0x0000000088600000, 0x0000000088700000, 0x0000000088700000|100%| O|  |TAMS 0x0000000088700000, 0x0000000088600000| Untracked 
| 135|0x0000000088700000, 0x0000000088800000, 0x0000000088800000|100%|HS|  |TAMS 0x0000000088800000, 0x0000000088700000| Complete 
| 136|0x0000000088800000, 0x0000000088900000, 0x0000000088900000|100%|HC|  |TAMS 0x0000000088900000, 0x0000000088800000| Complete 
| 137|0x0000000088900000, 0x0000000088a00000, 0x0000000088a00000|100%|HS|  |TAMS 0x0000000088a00000, 0x0000000088900000| Complete 
| 138|0x0000000088a00000, 0x0000000088b00000, 0x0000000088b00000|100%|HC|  |TAMS 0x0000000088b00000, 0x0000000088a00000| Complete 
| 139|0x0000000088b00000, 0x0000000088c00000, 0x0000000088c00000|100%|HC|  |TAMS 0x0000000088c00000, 0x0000000088b00000| Complete 
| 140|0x0000000088c00000, 0x0000000088d00000, 0x0000000088d00000|100%|HS|  |TAMS 0x0000000088d00000, 0x0000000088c00000| Complete 
| 141|0x0000000088d00000, 0x0000000088e00000, 0x0000000088e00000|100%|HC|  |TAMS 0x0000000088e00000, 0x0000000088d00000| Complete 
| 142|0x0000000088e00000, 0x0000000088f00000, 0x0000000088f00000|100%|HC|  |TAMS 0x0000000088f00000, 0x0000000088e00000| Complete 
| 143|0x0000000088f00000, 0x0000000089000000, 0x0000000089000000|100%|HS|  |TAMS 0x0000000089000000, 0x0000000088f00000| Complete 
| 144|0x0000000089000000, 0x0000000089100000, 0x0000000089100000|100%|HC|  |TAMS 0x0000000089100000, 0x0000000089000000| Complete 
| 145|0x0000000089100000, 0x0000000089200000, 0x0000000089200000|100%|HS|  |TAMS 0x0000000089200000, 0x0000000089100000| Complete 
| 146|0x0000000089200000, 0x0000000089300000, 0x0000000089300000|100%|HC|  |TAMS 0x0000000089300000, 0x0000000089200000| Complete 
| 147|0x0000000089300000, 0x0000000089400000, 0x0000000089400000|100%|HC|  |TAMS 0x0000000089400000, 0x0000000089300000| Complete 
| 148|0x0000000089400000, 0x0000000089500000, 0x0000000089500000|100%|HC|  |TAMS 0x0000000089500000, 0x0000000089400000| Complete 
| 149|0x0000000089500000, 0x0000000089600000, 0x0000000089600000|100%|HC|  |TAMS 0x0000000089600000, 0x0000000089500000| Complete 
| 150|0x0000000089600000, 0x0000000089700000, 0x0000000089700000|100%|HC|  |TAMS 0x0000000089700000, 0x0000000089600000| Complete 
| 151|0x0000000089700000, 0x0000000089800000, 0x0000000089800000|100%|HC|  |TAMS 0x0000000089800000, 0x0000000089700000| Complete 
| 152|0x0000000089800000, 0x0000000089900000, 0x0000000089900000|100%|HC|  |TAMS 0x0000000089900000, 0x0000000089800000| Complete 
| 153|0x0000000089900000, 0x0000000089a00000, 0x0000000089a00000|100%|HC|  |TAMS 0x0000000089a00000, 0x0000000089900000| Complete 
| 154|0x0000000089a00000, 0x0000000089b00000, 0x0000000089b00000|100%|HC|  |TAMS 0x0000000089b00000, 0x0000000089a00000| Complete 
| 155|0x0000000089b00000, 0x0000000089c00000, 0x0000000089c00000|100%| O|  |TAMS 0x0000000089c00000, 0x0000000089b00000| Untracked 
| 156|0x0000000089c00000, 0x0000000089d00000, 0x0000000089d00000|100%| O|  |TAMS 0x0000000089d00000, 0x0000000089c00000| Complete 
| 157|0x0000000089d00000, 0x0000000089e00000, 0x0000000089e00000|100%|HS|  |TAMS 0x0000000089e00000, 0x0000000089d00000| Complete 
| 158|0x0000000089e00000, 0x0000000089f00000, 0x0000000089f00000|100%|HC|  |TAMS 0x0000000089f00000, 0x0000000089e00000| Complete 
| 159|0x0000000089f00000, 0x000000008a000000, 0x000000008a000000|100%| O|  |TAMS 0x000000008a000000, 0x0000000089f00000| Untracked 
| 160|0x000000008a000000, 0x000000008a100000, 0x000000008a100000|100%| O|  |TAMS 0x000000008a100000, 0x000000008a000000| Untracked 
| 161|0x000000008a100000, 0x000000008a200000, 0x000000008a200000|100%| O|  |TAMS 0x000000008a200000, 0x000000008a100000| Untracked 
| 162|0x000000008a200000, 0x000000008a300000, 0x000000008a300000|100%| O|  |TAMS 0x000000008a300000, 0x000000008a200000| Untracked 
| 163|0x000000008a300000, 0x000000008a400000, 0x000000008a400000|100%| O|  |TAMS 0x000000008a400000, 0x000000008a300000| Untracked 
| 164|0x000000008a400000, 0x000000008a500000, 0x000000008a500000|100%|HS|  |TAMS 0x000000008a500000, 0x000000008a400000| Complete 
| 165|0x000000008a500000, 0x000000008a600000, 0x000000008a600000|100%|HC|  |TAMS 0x000000008a600000, 0x000000008a500000| Complete 
| 166|0x000000008a600000, 0x000000008a700000, 0x000000008a700000|100%|HC|  |TAMS 0x000000008a700000, 0x000000008a600000| Complete 
| 167|0x000000008a700000, 0x000000008a800000, 0x000000008a800000|100%|HC|  |TAMS 0x000000008a800000, 0x000000008a700000| Complete 
| 168|0x000000008a800000, 0x000000008a900000, 0x000000008a900000|100%|HC|  |TAMS 0x000000008a900000, 0x000000008a800000| Complete 
| 169|0x000000008a900000, 0x000000008aa00000, 0x000000008aa00000|100%| O|  |TAMS 0x000000008aa00000, 0x000000008a900000| Complete 
| 170|0x000000008aa00000, 0x000000008ab00000, 0x000000008ab00000|100%| O|  |TAMS 0x000000008ab00000, 0x000000008aa00000| Untracked 
| 171|0x000000008ab00000, 0x000000008ac00000, 0x000000008ac00000|100%| O|  |TAMS 0x000000008ac00000, 0x000000008ab00000| Complete 
| 172|0x000000008ac00000, 0x000000008ad00000, 0x000000008ad00000|100%| O|  |TAMS 0x000000008ad00000, 0x000000008ac00000| Complete 
| 173|0x000000008ad00000, 0x000000008ae00000, 0x000000008ae00000|100%| O|  |TAMS 0x000000008ae00000, 0x000000008ad00000| Complete 
| 174|0x000000008ae00000, 0x000000008ae00000, 0x000000008af00000|  0%| F|  |TAMS 0x000000008ae00000, 0x000000008ae00000| Untracked 
| 175|0x000000008af00000, 0x000000008b000000, 0x000000008b000000|100%| O|  |TAMS 0x000000008b000000, 0x000000008af00000| Complete 
| 176|0x000000008b000000, 0x000000008b100000, 0x000000008b100000|100%| O|  |TAMS 0x000000008b100000, 0x000000008b000000| Complete 
| 177|0x000000008b100000, 0x000000008b200000, 0x000000008b200000|100%| O|  |TAMS 0x000000008b200000, 0x000000008b100000| Untracked 
| 178|0x000000008b200000, 0x000000008b300000, 0x000000008b300000|100%| O|  |TAMS 0x000000008b300000, 0x000000008b200000| Untracked 
| 179|0x000000008b300000, 0x000000008b400000, 0x000000008b400000|100%| O|  |TAMS 0x000000008b400000, 0x000000008b300000| Complete 
| 180|0x000000008b400000, 0x000000008b500000, 0x000000008b500000|100%| O|  |TAMS 0x000000008b500000, 0x000000008b400000| Complete 
| 181|0x000000008b500000, 0x000000008b600000, 0x000000008b600000|100%| O|  |TAMS 0x000000008b600000, 0x000000008b500000| Complete 
| 182|0x000000008b600000, 0x000000008b700000, 0x000000008b700000|100%| O|  |TAMS 0x000000008b700000, 0x000000008b600000| Complete 
| 183|0x000000008b700000, 0x000000008b800000, 0x000000008b800000|100%| O|  |TAMS 0x000000008b800000, 0x000000008b700000| Complete 
| 184|0x000000008b800000, 0x000000008b900000, 0x000000008b900000|100%| O|  |TAMS 0x000000008b900000, 0x000000008b800000| Complete 
| 185|0x000000008b900000, 0x000000008b900000, 0x000000008ba00000|  0%| F|  |TAMS 0x000000008b900000, 0x000000008b900000| Untracked 
| 186|0x000000008ba00000, 0x000000008bb00000, 0x000000008bb00000|100%| O|  |TAMS 0x000000008bb00000, 0x000000008ba00000| Untracked 
| 187|0x000000008bb00000, 0x000000008bc00000, 0x000000008bc00000|100%| O|  |TAMS 0x000000008bc00000, 0x000000008bb00000| Complete 
| 188|0x000000008bc00000, 0x000000008bd00000, 0x000000008bd00000|100%| O|  |TAMS 0x000000008bd00000, 0x000000008bc00000| Complete 
| 189|0x000000008bd00000, 0x000000008be00000, 0x000000008be00000|100%| O|  |TAMS 0x000000008be00000, 0x000000008bd00000| Untracked 
| 190|0x000000008be00000, 0x000000008bf00000, 0x000000008bf00000|100%| O|  |TAMS 0x000000008bf00000, 0x000000008be00000| Untracked 
| 191|0x000000008bf00000, 0x000000008c000000, 0x000000008c000000|100%| O|  |TAMS 0x000000008c000000, 0x000000008bf00000| Untracked 
| 192|0x000000008c000000, 0x000000008c100000, 0x000000008c100000|100%| O|  |TAMS 0x000000008c100000, 0x000000008c000000| Untracked 
| 193|0x000000008c100000, 0x000000008c100000, 0x000000008c200000|  0%| F|  |TAMS 0x000000008c100000, 0x000000008c100000| Untracked 
| 194|0x000000008c200000, 0x000000008c300000, 0x000000008c300000|100%| O|  |TAMS 0x000000008c300000, 0x000000008c200000| Untracked 
| 195|0x000000008c300000, 0x000000008c400000, 0x000000008c400000|100%| O|  |TAMS 0x000000008c400000, 0x000000008c300000| Complete 
| 196|0x000000008c400000, 0x000000008c500000, 0x000000008c500000|100%| O|  |TAMS 0x000000008c500000, 0x000000008c400000| Complete 
| 197|0x000000008c500000, 0x000000008c600000, 0x000000008c600000|100%| O|  |TAMS 0x000000008c600000, 0x000000008c500000| Untracked 
| 198|0x000000008c600000, 0x000000008c700000, 0x000000008c700000|100%| O|  |TAMS 0x000000008c700000, 0x000000008c600000| Complete 
| 199|0x000000008c700000, 0x000000008c800000, 0x000000008c800000|100%| O|  |TAMS 0x000000008c800000, 0x000000008c700000| Complete 
| 200|0x000000008c800000, 0x000000008c900000, 0x000000008c900000|100%| O|  |TAMS 0x000000008c900000, 0x000000008c800000| Complete 
| 201|0x000000008c900000, 0x000000008ca00000, 0x000000008ca00000|100%| O|  |TAMS 0x000000008ca00000, 0x000000008c900000| Untracked 
| 202|0x000000008ca00000, 0x000000008ca00000, 0x000000008cb00000|  0%| F|  |TAMS 0x000000008ca00000, 0x000000008ca00000| Untracked 
| 203|0x000000008cb00000, 0x000000008cc00000, 0x000000008cc00000|100%| O|  |TAMS 0x000000008cc00000, 0x000000008cb00000| Complete 
| 204|0x000000008cc00000, 0x000000008cd00000, 0x000000008cd00000|100%| O|  |TAMS 0x000000008cd00000, 0x000000008cc00000| Complete 
| 205|0x000000008cd00000, 0x000000008ce00000, 0x000000008ce00000|100%| O|  |TAMS 0x000000008ce00000, 0x000000008cd00000| Complete 
| 206|0x000000008ce00000, 0x000000008cf00000, 0x000000008cf00000|100%| O|  |TAMS 0x000000008cf00000, 0x000000008ce00000| Untracked 
| 207|0x000000008cf00000, 0x000000008d000000, 0x000000008d000000|100%| O|  |TAMS 0x000000008d000000, 0x000000008cf00000| Complete 
| 208|0x000000008d000000, 0x000000008d100000, 0x000000008d100000|100%| O|  |TAMS 0x000000008d100000, 0x000000008d000000| Complete 
| 209|0x000000008d100000, 0x000000008d200000, 0x000000008d200000|100%| O|  |TAMS 0x000000008d200000, 0x000000008d100000| Untracked 
| 210|0x000000008d200000, 0x000000008d300000, 0x000000008d300000|100%| O|  |TAMS 0x000000008d300000, 0x000000008d200000| Untracked 
| 211|0x000000008d300000, 0x000000008d400000, 0x000000008d400000|100%| O|  |TAMS 0x000000008d400000, 0x000000008d300000| Untracked 
| 212|0x000000008d400000, 0x000000008d500000, 0x000000008d500000|100%| O|  |TAMS 0x000000008d500000, 0x000000008d400000| Untracked 
| 213|0x000000008d500000, 0x000000008d500000, 0x000000008d600000|  0%| F|  |TAMS 0x000000008d500000, 0x000000008d500000| Untracked 
| 214|0x000000008d600000, 0x000000008d700000, 0x000000008d700000|100%| O|  |TAMS 0x000000008d700000, 0x000000008d600000| Untracked 
| 215|0x000000008d700000, 0x000000008d800000, 0x000000008d800000|100%| O|  |TAMS 0x000000008d800000, 0x000000008d700000| Untracked 
| 216|0x000000008d800000, 0x000000008d900000, 0x000000008d900000|100%| O|  |TAMS 0x000000008d900000, 0x000000008d800000| Complete 
| 217|0x000000008d900000, 0x000000008da00000, 0x000000008da00000|100%| O|  |TAMS 0x000000008da00000, 0x000000008d900000| Complete 
| 218|0x000000008da00000, 0x000000008db00000, 0x000000008db00000|100%| O|  |TAMS 0x000000008db00000, 0x000000008da00000| Untracked 
| 219|0x000000008db00000, 0x000000008dc00000, 0x000000008dc00000|100%| O|  |TAMS 0x000000008dc00000, 0x000000008db00000| Untracked 
| 220|0x000000008dc00000, 0x000000008dc00000, 0x000000008dd00000|  0%| F|  |TAMS 0x000000008dc00000, 0x000000008dc00000| Untracked 
| 221|0x000000008dd00000, 0x000000008de00000, 0x000000008de00000|100%| O|  |TAMS 0x000000008de00000, 0x000000008dd00000| Untracked 
| 222|0x000000008de00000, 0x000000008df00000, 0x000000008df00000|100%| O|  |TAMS 0x000000008df00000, 0x000000008de00000| Complete 
| 223|0x000000008df00000, 0x000000008e000000, 0x000000008e000000|100%| O|  |TAMS 0x000000008e000000, 0x000000008df00000| Untracked 
| 224|0x000000008e000000, 0x000000008e100000, 0x000000008e100000|100%| O|  |TAMS 0x000000008e100000, 0x000000008e000000| Complete 
| 225|0x000000008e100000, 0x000000008e200000, 0x000000008e200000|100%| O|  |TAMS 0x000000008e200000, 0x000000008e100000| Untracked 
| 226|0x000000008e200000, 0x000000008e300000, 0x000000008e300000|100%| O|  |TAMS 0x000000008e300000, 0x000000008e200000| Untracked 
| 227|0x000000008e300000, 0x000000008e400000, 0x000000008e400000|100%| O|  |TAMS 0x000000008e400000, 0x000000008e300000| Untracked 
| 228|0x000000008e400000, 0x000000008e500000, 0x000000008e500000|100%| O|  |TAMS 0x000000008e500000, 0x000000008e400000| Untracked 
| 229|0x000000008e500000, 0x000000008e600000, 0x000000008e600000|100%| O|  |TAMS 0x000000008e600000, 0x000000008e500000| Complete 
| 230|0x000000008e600000, 0x000000008e700000, 0x000000008e700000|100%| O|  |TAMS 0x000000008e700000, 0x000000008e600000| Untracked 
| 231|0x000000008e700000, 0x000000008e800000, 0x000000008e800000|100%| O|  |TAMS 0x000000008e800000, 0x000000008e700000| Complete 
| 232|0x000000008e800000, 0x000000008e900000, 0x000000008e900000|100%| O|  |TAMS 0x000000008e900000, 0x000000008e800000| Complete 
| 233|0x000000008e900000, 0x000000008ea00000, 0x000000008ea00000|100%| O|  |TAMS 0x000000008ea00000, 0x000000008e900000| Untracked 
| 234|0x000000008ea00000, 0x000000008eb00000, 0x000000008eb00000|100%| O|  |TAMS 0x000000008eb00000, 0x000000008ea00000| Untracked 
| 235|0x000000008eb00000, 0x000000008ec00000, 0x000000008ec00000|100%| O|  |TAMS 0x000000008ec00000, 0x000000008eb00000| Complete 
| 236|0x000000008ec00000, 0x000000008ed00000, 0x000000008ed00000|100%| O|  |TAMS 0x000000008ed00000, 0x000000008ec00000| Untracked 
| 237|0x000000008ed00000, 0x000000008ee00000, 0x000000008ee00000|100%| O|  |TAMS 0x000000008ee00000, 0x000000008ed00000| Untracked 
| 238|0x000000008ee00000, 0x000000008ef00000, 0x000000008ef00000|100%| O|  |TAMS 0x000000008ef00000, 0x000000008ee00000| Untracked 
| 239|0x000000008ef00000, 0x000000008f000000, 0x000000008f000000|100%| O|  |TAMS 0x000000008f000000, 0x000000008ef00000| Complete 
| 240|0x000000008f000000, 0x000000008f100000, 0x000000008f100000|100%| O|  |TAMS 0x000000008f100000, 0x000000008f000000| Untracked 
| 241|0x000000008f100000, 0x000000008f200000, 0x000000008f200000|100%| O|  |TAMS 0x000000008f200000, 0x000000008f100000| Complete 
| 242|0x000000008f200000, 0x000000008f300000, 0x000000008f300000|100%| O|  |TAMS 0x000000008f300000, 0x000000008f200000| Untracked 
| 243|0x000000008f300000, 0x000000008f400000, 0x000000008f400000|100%| O|  |TAMS 0x000000008f400000, 0x000000008f300000| Untracked 
| 244|0x000000008f400000, 0x000000008f500000, 0x000000008f500000|100%| O|  |TAMS 0x000000008f500000, 0x000000008f400000| Complete 
| 245|0x000000008f500000, 0x000000008f600000, 0x000000008f600000|100%| O|  |TAMS 0x000000008f600000, 0x000000008f500000| Untracked 
| 246|0x000000008f600000, 0x000000008f700000, 0x000000008f700000|100%| O|  |TAMS 0x000000008f700000, 0x000000008f600000| Untracked 
| 247|0x000000008f700000, 0x000000008f800000, 0x000000008f800000|100%| O|  |TAMS 0x000000008f800000, 0x000000008f700000| Untracked 
| 248|0x000000008f800000, 0x000000008f900000, 0x000000008f900000|100%| O|  |TAMS 0x000000008f900000, 0x000000008f800000| Untracked 
| 249|0x000000008f900000, 0x000000008fa00000, 0x000000008fa00000|100%| O|  |TAMS 0x000000008fa00000, 0x000000008f900000| Complete 
| 250|0x000000008fa00000, 0x000000008fb00000, 0x000000008fb00000|100%| O|  |TAMS 0x000000008fb00000, 0x000000008fa00000| Untracked 
| 251|0x000000008fb00000, 0x000000008fc00000, 0x000000008fc00000|100%| O|  |TAMS 0x000000008fc00000, 0x000000008fb00000| Untracked 
| 252|0x000000008fc00000, 0x000000008fd00000, 0x000000008fd00000|100%| O|  |TAMS 0x000000008fd00000, 0x000000008fc00000| Complete 
| 253|0x000000008fd00000, 0x000000008fe00000, 0x000000008fe00000|100%| O|  |TAMS 0x000000008fe00000, 0x000000008fd00000| Complete 
| 254|0x000000008fe00000, 0x000000008ff00000, 0x000000008ff00000|100%| O|  |TAMS 0x000000008ff00000, 0x000000008fe00000| Untracked 
| 255|0x000000008ff00000, 0x0000000090000000, 0x0000000090000000|100%| O|  |TAMS 0x0000000090000000, 0x000000008ff00000| Untracked 
| 256|0x0000000090000000, 0x0000000090100000, 0x0000000090100000|100%| O|  |TAMS 0x0000000090100000, 0x0000000090000000| Untracked 
| 257|0x0000000090100000, 0x0000000090200000, 0x0000000090200000|100%| O|  |TAMS 0x0000000090200000, 0x0000000090100000| Untracked 
| 258|0x0000000090200000, 0x0000000090300000, 0x0000000090300000|100%| O|  |TAMS 0x0000000090300000, 0x0000000090200000| Untracked 
| 259|0x0000000090300000, 0x0000000090400000, 0x0000000090400000|100%| O|  |TAMS 0x0000000090400000, 0x0000000090300000| Untracked 
| 260|0x0000000090400000, 0x00000000904ed200, 0x0000000090500000| 92%| O|  |TAMS 0x00000000904ed200, 0x0000000090400000| Untracked 
| 261|0x0000000090500000, 0x0000000090500000, 0x0000000090600000|  0%| F|  |TAMS 0x0000000090500000, 0x0000000090500000| Untracked 
| 262|0x0000000090600000, 0x0000000090600000, 0x0000000090700000|  0%| F|  |TAMS 0x0000000090600000, 0x0000000090600000| Untracked 
| 263|0x0000000090700000, 0x0000000090700000, 0x0000000090800000|  0%| F|  |TAMS 0x0000000090700000, 0x0000000090700000| Untracked 
| 264|0x0000000090800000, 0x0000000090800000, 0x0000000090900000|  0%| F|  |TAMS 0x0000000090800000, 0x0000000090800000| Untracked 
| 265|0x0000000090900000, 0x0000000090900000, 0x0000000090a00000|  0%| F|  |TAMS 0x0000000090900000, 0x0000000090900000| Untracked 
| 266|0x0000000090a00000, 0x0000000090a00000, 0x0000000090b00000|  0%| F|  |TAMS 0x0000000090a00000, 0x0000000090a00000| Untracked 
| 267|0x0000000090b00000, 0x0000000090b00000, 0x0000000090c00000|  0%| F|  |TAMS 0x0000000090b00000, 0x0000000090b00000| Untracked 
| 268|0x0000000090c00000, 0x0000000090c00000, 0x0000000090d00000|  0%| F|  |TAMS 0x0000000090c00000, 0x0000000090c00000| Untracked 
| 269|0x0000000090d00000, 0x0000000090d00000, 0x0000000090e00000|  0%| F|  |TAMS 0x0000000090d00000, 0x0000000090d00000| Untracked 
| 270|0x0000000090e00000, 0x0000000090e00000, 0x0000000090f00000|  0%| F|  |TAMS 0x0000000090e00000, 0x0000000090e00000| Untracked 
| 271|0x0000000090f00000, 0x0000000090f00000, 0x0000000091000000|  0%| F|  |TAMS 0x0000000090f00000, 0x0000000090f00000| Untracked 
| 272|0x0000000091000000, 0x0000000091000000, 0x0000000091100000|  0%| F|  |TAMS 0x0000000091000000, 0x0000000091000000| Untracked 
| 273|0x0000000091100000, 0x0000000091100000, 0x0000000091200000|  0%| F|  |TAMS 0x0000000091100000, 0x0000000091100000| Untracked 
| 274|0x0000000091200000, 0x0000000091200000, 0x0000000091300000|  0%| F|  |TAMS 0x0000000091200000, 0x0000000091200000| Untracked 
| 275|0x0000000091300000, 0x0000000091300000, 0x0000000091400000|  0%| F|  |TAMS 0x0000000091300000, 0x0000000091300000| Untracked 
| 276|0x0000000091400000, 0x0000000091400000, 0x0000000091500000|  0%| F|  |TAMS 0x0000000091400000, 0x0000000091400000| Untracked 
| 277|0x0000000091500000, 0x0000000091500000, 0x0000000091600000|  0%| F|  |TAMS 0x0000000091500000, 0x0000000091500000| Untracked 
| 278|0x0000000091600000, 0x0000000091600000, 0x0000000091700000|  0%| F|  |TAMS 0x0000000091600000, 0x0000000091600000| Untracked 
| 279|0x0000000091700000, 0x0000000091700000, 0x0000000091800000|  0%| F|  |TAMS 0x0000000091700000, 0x0000000091700000| Untracked 
| 280|0x0000000091800000, 0x0000000091800000, 0x0000000091900000|  0%| F|  |TAMS 0x0000000091800000, 0x0000000091800000| Untracked 
| 281|0x0000000091900000, 0x0000000091900000, 0x0000000091a00000|  0%| F|  |TAMS 0x0000000091900000, 0x0000000091900000| Untracked 
| 282|0x0000000091a00000, 0x0000000091a00000, 0x0000000091b00000|  0%| F|  |TAMS 0x0000000091a00000, 0x0000000091a00000| Untracked 
| 283|0x0000000091b00000, 0x0000000091b00000, 0x0000000091c00000|  0%| F|  |TAMS 0x0000000091b00000, 0x0000000091b00000| Untracked 
| 284|0x0000000091c00000, 0x0000000091c00000, 0x0000000091d00000|  0%| F|  |TAMS 0x0000000091c00000, 0x0000000091c00000| Untracked 
| 285|0x0000000091d00000, 0x0000000091d00000, 0x0000000091e00000|  0%| F|  |TAMS 0x0000000091d00000, 0x0000000091d00000| Untracked 
| 286|0x0000000091e00000, 0x0000000091e00000, 0x0000000091f00000|  0%| F|  |TAMS 0x0000000091e00000, 0x0000000091e00000| Untracked 
| 287|0x0000000091f00000, 0x0000000091f00000, 0x0000000092000000|  0%| F|  |TAMS 0x0000000091f00000, 0x0000000091f00000| Untracked 
| 288|0x0000000092000000, 0x0000000092000000, 0x0000000092100000|  0%| F|  |TAMS 0x0000000092000000, 0x0000000092000000| Untracked 
| 289|0x0000000092100000, 0x0000000092100000, 0x0000000092200000|  0%| F|  |TAMS 0x0000000092100000, 0x0000000092100000| Untracked 
| 290|0x0000000092200000, 0x0000000092200000, 0x0000000092300000|  0%| F|  |TAMS 0x0000000092200000, 0x0000000092200000| Untracked 
| 291|0x0000000092300000, 0x0000000092300000, 0x0000000092400000|  0%| F|  |TAMS 0x0000000092300000, 0x0000000092300000| Untracked 
| 292|0x0000000092400000, 0x0000000092400000, 0x0000000092500000|  0%| F|  |TAMS 0x0000000092400000, 0x0000000092400000| Untracked 
| 293|0x0000000092500000, 0x0000000092500000, 0x0000000092600000|  0%| F|  |TAMS 0x0000000092500000, 0x0000000092500000| Untracked 
| 294|0x0000000092600000, 0x0000000092600000, 0x0000000092700000|  0%| F|  |TAMS 0x0000000092600000, 0x0000000092600000| Untracked 
| 295|0x0000000092700000, 0x0000000092700000, 0x0000000092800000|  0%| F|  |TAMS 0x0000000092700000, 0x0000000092700000| Untracked 
| 296|0x0000000092800000, 0x0000000092800000, 0x0000000092900000|  0%| F|  |TAMS 0x0000000092800000, 0x0000000092800000| Untracked 
| 297|0x0000000092900000, 0x0000000092900000, 0x0000000092a00000|  0%| F|  |TAMS 0x0000000092900000, 0x0000000092900000| Untracked 
| 298|0x0000000092a00000, 0x0000000092a00000, 0x0000000092b00000|  0%| F|  |TAMS 0x0000000092a00000, 0x0000000092a00000| Untracked 
| 299|0x0000000092b00000, 0x0000000092be7180, 0x0000000092c00000| 90%| S|CS|TAMS 0x0000000092b00000, 0x0000000092b00000| Complete 
| 300|0x0000000092c00000, 0x0000000092d00000, 0x0000000092d00000|100%| S|CS|TAMS 0x0000000092c00000, 0x0000000092c00000| Complete 
| 301|0x0000000092d00000, 0x0000000092d00000, 0x0000000092e00000|  0%| F|  |TAMS 0x0000000092d00000, 0x0000000092d00000| Untracked 
| 302|0x0000000092e00000, 0x0000000092e00000, 0x0000000092f00000|  0%| F|  |TAMS 0x0000000092e00000, 0x0000000092e00000| Untracked 
| 303|0x0000000092f00000, 0x0000000093000000, 0x0000000093000000|100%| S|CS|TAMS 0x0000000092f00000, 0x0000000092f00000| Complete 
| 304|0x0000000093000000, 0x0000000093000000, 0x0000000093100000|  0%| F|  |TAMS 0x0000000093000000, 0x0000000093000000| Untracked 
| 305|0x0000000093100000, 0x0000000093100000, 0x0000000093200000|  0%| F|  |TAMS 0x0000000093100000, 0x0000000093100000| Untracked 
| 306|0x0000000093200000, 0x0000000093200000, 0x0000000093300000|  0%| F|  |TAMS 0x0000000093200000, 0x0000000093200000| Untracked 
| 307|0x0000000093300000, 0x0000000093300000, 0x0000000093400000|  0%| F|  |TAMS 0x0000000093300000, 0x0000000093300000| Untracked 
| 308|0x0000000093400000, 0x0000000093400000, 0x0000000093500000|  0%| F|  |TAMS 0x0000000093400000, 0x0000000093400000| Untracked 
| 309|0x0000000093500000, 0x0000000093500000, 0x0000000093600000|  0%| F|  |TAMS 0x0000000093500000, 0x0000000093500000| Untracked 
| 310|0x0000000093600000, 0x0000000093600000, 0x0000000093700000|  0%| F|  |TAMS 0x0000000093600000, 0x0000000093600000| Untracked 
| 311|0x0000000093700000, 0x0000000093700000, 0x0000000093800000|  0%| F|  |TAMS 0x0000000093700000, 0x0000000093700000| Untracked 
| 312|0x0000000093800000, 0x0000000093800000, 0x0000000093900000|  0%| F|  |TAMS 0x0000000093800000, 0x0000000093800000| Untracked 
| 313|0x0000000093900000, 0x0000000093900000, 0x0000000093a00000|  0%| F|  |TAMS 0x0000000093900000, 0x0000000093900000| Untracked 
| 314|0x0000000093a00000, 0x0000000093a00000, 0x0000000093b00000|  0%| F|  |TAMS 0x0000000093a00000, 0x0000000093a00000| Untracked 
| 315|0x0000000093b00000, 0x0000000093b00000, 0x0000000093c00000|  0%| F|  |TAMS 0x0000000093b00000, 0x0000000093b00000| Untracked 
| 316|0x0000000093c00000, 0x0000000093c00000, 0x0000000093d00000|  0%| F|  |TAMS 0x0000000093c00000, 0x0000000093c00000| Untracked 
| 317|0x0000000093d00000, 0x0000000093d00000, 0x0000000093e00000|  0%| F|  |TAMS 0x0000000093d00000, 0x0000000093d00000| Untracked 
| 318|0x0000000093e00000, 0x0000000093e00000, 0x0000000093f00000|  0%| F|  |TAMS 0x0000000093e00000, 0x0000000093e00000| Untracked 
| 319|0x0000000093f00000, 0x0000000093f00000, 0x0000000094000000|  0%| F|  |TAMS 0x0000000093f00000, 0x0000000093f00000| Untracked 
| 320|0x0000000094000000, 0x0000000094000000, 0x0000000094100000|  0%| F|  |TAMS 0x0000000094000000, 0x0000000094000000| Untracked 
| 321|0x0000000094100000, 0x0000000094100000, 0x0000000094200000|  0%| F|  |TAMS 0x0000000094100000, 0x0000000094100000| Untracked 
| 322|0x0000000094200000, 0x0000000094200000, 0x0000000094300000|  0%| F|  |TAMS 0x0000000094200000, 0x0000000094200000| Untracked 
| 323|0x0000000094300000, 0x0000000094300000, 0x0000000094400000|  0%| F|  |TAMS 0x0000000094300000, 0x0000000094300000| Untracked 
| 324|0x0000000094400000, 0x0000000094400000, 0x0000000094500000|  0%| F|  |TAMS 0x0000000094400000, 0x0000000094400000| Untracked 
| 325|0x0000000094500000, 0x0000000094500000, 0x0000000094600000|  0%| F|  |TAMS 0x0000000094500000, 0x0000000094500000| Untracked 
| 326|0x0000000094600000, 0x0000000094600000, 0x0000000094700000|  0%| F|  |TAMS 0x0000000094600000, 0x0000000094600000| Untracked 
| 327|0x0000000094700000, 0x0000000094700000, 0x0000000094800000|  0%| F|  |TAMS 0x0000000094700000, 0x0000000094700000| Untracked 
| 328|0x0000000094800000, 0x0000000094800000, 0x0000000094900000|  0%| F|  |TAMS 0x0000000094800000, 0x0000000094800000| Untracked 
| 329|0x0000000094900000, 0x0000000094900000, 0x0000000094a00000|  0%| F|  |TAMS 0x0000000094900000, 0x0000000094900000| Untracked 
| 330|0x0000000094a00000, 0x0000000094a00000, 0x0000000094b00000|  0%| F|  |TAMS 0x0000000094a00000, 0x0000000094a00000| Untracked 
| 331|0x0000000094b00000, 0x0000000094b00000, 0x0000000094c00000|  0%| F|  |TAMS 0x0000000094b00000, 0x0000000094b00000| Untracked 
| 332|0x0000000094c00000, 0x0000000094c00000, 0x0000000094d00000|  0%| F|  |TAMS 0x0000000094c00000, 0x0000000094c00000| Untracked 
| 333|0x0000000094d00000, 0x0000000094d00000, 0x0000000094e00000|  0%| F|  |TAMS 0x0000000094d00000, 0x0000000094d00000| Untracked 
| 334|0x0000000094e00000, 0x0000000094e00000, 0x0000000094f00000|  0%| F|  |TAMS 0x0000000094e00000, 0x0000000094e00000| Untracked 
| 335|0x0000000094f00000, 0x0000000094f00000, 0x0000000095000000|  0%| F|  |TAMS 0x0000000094f00000, 0x0000000094f00000| Untracked 
| 336|0x0000000095000000, 0x0000000095077598, 0x0000000095100000| 46%| E|  |TAMS 0x0000000095000000, 0x0000000095000000| Complete 
| 337|0x0000000095100000, 0x0000000095200000, 0x0000000095200000|100%| E|CS|TAMS 0x0000000095100000, 0x0000000095100000| Complete 
| 338|0x0000000095200000, 0x0000000095300000, 0x0000000095300000|100%| E|CS|TAMS 0x0000000095200000, 0x0000000095200000| Complete 
| 339|0x0000000095300000, 0x0000000095400000, 0x0000000095400000|100%| E|CS|TAMS 0x0000000095300000, 0x0000000095300000| Complete 
| 340|0x0000000095400000, 0x0000000095500000, 0x0000000095500000|100%| E|CS|TAMS 0x0000000095400000, 0x0000000095400000| Complete 
| 341|0x0000000095500000, 0x0000000095600000, 0x0000000095600000|100%| E|CS|TAMS 0x0000000095500000, 0x0000000095500000| Complete 
| 342|0x0000000095600000, 0x0000000095700000, 0x0000000095700000|100%| E|CS|TAMS 0x0000000095600000, 0x0000000095600000| Complete 
| 343|0x0000000095700000, 0x0000000095800000, 0x0000000095800000|100%| E|CS|TAMS 0x0000000095700000, 0x0000000095700000| Complete 
| 344|0x0000000095800000, 0x0000000095900000, 0x0000000095900000|100%| E|CS|TAMS 0x0000000095800000, 0x0000000095800000| Complete 
| 345|0x0000000095900000, 0x0000000095a00000, 0x0000000095a00000|100%| E|CS|TAMS 0x0000000095900000, 0x0000000095900000| Complete 
| 346|0x0000000095a00000, 0x0000000095b00000, 0x0000000095b00000|100%| E|CS|TAMS 0x0000000095a00000, 0x0000000095a00000| Complete 
| 347|0x0000000095b00000, 0x0000000095c00000, 0x0000000095c00000|100%| E|CS|TAMS 0x0000000095b00000, 0x0000000095b00000| Complete 
| 348|0x0000000095c00000, 0x0000000095d00000, 0x0000000095d00000|100%| E|CS|TAMS 0x0000000095c00000, 0x0000000095c00000| Complete 
| 349|0x0000000095d00000, 0x0000000095e00000, 0x0000000095e00000|100%| E|CS|TAMS 0x0000000095d00000, 0x0000000095d00000| Complete 

Card table byte_map: [0x000001e6742a0000,0x000001e6746a0000] _byte_map_base: 0x000001e673ea0000

Marking Bits (Prev, Next): (CMBitMap*) 0x000001e6703be600, (CMBitMap*) 0x000001e6703be5c8
 Prev Bits: [0x000001e676aa0000, 0x000001e678aa0000)
 Next Bits: [0x000001e674aa0000, 0x000001e676aa0000)

Polling page: 0x000001e66e310000

Metaspace:

Usage:
  Non-class:    140.77 MB capacity,   137.64 MB ( 98%) used,     2.56 MB (  2%) free+waste,   585.06 KB ( <1%) overhead. 
      Class:     21.13 MB capacity,    19.36 MB ( 92%) used,     1.52 MB (  7%) free+waste,   258.06 KB (  1%) overhead. 
       Both:    161.90 MB capacity,   157.00 MB ( 97%) used,     4.08 MB (  3%) free+waste,   843.12 KB ( <1%) overhead. 

Virtual space:
  Non-class space:      142.00 MB reserved,     141.33 MB (>99%) committed 
      Class space:        1.00 GB reserved,      21.62 MB (  2%) committed 
             Both:        1.14 GB reserved,     162.95 MB ( 14%) committed 

Chunk freelists:
   Non-Class:  570.00 KB
       Class:  441.00 KB
        Both:  1011.00 KB

MaxMetaspaceSize: 17179869184.00 GB
CompressedClassSpaceSize: 1.00 GB
Initial GC threshold: 20.80 MB
Current GC threshold: 271.59 MB
CDS: off

CodeHeap 'non-profiled nmethods': size=120064Kb used=15478Kb max_used=15478Kb free=104585Kb
 bounds [0x000001e607ac0000, 0x000001e608a00000, 0x000001e60f000000]
CodeHeap 'profiled nmethods': size=120000Kb used=55309Kb max_used=55603Kb free=64690Kb
 bounds [0x000001e600590000, 0x000001e603c00000, 0x000001e607ac0000]
CodeHeap 'non-nmethods': size=5696Kb used=2532Kb max_used=2596Kb free=3164Kb
 bounds [0x000001e600000000, 0x000001e6002a0000, 0x000001e600590000]
 total_blobs=24655 nmethods=23577 adapters=988
 compilation: enabled
              stopped_count=0, restarted_count=0
 full_count=0

Compilation events (20 events):
Event: 387.425 Thread 0x000001e67b839000 26255       1       com.android.tools.r8.graph.P$b::b (5 bytes)
Event: 387.425 Thread 0x000001e67b839000 nmethod 26255 0x000001e6082c8690 code [0x000001e6082c8840, 0x000001e6082c88d8]
Event: 387.448 Thread 0x000001e67b839000 26256       1       com.android.tools.r8.internal.y7::v (2 bytes)
Event: 387.449 Thread 0x000001e67b839000 nmethod 26256 0x000001e6082c8390 code [0x000001e6082c8540, 0x000001e6082c85f8]
Event: 387.449 Thread 0x000001e67b839000 26257       1       com.android.tools.r8.internal.z8::v (2 bytes)
Event: 387.449 Thread 0x000001e67b839000 nmethod 26257 0x000001e6082c8090 code [0x000001e6082c8240, 0x000001e6082c82f8]
Event: 387.450 Thread 0x000001e67b839000 26258       1       com.android.tools.r8.internal.r3::m2 (4 bytes)
Event: 387.450 Thread 0x000001e67b839000 nmethod 26258 0x000001e6082c7d90 code [0x000001e6082c7f40, 0x000001e6082c7ff8]
Event: 387.464 Thread 0x000001e67b839000 26259       2       com.android.tools.r8.internal.x10::d (115 bytes)
Event: 387.465 Thread 0x000001e67b839000 nmethod 26259 0x000001e600c33690 code [0x000001e600c338e0, 0x000001e600c33e28]
Event: 387.475 Thread 0x000001e67b839000 26260       2       com.android.tools.r8.internal.ct::a (990 bytes)
Event: 387.479 Thread 0x000001e67b839000 nmethod 26260 0x000001e601124290 code [0x000001e601124520, 0x000001e601125d28]
Event: 387.479 Thread 0x000001e67b839000 26261       2       com.android.tools.r8.internal.Os::c (16 bytes)
Event: 387.479 Thread 0x000001e67b839000 nmethod 26261 0x000001e601123f10 code [0x000001e6011240c0, 0x000001e6011241d8]
Event: 387.502 Thread 0x000001e67b839000 26263       2       java.util.stream.SortedOps$RefSortingSink::accept (10 bytes)
Event: 387.503 Thread 0x000001e67b839000 nmethod 26263 0x000001e600c32f90 code [0x000001e600c33160, 0x000001e600c33458]
Event: 387.503 Thread 0x000001e67b839000 26264       2       com.android.tools.r8.internal.x0::a (74 bytes)
Event: 387.504 Thread 0x000001e67b839000 nmethod 26264 0x000001e600b25e90 code [0x000001e600b26080, 0x000001e600b262e8]
Event: 387.504 Thread 0x000001e67b839000 26265       2       com.android.tools.r8.internal.Np::<init> (5 bytes)
Event: 387.504 Thread 0x000001e67b839000 nmethod 26265 0x000001e600c32b10 code [0x000001e600c32cc0, 0x000001e600c32db8]

GC Heap History (20 events):
Event: 381.025 GC heap before
{Heap before GC invocations=97 (full 0):
 garbage-first heap   total 358400K, used 259607K [0x0000000080000000, 0x0000000100000000)
  region size 1024K, 17 young (17408K), 4 survivors (4096K)
 Metaspace       used 156011K, capacity 160950K, committed 161232K, reserved 1189888K
  class space    used 19478K, capacity 21274K, committed 21376K, reserved 1048576K
}
Event: 381.050 GC heap after
{Heap after GC invocations=98 (full 0):
 garbage-first heap   total 358400K, used 242001K [0x0000000080000000, 0x0000000100000000)
  region size 1024K, 1 young (1024K), 1 survivors (1024K)
 Metaspace       used 156011K, capacity 160950K, committed 161232K, reserved 1189888K
  class space    used 19478K, capacity 21274K, committed 21376K, reserved 1048576K
}
Event: 382.403 GC heap before
{Heap before GC invocations=98 (full 0):
 garbage-first heap   total 358400K, used 296273K [0x0000000080000000, 0x0000000100000000)
  region size 1024K, 54 young (55296K), 1 survivors (1024K)
 Metaspace       used 159671K, capacity 165062K, committed 165200K, reserved 1191936K
  class space    used 19944K, capacity 21931K, committed 22016K, reserved 1048576K
}
Event: 382.418 GC heap after
{Heap after GC invocations=99 (full 0):
 garbage-first heap   total 358400K, used 244247K [0x0000000080000000, 0x0000000100000000)
  region size 1024K, 3 young (3072K), 3 survivors (3072K)
 Metaspace       used 159671K, capacity 165062K, committed 165200K, reserved 1191936K
  class space    used 19944K, capacity 21931K, committed 22016K, reserved 1048576K
}
Event: 383.722 GC heap before
{Heap before GC invocations=100 (full 0):
 garbage-first heap   total 358400K, used 298519K [0x0000000080000000, 0x0000000100000000)
  region size 1024K, 57 young (58368K), 3 survivors (3072K)
 Metaspace       used 159703K, capacity 164787K, committed 165712K, reserved 1193984K
  class space    used 19767K, capacity 21621K, committed 22016K, reserved 1048576K
}
Event: 383.741 GC heap after
{Heap after GC invocations=101 (full 0):
 garbage-first heap   total 358400K, used 252732K [0x0000000080000000, 0x0000000100000000)
  region size 1024K, 8 young (8192K), 8 survivors (8192K)
 Metaspace       used 159703K, capacity 164787K, committed 165712K, reserved 1193984K
  class space    used 19767K, capacity 21621K, committed 22016K, reserved 1048576K
}
Event: 383.830 GC heap before
{Heap before GC invocations=101 (full 0):
 garbage-first heap   total 358400K, used 261948K [0x0000000080000000, 0x0000000100000000)
  region size 1024K, 17 young (17408K), 8 survivors (8192K)
 Metaspace       used 159775K, capacity 164863K, committed 165968K, reserved 1193984K
  class space    used 19772K, capacity 21623K, committed 22016K, reserved 1048576K
}
Event: 383.849 GC heap after
{Heap after GC invocations=102 (full 0):
 garbage-first heap   total 358400K, used 250567K [0x0000000080000000, 0x0000000100000000)
  region size 1024K, 2 young (2048K), 2 survivors (2048K)
 Metaspace       used 159775K, capacity 164863K, committed 165968K, reserved 1193984K
  class space    used 19772K, capacity 21623K, committed 22016K, reserved 1048576K
}
Event: 384.355 GC heap before
{Heap before GC invocations=102 (full 0):
 garbage-first heap   total 358400K, used 300743K [0x0000000080000000, 0x0000000100000000)
  region size 1024K, 51 young (52224K), 2 survivors (2048K)
 Metaspace       used 160086K, capacity 165141K, committed 165968K, reserved 1193984K
  class space    used 19814K, capacity 21664K, committed 22016K, reserved 1048576K
}
Event: 384.374 GC heap after
{Heap after GC invocations=103 (full 0):
 garbage-first heap   total 358400K, used 255687K [0x0000000080000000, 0x0000000100000000)
  region size 1024K, 7 young (7168K), 7 survivors (7168K)
 Metaspace       used 160086K, capacity 165141K, committed 165968K, reserved 1193984K
  class space    used 19814K, capacity 21664K, committed 22016K, reserved 1048576K
}
Event: 385.278 GC heap before
{Heap before GC invocations=103 (full 0):
 garbage-first heap   total 358400K, used 302791K [0x0000000080000000, 0x0000000100000000)
  region size 1024K, 54 young (55296K), 7 survivors (7168K)
 Metaspace       used 160142K, capacity 165036K, committed 166352K, reserved 1193984K
  class space    used 19759K, capacity 21549K, committed 22144K, reserved 1048576K
}
Event: 385.302 GC heap after
{Heap after GC invocations=104 (full 0):
 garbage-first heap   total 358400K, used 260233K [0x0000000080000000, 0x0000000100000000)
  region size 1024K, 5 young (5120K), 5 survivors (5120K)
 Metaspace       used 160142K, capacity 165036K, committed 166352K, reserved 1193984K
  class space    used 19759K, capacity 21549K, committed 22144K, reserved 1048576K
}
Event: 385.625 GC heap before
{Heap before GC invocations=105 (full 0):
 garbage-first heap   total 358400K, used 305289K [0x0000000080000000, 0x0000000100000000)
  region size 1024K, 49 young (50176K), 5 survivors (5120K)
 Metaspace       used 160254K, capacity 165192K, committed 166608K, reserved 1193984K
  class space    used 19768K, capacity 21555K, committed 22144K, reserved 1048576K
}
Event: 385.657 GC heap after
{Heap after GC invocations=106 (full 0):
 garbage-first heap   total 358400K, used 264433K [0x0000000080000000, 0x0000000100000000)
  region size 1024K, 5 young (5120K), 5 survivors (5120K)
 Metaspace       used 160254K, capacity 165192K, committed 166608K, reserved 1193984K
  class space    used 19768K, capacity 21555K, committed 22144K, reserved 1048576K
}
Event: 385.745 GC heap before
{Heap before GC invocations=106 (full 0):
 garbage-first heap   total 358400K, used 276721K [0x0000000080000000, 0x0000000100000000)
  region size 1024K, 17 young (17408K), 5 survivors (5120K)
 Metaspace       used 160343K, capacity 165236K, committed 166608K, reserved 1193984K
  class space    used 19779K, capacity 21569K, committed 22144K, reserved 1048576K
}
Event: 385.778 GC heap after
{Heap after GC invocations=107 (full 0):
 garbage-first heap   total 358400K, used 261669K [0x0000000080000000, 0x0000000100000000)
  region size 1024K, 1 young (1024K), 1 survivors (1024K)
 Metaspace       used 160343K, capacity 165236K, committed 166608K, reserved 1193984K
  class space    used 19779K, capacity 21569K, committed 22144K, reserved 1048576K
}
Event: 386.136 GC heap before
{Heap before GC invocations=107 (full 0):
 garbage-first heap   total 358400K, used 306725K [0x0000000080000000, 0x0000000100000000)
  region size 1024K, 45 young (46080K), 1 survivors (1024K)
 Metaspace       used 160595K, capacity 165525K, committed 166864K, reserved 1193984K
  class space    used 19810K, capacity 21601K, committed 22144K, reserved 1048576K
}
Event: 386.148 GC heap after
{Heap after GC invocations=108 (full 0):
 garbage-first heap   total 358400K, used 261978K [0x0000000080000000, 0x0000000100000000)
  region size 1024K, 1 young (1024K), 1 survivors (1024K)
 Metaspace       used 160595K, capacity 165525K, committed 166864K, reserved 1193984K
  class space    used 19810K, capacity 21601K, committed 22144K, reserved 1048576K
}
Event: 387.162 GC heap before
{Heap before GC invocations=108 (full 0):
 garbage-first heap   total 358400K, used 309082K [0x0000000080000000, 0x0000000100000000)
  region size 1024K, 47 young (48128K), 1 survivors (1024K)
 Metaspace       used 160700K, capacity 165702K, committed 166864K, reserved 1193984K
  class space    used 19817K, capacity 21635K, committed 22144K, reserved 1048576K
}
Event: 387.168 GC heap after
{Heap after GC invocations=109 (full 0):
 garbage-first heap   total 358400K, used 262684K [0x0000000080000000, 0x0000000100000000)
  region size 1024K, 2 young (2048K), 2 survivors (2048K)
 Metaspace       used 160700K, capacity 165702K, committed 166864K, reserved 1193984K
  class space    used 19817K, capacity 21635K, committed 22144K, reserved 1048576K
}

Deoptimization events (20 events):
Event: 387.254 Thread 0x000001e67f238800 DEOPT PACKING pc=0x000001e607c566b8 sp=0x000000bd76bf9030
Event: 387.254 Thread 0x000001e67f238800 DEOPT UNPACKING pc=0x000001e60004a1af sp=0x000000bd76bf8fe8 mode 2
Event: 387.254 Thread 0x000001e67f238800 Uncommon trap: trap_request=0xffffffbe fr.pc=0x000001e607c566b8 relative=0x0000000000003d78
Event: 387.254 Thread 0x000001e67f238800 Uncommon trap: reason=profile_predicate action=maybe_recompile pc=0x000001e607c566b8 method=com.android.tools.r8.internal.G50.g0()Z @ 16 c2
Event: 387.255 Thread 0x000001e67f238800 DEOPT PACKING pc=0x000001e607c566b8 sp=0x000000bd76bf9030
Event: 387.255 Thread 0x000001e67f238800 DEOPT UNPACKING pc=0x000001e60004a1af sp=0x000000bd76bf8fe8 mode 2
Event: 387.255 Thread 0x000001e67f238800 Uncommon trap: trap_request=0xffffffbe fr.pc=0x000001e607c566b8 relative=0x0000000000003d78
Event: 387.255 Thread 0x000001e67f238800 Uncommon trap: reason=profile_predicate action=maybe_recompile pc=0x000001e607c566b8 method=com.android.tools.r8.internal.G50.g0()Z @ 16 c2
Event: 387.255 Thread 0x000001e67f238800 DEOPT PACKING pc=0x000001e607c566b8 sp=0x000000bd76bf9030
Event: 387.255 Thread 0x000001e67f238800 DEOPT UNPACKING pc=0x000001e60004a1af sp=0x000000bd76bf8fe8 mode 2
Event: 387.324 Thread 0x000001e611f59800 DEOPT PACKING pc=0x000001e600700975 sp=0x000000bd754f9140
Event: 387.324 Thread 0x000001e611f59800 DEOPT UNPACKING pc=0x000001e60004a95e sp=0x000000bd754f85e0 mode 0
Event: 387.375 Thread 0x000001e611f59800 Uncommon trap: trap_request=0xffffffbe fr.pc=0x000001e607eb4ba0 relative=0x00000000000004c0
Event: 387.375 Thread 0x000001e611f59800 Uncommon trap: reason=profile_predicate action=maybe_recompile pc=0x000001e607eb4ba0 method=java.util.IdentityHashMap$KeySet.toArray([Ljava/lang/Object;)[Ljava/lang/Object; @ 54 c2
Event: 387.375 Thread 0x000001e611f59800 DEOPT PACKING pc=0x000001e607eb4ba0 sp=0x000000bd754f9f70
Event: 387.375 Thread 0x000001e611f59800 DEOPT UNPACKING pc=0x000001e60004a1af sp=0x000000bd754f9f28 mode 2
Event: 387.457 Thread 0x000001e67dbbc800 Uncommon trap: trap_request=0xffffff4d fr.pc=0x000001e6083d9ff8 relative=0x00000000000022d8
Event: 387.457 Thread 0x000001e67dbbc800 Uncommon trap: reason=unstable_if action=reinterpret pc=0x000001e6083d9ff8 method=com.android.tools.r8.internal.ct.a(ILjava/lang/Object;)Ljava/lang/Object; @ 932 c2
Event: 387.457 Thread 0x000001e67dbbc800 DEOPT PACKING pc=0x000001e6083d9ff8 sp=0x000000bd761f8f50
Event: 387.457 Thread 0x000001e67dbbc800 DEOPT UNPACKING pc=0x000001e60004a1af sp=0x000000bd761f8f18 mode 2

Classes redefined (0 events):
No events

Internal exceptions (20 events):
Event: 383.693 Thread 0x000001e67f240000 Exception <a 'sun/nio/fs/WindowsException'{0x0000000092ae9b18}> (0x0000000092ae9b18) thrown at [src/hotspot/share/prims/jni.cpp, line 617]
Event: 384.202 Thread 0x000001e614875000 Exception <a 'sun/nio/fs/WindowsException'{0x000000009396d7c8}> (0x000000009396d7c8) thrown at [src/hotspot/share/prims/jni.cpp, line 617]
Event: 384.376 Thread 0x000001e67dbb8000 Exception <a 'sun/nio/fs/WindowsException'{0x0000000095d18f80}> (0x0000000095d18f80) thrown at [src/hotspot/share/prims/jni.cpp, line 617]
Event: 384.406 Thread 0x000001e67dbb8000 Implicit null exception at 0x000001e60825f4c8 to 0x000001e608266854
Event: 384.825 Thread 0x000001e67dbb8000 Exception <a 'sun/nio/fs/WindowsException'{0x00000000947d3a98}> (0x00000000947d3a98) thrown at [src/hotspot/share/prims/jni.cpp, line 617]
Event: 385.047 Thread 0x000001e67dbb8000 Implicit null exception at 0x000001e6089d009b to 0x000001e6089d085c
Event: 385.072 Thread 0x000001e67dbb8000 Implicit null exception at 0x000001e6089d10a0 to 0x000001e6089d1814
Event: 385.438 Thread 0x000001e614875000 Exception <a 'sun/nio/fs/WindowsException'{0x0000000094c749c8}> (0x0000000094c749c8) thrown at [src/hotspot/share/prims/jni.cpp, line 617]
Event: 385.510 Thread 0x000001e67dbb8000 Exception <a 'sun/nio/fs/WindowsException'{0x0000000094018f28}> (0x0000000094018f28) thrown at [src/hotspot/share/prims/jni.cpp, line 617]
Event: 385.730 Thread 0x000001e67dbb8000 Exception <a 'java/lang/NoSuchMethodError'{0x00000000953dc8d8}: 'void java.lang.invoke.DirectMethodHandle$Holder.invokeSpecialIFC(java.lang.Object, java.lang.Object, java.lang.Object, java.lang.Object)'> (0x00000000953dc8d8) thrown at [src/hotspot/share/interpreter/linkResolver.cpp, line 773]
Event: 385.818 Thread 0x000001e614875000 Exception <a 'sun/nio/fs/WindowsException'{0x0000000095206688}> (0x0000000095206688) thrown at [src/hotspot/share/prims/jni.cpp, line 617]
Event: 385.832 Thread 0x000001e67f240000 Implicit null exception at 0x000001e6088f8bef to 0x000001e6088f8d2c
Event: 385.845 Thread 0x000001e67f240000 Exception <a 'java/lang/NoSuchMethodError'{0x0000000095246918}: 'java.lang.Object java.lang.invoke.DirectMethodHandle$Holder.invokeSpecial(java.lang.Object, java.lang.Object, int, java.lang.Object, java.lang.Object)'> (0x0000000095246918) thrown at [src/hotspot/share/interpreter/linkResolver.cpp, line 773]
Event: 385.931 Thread 0x000001e67f240000 Exception <a 'sun/nio/fs/WindowsException'{0x000000009473d400}> (0x000000009473d400) thrown at [src/hotspot/share/prims/jni.cpp, line 617]
Event: 385.957 Thread 0x000001e67f238800 Exception <a 'java/lang/NoSuchMethodError'{0x00000000944ac7d8}: 'int java.lang.invoke.DirectMethodHandle$Holder.invokeInterface(java.lang.Object, java.lang.Object, int)'> (0x00000000944ac7d8) thrown at [src/hotspot/share/interpreter/linkResolver.cpp, line 773]
Event: 386.149 Thread 0x000001e67dbb8000 Implicit null exception at 0x000001e607cbedc6 to 0x000001e607cc00a4
Event: 386.291 Thread 0x000001e67dbb8000 Exception <a 'sun/nio/fs/WindowsException'{0x00000000959ec380}> (0x00000000959ec380) thrown at [src/hotspot/share/prims/jni.cpp, line 617]
Event: 387.186 Thread 0x000001e67dbbc800 Exception <a 'sun/nio/fs/WindowsException'{0x0000000095ae0e98}> (0x0000000095ae0e98) thrown at [src/hotspot/share/prims/jni.cpp, line 617]
Event: 387.223 Thread 0x000001e611f59800 Exception <a 'sun/nio/fs/WindowsException'{0x0000000095673dc0}> (0x0000000095673dc0) thrown at [src/hotspot/share/prims/jni.cpp, line 617]
Event: 387.378 Thread 0x000001e611f59800 Exception <a 'sun/nio/fs/WindowsException'{0x00000000941d4b30}> (0x00000000941d4b30) thrown at [src/hotspot/share/prims/jni.cpp, line 617]

Events (20 events):
Event: 386.268 loading class com/android/tools/r8/dex/code/a4 done
Event: 386.268 loading class com/android/tools/r8/dex/code/Z3
Event: 386.268 loading class com/android/tools/r8/dex/code/Z3 done
Event: 386.269 loading class com/android/tools/r8/dex/code/b4
Event: 386.269 loading class com/android/tools/r8/dex/code/b4 done
Event: 386.269 loading class com/android/tools/r8/dex/code/Y3
Event: 386.269 loading class com/android/tools/r8/dex/code/Y3 done
Event: 386.744 Executing VM operation: CGC_Operation
Event: 386.795 Executing VM operation: CGC_Operation done
Event: 387.161 Executing VM operation: G1CollectForAllocation
Event: 387.168 Executing VM operation: G1CollectForAllocation done
Event: 387.171 Executing VM operation: CGC_Operation
Event: 387.172 Executing VM operation: CGC_Operation done
Event: 387.244 loading class com/android/tools/r8/internal/k30
Event: 387.244 loading class com/android/tools/r8/internal/k30 done
Event: 387.245 loading class com/android/tools/r8/internal/k30
Event: 387.245 loading class com/android/tools/r8/internal/k30 done
Event: 387.246 loading class com/android/tools/r8/internal/k30
Event: 387.246 loading class com/android/tools/r8/internal/k30 done
Event: 387.513 Executing VM operation: G1CollectForAllocation


Dynamic libraries:
0x00007ff720920000 - 0x00007ff72092a000 	C:\Program Files\Android\Android Studio\jbr\bin\java.exe
0x00007ffeed5d0000 - 0x00007ffeed7e4000 	C:\Windows\SYSTEM32\ntdll.dll
0x00007ffeec890000 - 0x00007ffeec952000 	C:\Windows\System32\KERNEL32.DLL
0x00007ffeeab70000 - 0x00007ffeeaf0c000 	C:\Windows\System32\KERNELBASE.dll
0x00007ffeeb120000 - 0x00007ffeeb231000 	C:\Windows\System32\ucrtbase.dll
0x00007ffee5410000 - 0x00007ffee5427000 	C:\Program Files\Android\Android Studio\jbr\bin\jli.dll
0x00007ffeeca80000 - 0x00007ffeecc2a000 	C:\Windows\System32\USER32.dll
0x00007ffeeb2e0000 - 0x00007ffeeb306000 	C:\Windows\System32\win32u.dll
0x00007ffeecc30000 - 0x00007ffeecc59000 	C:\Windows\System32\GDI32.dll
0x00007ffeeaf80000 - 0x00007ffeeb092000 	C:\Windows\System32\gdi32full.dll
0x00007ffeeb240000 - 0x00007ffeeb2da000 	C:\Windows\System32\msvcp_win.dll
0x00007ffee3670000 - 0x00007ffee368b000 	C:\Program Files\Android\Android Studio\jbr\bin\VCRUNTIME140.dll
0x00007ffed7020000 - 0x00007ffed72ae000 	C:\Windows\WinSxS\amd64_microsoft.windows.common-controls_6595b64144ccf1df_6.0.22621.608_none_a9444ca7c10bb01d\COMCTL32.dll
0x00007ffeed0a0000 - 0x00007ffeed147000 	C:\Windows\System32\msvcrt.dll
0x00007ffeecc60000 - 0x00007ffeecc91000 	C:\Windows\System32\IMM32.DLL
0x00007ffee7a60000 - 0x00007ffee7a6c000 	C:\Program Files\Android\Android Studio\jbr\bin\vcruntime140_1.dll
0x00007ffedbe50000 - 0x00007ffedbedd000 	C:\Program Files\Android\Android Studio\jbr\bin\msvcp140.dll
0x00007ffe64f80000 - 0x00007ffe65b3c000 	C:\Program Files\Android\Android Studio\jbr\bin\server\jvm.dll
0x00007ffeed150000 - 0x00007ffeed1fe000 	C:\Windows\System32\ADVAPI32.dll
0x00007ffeec960000 - 0x00007ffeeca04000 	C:\Windows\System32\sechost.dll
0x00007ffeeb420000 - 0x00007ffeeb535000 	C:\Windows\System32\RPCRT4.dll
0x00007ffeeca70000 - 0x00007ffeeca78000 	C:\Windows\System32\PSAPI.DLL
0x00007ffee8680000 - 0x00007ffee8689000 	C:\Windows\SYSTEM32\WSOCK32.dll
0x00007ffeecca0000 - 0x00007ffeecd11000 	C:\Windows\System32\WS2_32.dll
0x00007ffee3000000 - 0x00007ffee3034000 	C:\Windows\SYSTEM32\WINMM.dll
0x00007ffee1ea0000 - 0x00007ffee1eaa000 	C:\Windows\SYSTEM32\VERSION.dll
0x00007ffee9a80000 - 0x00007ffee9a98000 	C:\Windows\SYSTEM32\kernel.appcore.dll
0x00007ffed4040000 - 0x00007ffed4050000 	C:\Program Files\Android\Android Studio\jbr\bin\verify.dll
0x00007ffee8450000 - 0x00007ffee867e000 	C:\Windows\SYSTEM32\DBGHELP.DLL
0x00007ffeed200000 - 0x00007ffeed589000 	C:\Windows\System32\combase.dll
0x00007ffeeb750000 - 0x00007ffeeb827000 	C:\Windows\System32\OLEAUT32.dll
0x00007ffed2c20000 - 0x00007ffed2c52000 	C:\Windows\SYSTEM32\dbgcore.DLL
0x00007ffeeb0a0000 - 0x00007ffeeb11b000 	C:\Windows\System32\bcryptPrimitives.dll
0x00007ffe98c50000 - 0x00007ffe98c78000 	C:\Program Files\Android\Android Studio\jbr\bin\java.dll
0x00007ffed4030000 - 0x00007ffed403a000 	C:\Program Files\Android\Android Studio\jbr\bin\jimage.dll
0x00007ffec58d0000 - 0x00007ffec58e8000 	C:\Program Files\Android\Android Studio\jbr\bin\zip.dll
0x00007ffeec020000 - 0x00007ffeec7fd000 	C:\Windows\System32\SHELL32.dll
0x00007ffee8a60000 - 0x00007ffee9317000 	C:\Windows\SYSTEM32\windows.storage.dll
0x00007ffee8920000 - 0x00007ffee8a5d000 	C:\Windows\SYSTEM32\wintypes.dll
0x00007ffeecd20000 - 0x00007ffeece11000 	C:\Windows\System32\SHCORE.dll
0x00007ffeeca10000 - 0x00007ffeeca6e000 	C:\Windows\System32\shlwapi.dll
0x00007ffeea930000 - 0x00007ffeea951000 	C:\Windows\SYSTEM32\profapi.dll
0x00007ffe67580000 - 0x00007ffe67599000 	C:\Program Files\Android\Android Studio\jbr\bin\net.dll
0x00007ffee1d50000 - 0x00007ffee1e7f000 	C:\Windows\SYSTEM32\WINHTTP.dll
0x00007ffee9ee0000 - 0x00007ffee9f49000 	C:\Windows\system32\mswsock.dll
0x00007ffe67560000 - 0x00007ffe67573000 	C:\Program Files\Android\Android Studio\jbr\bin\nio.dll
0x00007ffee3c30000 - 0x00007ffee3c57000 	C:\Users\Microsoft\.gradle\native\e1d6ef7f7dcc3fd88c89a11ec53ec762bb8ba0a96d01ffa2cd45eb1d1d8dd5c5\windows-amd64\native-platform.dll
0x00007ffec8730000 - 0x00007ffec8874000 	C:\Users\Microsoft\.gradle\native\0d407fdbe67a94daf76414ababcb853783967236a71b16ec16e742cd7a986fd3\windows-amd64\native-platform-file-events.dll
0x00007ffed4000000 - 0x00007ffed400a000 	C:\Program Files\Android\Android Studio\jbr\bin\management.dll
0x00007ffed00b0000 - 0x00007ffed00bb000 	C:\Program Files\Android\Android Studio\jbr\bin\management_ext.dll
0x00007ffeea120000 - 0x00007ffeea13b000 	C:\Windows\SYSTEM32\CRYPTSP.dll
0x00007ffee99f0000 - 0x00007ffee9a25000 	C:\Windows\system32\rsaenh.dll
0x00007ffee9fd0000 - 0x00007ffee9ff8000 	C:\Windows\SYSTEM32\USERENV.dll
0x00007ffeea2e0000 - 0x00007ffeea308000 	C:\Windows\SYSTEM32\bcrypt.dll
0x00007ffeea140000 - 0x00007ffeea14c000 	C:\Windows\SYSTEM32\CRYPTBASE.dll
0x00007ffee9570000 - 0x00007ffee959d000 	C:\Windows\SYSTEM32\IPHLPAPI.DLL
0x00007ffeece20000 - 0x00007ffeece29000 	C:\Windows\System32\NSI.dll
0x00007ffee1d10000 - 0x00007ffee1d29000 	C:\Windows\SYSTEM32\dhcpcsvc6.DLL
0x00007ffee1cf0000 - 0x00007ffee1d0f000 	C:\Windows\SYSTEM32\dhcpcsvc.DLL
0x00007ffee95e0000 - 0x00007ffee96d2000 	C:\Windows\SYSTEM32\DNSAPI.dll
0x00007ffec0310000 - 0x00007ffec0327000 	C:\Windows\system32\napinsp.dll
0x00007ffeb8960000 - 0x00007ffeb897b000 	C:\Windows\system32\pnrpnsp.dll
0x00007ffeafa90000 - 0x00007ffeafaa1000 	C:\Windows\System32\winrnr.dll
0x00007ffec13e0000 - 0x00007ffec13f5000 	C:\Windows\system32\wshbth.dll
0x00007ffeb9d20000 - 0x00007ffeb9d41000 	C:\Windows\system32\nlansp_c.dll
0x00007ffed7fc0000 - 0x00007ffed7fca000 	C:\Windows\System32\rasadhlp.dll
0x00007ffee01e0000 - 0x00007ffee0263000 	C:\Windows\System32\fwpuclnt.dll
0x00007ffe671f0000 - 0x00007ffe67217000 	C:\Program Files\Android\Android Studio\jbr\bin\sunec.dll
0x00007ffee9aa0000 - 0x00007ffee9ad4000 	C:\Windows\SYSTEM32\ntmarta.dll

dbghelp: loaded successfully - version: 4.0.5 - missing functions: none
symbol engine: initialized successfully - sym options: 0x614 - pdb path: .;C:\Program Files\Android\Android Studio\jbr\bin;C:\Windows\SYSTEM32;C:\Windows\WinSxS\amd64_microsoft.windows.common-controls_6595b64144ccf1df_6.0.22621.608_none_a9444ca7c10bb01d;C:\Program Files\Android\Android Studio\jbr\bin\server;C:\Users\Microsoft\.gradle\native\e1d6ef7f7dcc3fd88c89a11ec53ec762bb8ba0a96d01ffa2cd45eb1d1d8dd5c5\windows-amd64;C:\Users\Microsoft\.gradle\native\0d407fdbe67a94daf76414ababcb853783967236a71b16ec16e742cd7a986fd3\windows-amd64

VM Arguments:
jvm_args: --add-opens=java.base/java.util=ALL-UNNAMED --add-opens=java.base/java.lang=ALL-UNNAMED --add-opens=java.base/java.lang.invoke=ALL-UNNAMED --add-opens=java.base/java.util=ALL-UNNAMED --add-opens=java.prefs/java.util.prefs=ALL-UNNAMED --add-opens=java.prefs/java.util.prefs=ALL-UNNAMED --add-opens=java.base/java.nio.charset=ALL-UNNAMED --add-opens=java.base/java.net=ALL-UNNAMED --add-opens=java.base/java.util.concurrent.atomic=ALL-UNNAMED -Xmx2048m -Dfile.encoding=UTF-8 -Duser.country=US -Duser.language=en -Duser.variant 
java_command: org.gradle.launcher.daemon.bootstrap.GradleDaemon 7.5
java_class_path (initial): C:\Users\Microsoft\.gradle\wrapper\dists\gradle-7.5-bin\f1w0cc9nuo0eivz97x2xlu9sv\gradle-7.5\lib\gradle-launcher-7.5.jar
Launcher Type: SUN_STANDARD

[Global flags]
     intx CICompilerCount                          = 3                                         {product} {ergonomic}
     uint ConcGCThreads                            = 1                                         {product} {ergonomic}
     uint G1ConcRefinementThreads                  = 4                                         {product} {ergonomic}
   size_t G1HeapRegionSize                         = 1048576                                   {product} {ergonomic}
    uintx GCDrainStackTargetSize                   = 64                                        {product} {ergonomic}
   size_t InitialHeapSize                          = 201326592                                 {product} {ergonomic}
   size_t MarkStackSize                            = 4194304                                   {product} {ergonomic}
   size_t MaxHeapSize                              = 2147483648                                {product} {command line}
   size_t MaxNewSize                               = 1287651328                                {product} {ergonomic}
   size_t MinHeapDeltaBytes                        = 1048576                                   {product} {ergonomic}
    uintx NonNMethodCodeHeapSize                   = 5830732                                {pd product} {ergonomic}
    uintx NonProfiledCodeHeapSize                  = 122913754                              {pd product} {ergonomic}
    uintx ProfiledCodeHeapSize                     = 122913754                              {pd product} {ergonomic}
    uintx ReservedCodeCacheSize                    = 251658240                              {pd product} {ergonomic}
     bool SegmentedCodeCache                       = true                                      {product} {ergonomic}
     bool UseCompressedClassPointers               = true                                 {lp64_product} {ergonomic}
     bool UseCompressedOops                        = true                                 {lp64_product} {ergonomic}
     bool UseG1GC                                  = true                                      {product} {ergonomic}
     bool UseLargePagesIndividualAllocation        = false                                  {pd product} {ergonomic}

Logging:
Log output configuration:
 #0: stdout all=warning uptime,level,tags
 #1: stderr all=off uptime,level,tags

Environment Variables:
JAVA_HOME=C:\Program Files\Java\jdk-19
PATH=C:\Program Files\Common Files\Oracle\Java\javapath;C:\Windows\system32;C:\Windows;C:\Windows\System32\Wbem;C:\Windows\System32\WindowsPowerShell\v1.0\;C:\Windows\System32\OpenSSH\;C:\Program Files\Java\jdk-19\bin;C:\Program Files\Common Files\Oracle\Java\javapath;C:\Program Files\Git\cmd;C:\Users\Microsoft\AppData\Local\Microsoft\WindowsApps;;F:\Microsoft VS Code\bin;C:\Program Files\JetBrains\IntelliJ IDEA Community Edition 2022.3.2\bin;
USERNAME=Microsoft
OS=Windows_NT
PROCESSOR_IDENTIFIER=Intel64 Family 6 Model 78 Stepping 3, GenuineIntel



---------------  S Y S T E M  ---------------

OS: Windows 11 , 64 bit Build 22621 (10.0.22621.608)
OS uptime: 1 days 9:08 hours

CPU:total 4 (initial active 4) (2 cores per cpu, 2 threads per core) family 6 model 78 stepping 3 microcode 0xd6, cmov, cx8, fxsr, mmx, sse, sse2, sse3, ssse3, sse4.1, sse4.2, popcnt, avx, avx2, aes, clmul, erms, 3dnowpref, lzcnt, ht, tsc, tscinvbit, bmi1, bmi2, adx, fma

Memory: 4k page, system-wide physical 12179M (397M free)
TotalPageFile size 14227M (AvailPageFile size 5M)
current process WorkingSet (physical memory assigned to process): 801M, peak: 803M
current process commit charge ("private bytes"): 838M, peak: 841M

vm_info: OpenJDK 64-Bit Server VM (11.0.15+0-b2043.56-9505619) for windows-amd64 JRE (11.0.15+0-b2043.56-9505619), built on Jan 19 2023 02:48:00 by "builduser" with unknown MS VC++:1929

END.
