#
# There is insufficient memory for the Java Runtime Environment to continue.
# Native memory allocation (mmap) failed to map 116391936 bytes for Failed to commit area from 0x0000000093100000 to 0x000000009a000000 of length 116391936.
# Possible reasons:
#   The system is out of physical RAM or swap space
#   The process is running with CompressedOops enabled, and the Java Heap may be blocking the growth of the native heap
# Possible solutions:
#   Reduce memory load on the system
#   Increase physical memory or swap space
#   Check if swap backing store is full
#   Decrease Java heap size (-Xmx/-Xms)
#   Decrease number of Java threads
#   Decrease Java thread stack sizes (-Xss)
#   Set larger code cache with -XX:ReservedCodeCacheSize=
#   JVM is running with Unscaled Compressed Oops mode in which the Java heap is
#     placed in the first 4GB address space. The Java Heap base address is the
#     maximum limit for the native heap growth. Please use -XX:HeapBaseMinAddress
#     to set the Java Heap base and to place the Java Heap above 4GB virtual address.
# This output file may be truncated or incomplete.
#
#  Out of Memory Error (src/hotspot/os/windows/os_windows.cpp:3627), pid=16920, tid=22280
#
# JRE version: OpenJDK Runtime Environment (11.0.15) (build 11.0.15+0-b2043.56-9505619)
# Java VM: OpenJDK 64-Bit Server VM (11.0.15+0-b2043.56-9505619, mixed mode, tiered, compressed oops, g1 gc, windows-amd64)
# No core dump will be written. Minidumps are not enabled by default on client versions of Windows
#

---------------  S U M M A R Y ------------

Command Line: --add-opens=java.base/java.util=ALL-UNNAMED --add-opens=java.base/java.lang=ALL-UNNAMED --add-opens=java.base/java.lang.invoke=ALL-UNNAMED --add-opens=java.base/java.util=ALL-UNNAMED --add-opens=java.prefs/java.util.prefs=ALL-UNNAMED --add-opens=java.prefs/java.util.prefs=ALL-UNNAMED --add-opens=java.base/java.nio.charset=ALL-UNNAMED --add-opens=java.base/java.net=ALL-UNNAMED --add-opens=java.base/java.util.concurrent.atomic=ALL-UNNAMED -Xmx2048m -Dfile.encoding=UTF-8 -Duser.country=US -Duser.language=en -Duser.variant org.gradle.launcher.daemon.bootstrap.GradleDaemon 7.5

Host: Intel(R) Core(TM) i5-6200U CPU @ 2.30GHz, 4 cores, 11G,  Windows 11 , 64 bit Build 22621 (10.0.22621.608)
Time: Sun May  7 04:32:42 2023 Pakistan Standard Time elapsed time: 53.291252 seconds (0d 0h 0m 53s)

---------------  T H R E A D  ---------------

Current thread (0x000001c9b0b07000):  VMThread "VM Thread" [stack: 0x0000008d24e00000,0x0000008d24f00000] [id=22280]

Stack: [0x0000008d24e00000,0x0000008d24f00000]
[error occurred during error reporting (printing stack bounds), id 0xc0000005, EXCEPTION_ACCESS_VIOLATION (0xc0000005) at pc=0x000001c99a9e112d]

Native frames: (J=compiled Java code, j=interpreted, Vv=VM code, C=native code)
V  [jvm.dll+0x64135a]
V  [jvm.dll+0x7d39f9]
V  [jvm.dll+0x7d51b9]
V  [jvm.dll+0x7d5805]
V  [jvm.dll+0x7d57bb]
V  [jvm.dll+0x640655]
V  [jvm.dll+0x640d68]
C  [ntdll.dll+0xa3e1f]
C  [ntdll.dll+0x1eae6]
C  [ntdll.dll+0xa2e0e]
C  0x000001c99a9e112d

VM_Operation (0x0000008d2b2fe590): G1CollectForAllocation, mode: safepoint, requested by thread 0x000001c9bb6b8800


---------------  P R O C E S S  ---------------

Threads class SMR info:
_java_thread_list=0x000001c9bf4918f0, length=95, elements={
0x000001c996ebc000, 0x000001c9b0b08800, 0x000001c9b0b0b000, 0x000001c9b136a800,
0x000001c9b136b800, 0x000001c9b136c800, 0x000001c9b137b000, 0x000001c9b137f800,
0x000001c9b1382000, 0x000001c9b14d9800, 0x000001c9b2945000, 0x000001c9b36e4800,
0x000001c9b2a5c000, 0x000001c9b4121000, 0x000001c9b3733800, 0x000001c9b2d82800,
0x000001c9b40e4000, 0x000001c9b352f000, 0x000001c9b2fdd800, 0x000001c9b36db000,
0x000001c9b36dc000, 0x000001c9b36dc800, 0x000001c9b36de800, 0x000001c9b36dd800,
0x000001c9b36d9800, 0x000001c9b36d8800, 0x000001c9b36df000, 0x000001c9b36da800,
0x000001c9b3ed6800, 0x000001c9b3ed5000, 0x000001c9b3ed7800, 0x000001c9b3ed3800,
0x000001c9b3eda000, 0x000001c9b3ed4000, 0x000001c9b3eda800, 0x000001c9b3edb800,
0x000001c9b3ed5800, 0x000001c9b3edf800, 0x000001c9b3edd000, 0x000001c9b3ede800,
0x000001c9b3ee2000, 0x000001c9b3edc800, 0x000001c9b3ee1000, 0x000001c9b3ee0800,
0x000001c9b3ede000, 0x000001c9b3831000, 0x000001c9b3833800, 0x000001c9b3832000,
0x000001c9b3834800, 0x000001c9b3835000, 0x000001c9b3838800, 0x000001c9b3836000,
0x000001c9b3832800, 0x000001c9b383b000, 0x000001c9b383a000, 0x000001c9b383b800,
0x000001c9b383c800, 0x000001c9b3836800, 0x000001c9b383d800, 0x000001c9b3839000,
0x000001c9b3837800, 0x000001c9b383e000, 0x000001c9b383f800, 0x000001c9b383f000,
0x000001c9b6ee3800, 0x000001c9b6ee0000, 0x000001c9b6ee6800, 0x000001c9b6ee4000,
0x000001c9b6ee5000, 0x000001c9b6ee1800, 0x000001c9b6ee6000, 0x000001c9b6ee2800,
0x000001c9b6ee1000, 0x000001c9b6ee8000, 0x000001c9b6eed000, 0x000001c9b6eea800,
0x000001c9b6eeb800, 0x000001c9b6eec800, 0x000001c9b6ee7800, 0x000001c9b6eee000,
0x000001c9b6ee9000, 0x000001c9bb6ae000, 0x000001c9bb6ab800, 0x000001c9bb6ad000,
0x000001c9bb6ac000, 0x000001c9bb6ae800, 0x000001c9b8aef800, 0x000001c9bb6b0800,
0x000001c9bb6b7000, 0x000001c9bb6b2000, 0x000001c9bb6b1000, 0x000001c9bb6b5000,
0x000001c9bb6b9800, 0x000001c9bb6b8800, 0x000001c9bb6b6000
}

Java Threads: ( => current thread )
  0x000001c996ebc000 JavaThread "main" [_thread_blocked, id=15304, stack(0x0000008d24800000,0x0000008d24900000)]
  0x000001c9b0b08800 JavaThread "Reference Handler" daemon [_thread_blocked, id=6680, stack(0x0000008d24f00000,0x0000008d25000000)]
  0x000001c9b0b0b000 JavaThread "Finalizer" daemon [_thread_blocked, id=19392, stack(0x0000008d25000000,0x0000008d25100000)]
  0x000001c9b136a800 JavaThread "Signal Dispatcher" daemon [_thread_blocked, id=11248, stack(0x0000008d25100000,0x0000008d25200000)]
  0x000001c9b136b800 JavaThread "Attach Listener" daemon [_thread_blocked, id=5496, stack(0x0000008d25200000,0x0000008d25300000)]
  0x000001c9b136c800 JavaThread "Service Thread" daemon [_thread_blocked, id=7744, stack(0x0000008d25300000,0x0000008d25400000)]
  0x000001c9b137b000 JavaThread "C2 CompilerThread0" daemon [_thread_in_native, id=11020, stack(0x0000008d25400000,0x0000008d25500000)]
  0x000001c9b137f800 JavaThread "C1 CompilerThread0" daemon [_thread_blocked, id=15252, stack(0x0000008d25500000,0x0000008d25600000)]
  0x000001c9b1382000 JavaThread "Sweeper thread" daemon [_thread_blocked, id=10680, stack(0x0000008d25600000,0x0000008d25700000)]
  0x000001c9b14d9800 JavaThread "Common-Cleaner" daemon [_thread_blocked, id=14624, stack(0x0000008d25700000,0x0000008d25800000)]
  0x000001c9b2945000 JavaThread "Daemon health stats" [_thread_blocked, id=10348, stack(0x0000008d25d00000,0x0000008d25e00000)]
  0x000001c9b36e4800 JavaThread "Incoming local TCP Connector on port 57378" [_thread_in_native, id=16380, stack(0x0000008d25900000,0x0000008d25a00000)]
  0x000001c9b2a5c000 JavaThread "Daemon periodic checks" [_thread_blocked, id=4836, stack(0x0000008d25e00000,0x0000008d25f00000)]
  0x000001c9b4121000 JavaThread "Daemon" [_thread_blocked, id=20772, stack(0x0000008d25f00000,0x0000008d26000000)]
  0x000001c9b3733800 JavaThread "Handler for socket connection from /127.0.0.1:57378 to /127.0.0.1:57379" [_thread_in_native, id=14444, stack(0x0000008d26000000,0x0000008d26100000)]
  0x000001c9b2d82800 JavaThread "Cancel handler" [_thread_blocked, id=14716, stack(0x0000008d26100000,0x0000008d26200000)]
  0x000001c9b40e4000 JavaThread "Daemon worker" [_thread_blocked, id=20684, stack(0x0000008d26200000,0x0000008d26300000)]
  0x000001c9b352f000 JavaThread "Asynchronous log dispatcher for DefaultDaemonConnection: socket connection from /127.0.0.1:57378 to /127.0.0.1:57379" [_thread_blocked, id=12044, stack(0x0000008d26300000,0x0000008d26400000)]
  0x000001c9b2fdd800 JavaThread "Stdin handler" [_thread_blocked, id=1408, stack(0x0000008d26400000,0x0000008d26500000)]
  0x000001c9b36db000 JavaThread "Daemon client event forwarder" [_thread_blocked, id=13396, stack(0x0000008d26500000,0x0000008d26600000)]
  0x000001c9b36dc000 JavaThread "Cache worker for journal cache (C:\Users\Microsoft\.gradle\caches\journal-1)" [_thread_blocked, id=11816, stack(0x0000008d26600000,0x0000008d26700000)]
  0x000001c9b36dc800 JavaThread "File lock request listener" [_thread_in_native, id=19944, stack(0x0000008d26700000,0x0000008d26800000)]
  0x000001c9b36de800 JavaThread "Cache worker for file hash cache (C:\Users\Microsoft\.gradle\caches\7.5\fileHashes)" [_thread_blocked, id=11768, stack(0x0000008d26800000,0x0000008d26900000)]
  0x000001c9b36dd800 JavaThread "File watcher server" daemon [_thread_blocked, id=8512, stack(0x0000008d26a00000,0x0000008d26b00000)]
  0x000001c9b36d9800 JavaThread "File watcher consumer" daemon [_thread_blocked, id=18712, stack(0x0000008d26b00000,0x0000008d26c00000)]
  0x000001c9b36d8800 JavaThread "Cache worker for checksums cache (F:\AndroidProjectsSSD\ToDoList\.gradle\7.5\checksums)" [_thread_blocked, id=8384, stack(0x0000008d26c00000,0x0000008d26d00000)]
  0x000001c9b36df000 JavaThread "Cache worker for cache directory md-rule (C:\Users\Microsoft\.gradle\caches\7.5\md-rule)" [_thread_blocked, id=11992, stack(0x0000008d26d00000,0x0000008d26e00000)]
  0x000001c9b36da800 JavaThread "Cache worker for file content cache (C:\Users\Microsoft\.gradle\caches\7.5\fileContent)" [_thread_blocked, id=4260, stack(0x0000008d26e00000,0x0000008d26f00000)]
  0x000001c9b3ed6800 JavaThread "Cache worker for file hash cache (F:\AndroidProjectsSSD\ToDoList\.gradle\7.5\fileHashes)" [_thread_blocked, id=18772, stack(0x0000008d26900000,0x0000008d26a00000)]
  0x000001c9b3ed5000 JavaThread "Cache worker for cache directory md-supplier (C:\Users\Microsoft\.gradle\caches\7.5\md-supplier)" [_thread_blocked, id=15980, stack(0x0000008d26f00000,0x0000008d27000000)]
  0x000001c9b3ed7800 JavaThread "Cache worker for execution history cache (C:\Users\Microsoft\.gradle\caches\7.5\executionHistory)" [_thread_blocked, id=20848, stack(0x0000008d27000000,0x0000008d27100000)]
  0x000001c9b3ed3800 JavaThread "jar transforms" [_thread_blocked, id=17172, stack(0x0000008d27100000,0x0000008d27200000)]
  0x000001c9b3eda000 JavaThread "jar transforms Thread 2" [_thread_blocked, id=10456, stack(0x0000008d27300000,0x0000008d27400000)]
  0x000001c9b3ed4000 JavaThread "jar transforms Thread 3" [_thread_blocked, id=13920, stack(0x0000008d27400000,0x0000008d27500000)]
  0x000001c9b3eda800 JavaThread "jar transforms Thread 4" [_thread_blocked, id=18616, stack(0x0000008d27500000,0x0000008d27600000)]
  0x000001c9b3edb800 JavaThread "Cache worker for dependencies-accessors (F:\AndroidProjectsSSD\ToDoList\.gradle\7.5\dependencies-accessors)" [_thread_blocked, id=8116, stack(0x0000008d27600000,0x0000008d27700000)]
  0x000001c9b3ed5800 JavaThread "Cache worker for Build Output Cleanup Cache (F:\AndroidProjectsSSD\ToDoList\.gradle\buildOutputCleanup)" [_thread_blocked, id=9668, stack(0x0000008d27700000,0x0000008d27800000)]
  0x000001c9b3edf800 JavaThread "Unconstrained build operations" [_thread_blocked, id=14968, stack(0x0000008d27800000,0x0000008d27900000)]
  0x000001c9b3edd000 JavaThread "Unconstrained build operations Thread 2" [_thread_blocked, id=7540, stack(0x0000008d27900000,0x0000008d27a00000)]
  0x000001c9b3ede800 JavaThread "Unconstrained build operations Thread 3" [_thread_blocked, id=18252, stack(0x0000008d27a00000,0x0000008d27b00000)]
  0x000001c9b3ee2000 JavaThread "Unconstrained build operations Thread 4" [_thread_blocked, id=21892, stack(0x0000008d27b00000,0x0000008d27c00000)]
  0x000001c9b3edc800 JavaThread "Unconstrained build operations Thread 5" [_thread_blocked, id=3316, stack(0x0000008d27c00000,0x0000008d27d00000)]
  0x000001c9b3ee1000 JavaThread "Unconstrained build operations Thread 6" [_thread_blocked, id=19532, stack(0x0000008d27d00000,0x0000008d27e00000)]
  0x000001c9b3ee0800 JavaThread "Unconstrained build operations Thread 7" [_thread_blocked, id=12672, stack(0x0000008d27e00000,0x0000008d27f00000)]
  0x000001c9b3ede000 JavaThread "Unconstrained build operations Thread 8" [_thread_blocked, id=17936, stack(0x0000008d27f00000,0x0000008d28000000)]
  0x000001c9b3831000 JavaThread "Unconstrained build operations Thread 9" [_thread_blocked, id=12300, stack(0x0000008d28000000,0x0000008d28100000)]
  0x000001c9b3833800 JavaThread "Unconstrained build operations Thread 10" [_thread_blocked, id=20268, stack(0x0000008d28100000,0x0000008d28200000)]
  0x000001c9b3832000 JavaThread "Unconstrained build operations Thread 11" [_thread_blocked, id=6348, stack(0x0000008d28200000,0x0000008d28300000)]
  0x000001c9b3834800 JavaThread "Unconstrained build operations Thread 12" [_thread_blocked, id=15548, stack(0x0000008d28300000,0x0000008d28400000)]
  0x000001c9b3835000 JavaThread "Unconstrained build operations Thread 13" [_thread_blocked, id=17836, stack(0x0000008d28400000,0x0000008d28500000)]
  0x000001c9b3838800 JavaThread "Unconstrained build operations Thread 14" [_thread_blocked, id=12796, stack(0x0000008d28500000,0x0000008d28600000)]
  0x000001c9b3836000 JavaThread "Unconstrained build operations Thread 15" [_thread_blocked, id=1488, stack(0x0000008d28600000,0x0000008d28700000)]
  0x000001c9b3832800 JavaThread "Unconstrained build operations Thread 16" [_thread_blocked, id=22180, stack(0x0000008d28700000,0x0000008d28800000)]
  0x000001c9b383b000 JavaThread "Unconstrained build operations Thread 17" [_thread_blocked, id=19144, stack(0x0000008d28800000,0x0000008d28900000)]
  0x000001c9b383a000 JavaThread "Unconstrained build operations Thread 18" [_thread_blocked, id=13744, stack(0x0000008d28900000,0x0000008d28a00000)]
  0x000001c9b383b800 JavaThread "Unconstrained build operations Thread 19" [_thread_blocked, id=10352, stack(0x0000008d28a00000,0x0000008d28b00000)]
  0x000001c9b383c800 JavaThread "Unconstrained build operations Thread 20" [_thread_blocked, id=20432, stack(0x0000008d28b00000,0x0000008d28c00000)]
  0x000001c9b3836800 JavaThread "Unconstrained build operations Thread 21" [_thread_blocked, id=8104, stack(0x0000008d28c00000,0x0000008d28d00000)]
  0x000001c9b383d800 JavaThread "Unconstrained build operations Thread 22" [_thread_blocked, id=11160, stack(0x0000008d28d00000,0x0000008d28e00000)]
  0x000001c9b3839000 JavaThread "Unconstrained build operations Thread 23" [_thread_blocked, id=17868, stack(0x0000008d28e00000,0x0000008d28f00000)]
  0x000001c9b3837800 JavaThread "Unconstrained build operations Thread 24" [_thread_blocked, id=7180, stack(0x0000008d28f00000,0x0000008d29000000)]
  0x000001c9b383e000 JavaThread "Unconstrained build operations Thread 25" [_thread_blocked, id=18304, stack(0x0000008d29000000,0x0000008d29100000)]
  0x000001c9b383f800 JavaThread "Unconstrained build operations Thread 26" [_thread_blocked, id=1464, stack(0x0000008d29100000,0x0000008d29200000)]
  0x000001c9b383f000 JavaThread "Unconstrained build operations Thread 27" [_thread_blocked, id=6356, stack(0x0000008d29200000,0x0000008d29300000)]
  0x000001c9b6ee3800 JavaThread "Unconstrained build operations Thread 28" [_thread_blocked, id=16724, stack(0x0000008d29300000,0x0000008d29400000)]
  0x000001c9b6ee0000 JavaThread "Unconstrained build operations Thread 29" [_thread_blocked, id=17980, stack(0x0000008d29400000,0x0000008d29500000)]
  0x000001c9b6ee6800 JavaThread "Unconstrained build operations Thread 30" [_thread_blocked, id=2576, stack(0x0000008d29500000,0x0000008d29600000)]
  0x000001c9b6ee4000 JavaThread "Unconstrained build operations Thread 31" [_thread_blocked, id=15340, stack(0x0000008d29600000,0x0000008d29700000)]
  0x000001c9b6ee5000 JavaThread "Unconstrained build operations Thread 32" [_thread_blocked, id=7508, stack(0x0000008d29700000,0x0000008d29800000)]
  0x000001c9b6ee1800 JavaThread "Unconstrained build operations Thread 33" [_thread_blocked, id=8964, stack(0x0000008d29800000,0x0000008d29900000)]
  0x000001c9b6ee6000 JavaThread "Unconstrained build operations Thread 34" [_thread_blocked, id=9016, stack(0x0000008d29900000,0x0000008d29a00000)]
  0x000001c9b6ee2800 JavaThread "Unconstrained build operations Thread 35" [_thread_blocked, id=13088, stack(0x0000008d29a00000,0x0000008d29b00000)]
  0x000001c9b6ee1000 JavaThread "Unconstrained build operations Thread 36" [_thread_blocked, id=17652, stack(0x0000008d29b00000,0x0000008d29c00000)]
  0x000001c9b6ee8000 JavaThread "Unconstrained build operations Thread 37" [_thread_blocked, id=3796, stack(0x0000008d29c00000,0x0000008d29d00000)]
  0x000001c9b6eed000 JavaThread "Unconstrained build operations Thread 38" [_thread_blocked, id=19680, stack(0x0000008d29d00000,0x0000008d29e00000)]
  0x000001c9b6eea800 JavaThread "Unconstrained build operations Thread 39" [_thread_blocked, id=18540, stack(0x0000008d29e00000,0x0000008d29f00000)]
  0x000001c9b6eeb800 JavaThread "Unconstrained build operations Thread 40" [_thread_blocked, id=8508, stack(0x0000008d29f00000,0x0000008d2a000000)]
  0x000001c9b6eec800 JavaThread "build event listener" [_thread_blocked, id=14984, stack(0x0000008d2a000000,0x0000008d2a100000)]
  0x000001c9b6ee7800 JavaThread "Memory manager" [_thread_blocked, id=7720, stack(0x0000008d2a100000,0x0000008d2a200000)]
  0x000001c9b6eee000 JavaThread "pool-3-thread-1" [_thread_blocked, id=3272, stack(0x0000008d2a300000,0x0000008d2a400000)]
  0x000001c9b6ee9000 JavaThread "build event listener" [_thread_blocked, id=13828, stack(0x0000008d2a400000,0x0000008d2a500000)]
  0x000001c9bb6ae000 JavaThread "included builds" [_thread_blocked, id=9188, stack(0x0000008d2a500000,0x0000008d2a600000)]
  0x000001c9bb6ab800 JavaThread "Execution worker" [_thread_blocked, id=11456, stack(0x0000008d2a600000,0x0000008d2a700000)]
  0x000001c9bb6ad000 JavaThread "Execution worker Thread 2" [_thread_blocked, id=8500, stack(0x0000008d2a700000,0x0000008d2a800000)]
  0x000001c9bb6ac000 JavaThread "Execution worker Thread 3" [_thread_blocked, id=12132, stack(0x0000008d2a800000,0x0000008d2a900000)]
  0x000001c9bb6ae800 JavaThread "Cache worker for execution history cache (F:\AndroidProjectsSSD\ToDoList\.gradle\7.5\executionHistory)" [_thread_blocked, id=8564, stack(0x0000008d2a900000,0x0000008d2aa00000)]
  0x000001c9b8aef800 JavaThread "C2 CompilerThread1" daemon [_thread_in_native, id=6612, stack(0x0000008d27200000,0x0000008d27300000)]
  0x000001c9bb6b0800 JavaThread "WorkerExecutor Queue" [_thread_blocked, id=21252, stack(0x0000008d2aa00000,0x0000008d2ab00000)]
  0x000001c9bb6b7000 JavaThread "WorkerExecutor Queue Thread 2" [_thread_blocked, id=20000, stack(0x0000008d2ad00000,0x0000008d2ae00000)]
  0x000001c9bb6b2000 JavaThread "WorkerExecutor Queue Thread 3" [_thread_blocked, id=12188, stack(0x0000008d2ae00000,0x0000008d2af00000)]
  0x000001c9bb6b1000 JavaThread "WorkerExecutor Queue Thread 4" [_thread_blocked, id=6816, stack(0x0000008d2af00000,0x0000008d2b000000)]
  0x000001c9bb6b5000 JavaThread "ForkJoinPool-1-worker-3" daemon [_thread_blocked, id=10452, stack(0x0000008d2b000000,0x0000008d2b100000)]
  0x000001c9bb6b9800 JavaThread "ForkJoinPool-1-worker-5" daemon [_thread_blocked, id=11600, stack(0x0000008d2b100000,0x0000008d2b200000)]
  0x000001c9bb6b8800 JavaThread "ForkJoinPool-1-worker-7" daemon [_thread_blocked, id=16848, stack(0x0000008d2b200000,0x0000008d2b300000)]
  0x000001c9bb6b6000 JavaThread "ForkJoinPool-1-worker-1" daemon [_thread_blocked, id=1760, stack(0x0000008d2b300000,0x0000008d2b400000)]

Other Threads:
=>0x000001c9b0b07000 VMThread "VM Thread" [stack: 0x0000008d24e00000,0x0000008d24f00000] [id=22280]
  0x000001c9b14ec800 WatcherThread [stack: 0x0000008d25800000,0x0000008d25900000] [id=21152]
  0x000001c996ed5800 GCTaskThread "GC Thread#0" [stack: 0x0000008d24900000,0x0000008d24a00000] [id=9860]
  0x000001c9b1d75800 GCTaskThread "GC Thread#1" [stack: 0x0000008d25a00000,0x0000008d25b00000] [id=1400]
  0x000001c9b1d76000 GCTaskThread "GC Thread#2" [stack: 0x0000008d25b00000,0x0000008d25c00000] [id=18428]
  0x000001c9b1c74800 GCTaskThread "GC Thread#3" [stack: 0x0000008d25c00000,0x0000008d25d00000] [id=10500]
  0x000001c996f08000 ConcurrentGCThread "G1 Main Marker" [stack: 0x0000008d24a00000,0x0000008d24b00000] [id=6420]
  0x000001c996f0a000 ConcurrentGCThread "G1 Conc#0" [stack: 0x0000008d24b00000,0x0000008d24c00000] [id=1532]
  0x000001c9b0956800 ConcurrentGCThread "G1 Refine#0" [stack: 0x0000008d24c00000,0x0000008d24d00000] [id=8476]
  0x000001c9b8b10800 ConcurrentGCThread "G1 Refine#1" [stack: 0x0000008d2a200000,0x0000008d2a300000] [id=14736]
  0x000001c9b6f8a800 ConcurrentGCThread "G1 Refine#2" [stack: 0x0000008d2b400000,0x0000008d2b500000] [id=17824]
  0x000001c9b095a800 ConcurrentGCThread "G1 Young RemSet Sampling" [stack: 0x0000008d24d00000,0x0000008d24e00000] [id=20200]

Threads with active compile tasks:
C2 CompilerThread0    53336 18381 %     4       com.android.tools.r8.dex.code.v1::a @ 20 (4134 bytes)
C2 CompilerThread1    53337 18242       4       com.android.tools.r8.dex.i::a (829 bytes)

VM state:at safepoint (normal execution)

VM Mutex/Monitor currently owned by a thread:  ([mutex/lock_event])
[0x000001c996eb0320] Threads_lock - owner thread: 0x000001c9b0b07000
[0x000001c996eb8b30] Heap_lock - owner thread: 0x000001c9bb6b8800

Heap address: 0x0000000080000000, size: 2048 MB, Compressed Oops mode: 32-bit
Narrow klass base: 0x0000000000000000, Narrow klass shift: 3
Compressed class space size: 1073741824 Address: 0x0000000100000000

Heap:
 garbage-first heap   total 425984K, used 223744K [0x0000000080000000, 0x0000000100000000)
  region size 1024K, 6 young (6144K), 6 survivors (6144K)
 Metaspace       used 115676K, capacity 118963K, committed 119760K, reserved 1153024K
  class space    used 14780K, capacity 16085K, committed 16460K, reserved 1048576K
Heap Regions: E=young(eden), S=young(survivor), O=old, HS=humongous(starts), HC=humongous(continues), CS=collection set, F=free, A=archive, TAMS=top-at-mark-start (previous, next)
|   0|0x0000000080000000, 0x0000000080100000, 0x0000000080100000|100%|HS|  |TAMS 0x0000000080100000, 0x0000000080100000| Complete 
|   1|0x0000000080100000, 0x0000000080200000, 0x0000000080200000|100%|HC|  |TAMS 0x0000000080200000, 0x0000000080200000| Complete 
|   2|0x0000000080200000, 0x0000000080300000, 0x0000000080300000|100%|HC|  |TAMS 0x0000000080300000, 0x0000000080300000| Complete 
|   3|0x0000000080300000, 0x0000000080400000, 0x0000000080400000|100%| O|  |TAMS 0x0000000080400000, 0x0000000080400000| Untracked 
|   4|0x0000000080400000, 0x0000000080500000, 0x0000000080500000|100%| O|  |TAMS 0x0000000080500000, 0x0000000080500000| Untracked 
|   5|0x0000000080500000, 0x0000000080600000, 0x0000000080600000|100%| O|  |TAMS 0x0000000080600000, 0x0000000080600000| Untracked 
|   6|0x0000000080600000, 0x0000000080700000, 0x0000000080700000|100%| O|  |TAMS 0x0000000080700000, 0x0000000080700000| Untracked 
|   7|0x0000000080700000, 0x0000000080800000, 0x0000000080800000|100%| O|  |TAMS 0x0000000080800000, 0x0000000080800000| Untracked 
|   8|0x0000000080800000, 0x0000000080900000, 0x0000000080900000|100%| O|  |TAMS 0x0000000080900000, 0x0000000080900000| Untracked 
|   9|0x0000000080900000, 0x0000000080a00000, 0x0000000080a00000|100%| O|  |TAMS 0x0000000080a00000, 0x0000000080a00000| Untracked 
|  10|0x0000000080a00000, 0x0000000080b00000, 0x0000000080b00000|100%| O|  |TAMS 0x0000000080b00000, 0x0000000080b00000| Untracked 
|  11|0x0000000080b00000, 0x0000000080c00000, 0x0000000080c00000|100%| O|  |TAMS 0x0000000080c00000, 0x0000000080c00000| Untracked 
|  12|0x0000000080c00000, 0x0000000080d00000, 0x0000000080d00000|100%| O|  |TAMS 0x0000000080d00000, 0x0000000080d00000| Untracked 
|  13|0x0000000080d00000, 0x0000000080e00000, 0x0000000080e00000|100%| O|  |TAMS 0x0000000080e00000, 0x0000000080e00000| Untracked 
|  14|0x0000000080e00000, 0x0000000080f00000, 0x0000000080f00000|100%| O|  |TAMS 0x0000000080f00000, 0x0000000080f00000| Untracked 
|  15|0x0000000080f00000, 0x0000000081000000, 0x0000000081000000|100%| O|  |TAMS 0x0000000081000000, 0x0000000081000000| Untracked 
|  16|0x0000000081000000, 0x0000000081100000, 0x0000000081100000|100%|HS|  |TAMS 0x0000000081100000, 0x0000000081100000| Complete 
|  17|0x0000000081100000, 0x0000000081200000, 0x0000000081200000|100%| O|  |TAMS 0x0000000081200000, 0x0000000081200000| Untracked 
|  18|0x0000000081200000, 0x0000000081300000, 0x0000000081300000|100%| O|  |TAMS 0x0000000081300000, 0x0000000081300000| Untracked 
|  19|0x0000000081300000, 0x0000000081400000, 0x0000000081400000|100%| O|  |TAMS 0x0000000081400000, 0x0000000081400000| Untracked 
|  20|0x0000000081400000, 0x0000000081500000, 0x0000000081500000|100%| O|  |TAMS 0x0000000081500000, 0x0000000081500000| Untracked 
|  21|0x0000000081500000, 0x0000000081600000, 0x0000000081600000|100%| O|  |TAMS 0x0000000081600000, 0x0000000081600000| Untracked 
|  22|0x0000000081600000, 0x0000000081700000, 0x0000000081700000|100%| O|  |TAMS 0x0000000081700000, 0x0000000081700000| Untracked 
|  23|0x0000000081700000, 0x0000000081800000, 0x0000000081800000|100%| O|  |TAMS 0x0000000081800000, 0x0000000081800000| Untracked 
|  24|0x0000000081800000, 0x0000000081900000, 0x0000000081900000|100%|HS|  |TAMS 0x0000000081900000, 0x0000000081900000| Complete 
|  25|0x0000000081900000, 0x0000000081a00000, 0x0000000081a00000|100%|HC|  |TAMS 0x0000000081a00000, 0x0000000081a00000| Complete 
|  26|0x0000000081a00000, 0x0000000081b00000, 0x0000000081b00000|100%|HS|  |TAMS 0x0000000081b00000, 0x0000000081b00000| Complete 
|  27|0x0000000081b00000, 0x0000000081c00000, 0x0000000081c00000|100%|HS|  |TAMS 0x0000000081c00000, 0x0000000081c00000| Complete 
|  28|0x0000000081c00000, 0x0000000081d00000, 0x0000000081d00000|100%|HC|  |TAMS 0x0000000081d00000, 0x0000000081d00000| Complete 
|  29|0x0000000081d00000, 0x0000000081e00000, 0x0000000081e00000|100%|HC|  |TAMS 0x0000000081e00000, 0x0000000081e00000| Complete 
|  30|0x0000000081e00000, 0x0000000081f00000, 0x0000000081f00000|100%|HC|  |TAMS 0x0000000081f00000, 0x0000000081f00000| Complete 
|  31|0x0000000081f00000, 0x0000000082000000, 0x0000000082000000|100%| O|  |TAMS 0x0000000082000000, 0x0000000082000000| Untracked 
|  32|0x0000000082000000, 0x0000000082100000, 0x0000000082100000|100%| O|  |TAMS 0x0000000082100000, 0x0000000082100000| Untracked 
|  33|0x0000000082100000, 0x0000000082200000, 0x0000000082200000|100%| O|  |TAMS 0x0000000082200000, 0x0000000082200000| Untracked 
|  34|0x0000000082200000, 0x0000000082300000, 0x0000000082300000|100%| O|  |TAMS 0x0000000082300000, 0x0000000082300000| Untracked 
|  35|0x0000000082300000, 0x0000000082400000, 0x0000000082400000|100%| O|  |TAMS 0x0000000082400000, 0x0000000082400000| Untracked 
|  36|0x0000000082400000, 0x0000000082500000, 0x0000000082500000|100%| O|  |TAMS 0x0000000082500000, 0x0000000082500000| Untracked 
|  37|0x0000000082500000, 0x0000000082600000, 0x0000000082600000|100%| O|  |TAMS 0x0000000082600000, 0x0000000082600000| Untracked 
|  38|0x0000000082600000, 0x0000000082700000, 0x0000000082700000|100%| O|  |TAMS 0x0000000082700000, 0x0000000082700000| Untracked 
|  39|0x0000000082700000, 0x0000000082800000, 0x0000000082800000|100%| O|  |TAMS 0x0000000082800000, 0x0000000082800000| Untracked 
|  40|0x0000000082800000, 0x0000000082900000, 0x0000000082900000|100%| O|  |TAMS 0x0000000082900000, 0x0000000082900000| Untracked 
|  41|0x0000000082900000, 0x0000000082a00000, 0x0000000082a00000|100%| O|  |TAMS 0x0000000082a00000, 0x0000000082a00000| Untracked 
|  42|0x0000000082a00000, 0x0000000082b00000, 0x0000000082b00000|100%| O|  |TAMS 0x0000000082b00000, 0x0000000082b00000| Untracked 
|  43|0x0000000082b00000, 0x0000000082c00000, 0x0000000082c00000|100%| O|  |TAMS 0x0000000082c00000, 0x0000000082c00000| Untracked 
|  44|0x0000000082c00000, 0x0000000082d00000, 0x0000000082d00000|100%| O|  |TAMS 0x0000000082d00000, 0x0000000082d00000| Untracked 
|  45|0x0000000082d00000, 0x0000000082e00000, 0x0000000082e00000|100%| O|  |TAMS 0x0000000082e00000, 0x0000000082e00000| Untracked 
|  46|0x0000000082e00000, 0x0000000082f00000, 0x0000000082f00000|100%| O|  |TAMS 0x0000000082f00000, 0x0000000082f00000| Untracked 
|  47|0x0000000082f00000, 0x0000000083000000, 0x0000000083000000|100%| O|  |TAMS 0x0000000083000000, 0x0000000083000000| Untracked 
|  48|0x0000000083000000, 0x0000000083100000, 0x0000000083100000|100%| O|  |TAMS 0x0000000083100000, 0x0000000083100000| Untracked 
|  49|0x0000000083100000, 0x0000000083200000, 0x0000000083200000|100%| O|  |TAMS 0x0000000083200000, 0x0000000083200000| Untracked 
|  50|0x0000000083200000, 0x0000000083300000, 0x0000000083300000|100%| O|  |TAMS 0x0000000083300000, 0x0000000083300000| Untracked 
|  51|0x0000000083300000, 0x0000000083400000, 0x0000000083400000|100%| O|  |TAMS 0x0000000083400000, 0x0000000083400000| Untracked 
|  52|0x0000000083400000, 0x0000000083500000, 0x0000000083500000|100%| O|  |TAMS 0x0000000083500000, 0x0000000083500000| Untracked 
|  53|0x0000000083500000, 0x0000000083600000, 0x0000000083600000|100%|HS|  |TAMS 0x0000000083500000, 0x0000000083600000| Complete 
|  54|0x0000000083600000, 0x0000000083700000, 0x0000000083700000|100%| O|  |TAMS 0x0000000083700000, 0x0000000083700000| Untracked 
|  55|0x0000000083700000, 0x0000000083800000, 0x0000000083800000|100%| O|  |TAMS 0x0000000083800000, 0x0000000083800000| Untracked 
|  56|0x0000000083800000, 0x0000000083900000, 0x0000000083900000|100%| O|  |TAMS 0x0000000083900000, 0x0000000083900000| Untracked 
|  57|0x0000000083900000, 0x0000000083a00000, 0x0000000083a00000|100%| O|  |TAMS 0x0000000083a00000, 0x0000000083a00000| Untracked 
|  58|0x0000000083a00000, 0x0000000083b00000, 0x0000000083b00000|100%| O|  |TAMS 0x0000000083b00000, 0x0000000083b00000| Untracked 
|  59|0x0000000083b00000, 0x0000000083c00000, 0x0000000083c00000|100%| O|  |TAMS 0x0000000083c00000, 0x0000000083c00000| Untracked 
|  60|0x0000000083c00000, 0x0000000083d00000, 0x0000000083d00000|100%| O|  |TAMS 0x0000000083d00000, 0x0000000083d00000| Untracked 
|  61|0x0000000083d00000, 0x0000000083e00000, 0x0000000083e00000|100%| O|  |TAMS 0x0000000083e00000, 0x0000000083e00000| Untracked 
|  62|0x0000000083e00000, 0x0000000083f00000, 0x0000000083f00000|100%| O|  |TAMS 0x0000000083f00000, 0x0000000083f00000| Untracked 
|  63|0x0000000083f00000, 0x0000000084000000, 0x0000000084000000|100%| O|  |TAMS 0x0000000084000000, 0x0000000084000000| Untracked 
|  64|0x0000000084000000, 0x0000000084100000, 0x0000000084100000|100%| O|  |TAMS 0x0000000084100000, 0x0000000084100000| Untracked 
|  65|0x0000000084100000, 0x0000000084200000, 0x0000000084200000|100%| O|  |TAMS 0x0000000084200000, 0x0000000084200000| Untracked 
|  66|0x0000000084200000, 0x0000000084300000, 0x0000000084300000|100%| O|  |TAMS 0x0000000084300000, 0x0000000084300000| Untracked 
|  67|0x0000000084300000, 0x0000000084400000, 0x0000000084400000|100%| O|  |TAMS 0x0000000084400000, 0x0000000084400000| Untracked 
|  68|0x0000000084400000, 0x0000000084500000, 0x0000000084500000|100%| O|  |TAMS 0x0000000084500000, 0x0000000084500000| Untracked 
|  69|0x0000000084500000, 0x0000000084600000, 0x0000000084600000|100%| O|  |TAMS 0x0000000084600000, 0x0000000084600000| Untracked 
|  70|0x0000000084600000, 0x0000000084700000, 0x0000000084700000|100%| O|  |TAMS 0x0000000084700000, 0x0000000084700000| Untracked 
|  71|0x0000000084700000, 0x0000000084800000, 0x0000000084800000|100%| O|  |TAMS 0x0000000084800000, 0x0000000084800000| Untracked 
|  72|0x0000000084800000, 0x0000000084900000, 0x0000000084900000|100%| O|  |TAMS 0x0000000084900000, 0x0000000084900000| Untracked 
|  73|0x0000000084900000, 0x0000000084a00000, 0x0000000084a00000|100%| O|  |TAMS 0x0000000084a00000, 0x0000000084a00000| Untracked 
|  74|0x0000000084a00000, 0x0000000084b00000, 0x0000000084b00000|100%| O|  |TAMS 0x0000000084b00000, 0x0000000084b00000| Untracked 
|  75|0x0000000084b00000, 0x0000000084c00000, 0x0000000084c00000|100%| O|  |TAMS 0x0000000084c00000, 0x0000000084c00000| Untracked 
|  76|0x0000000084c00000, 0x0000000084d00000, 0x0000000084d00000|100%| O|  |TAMS 0x0000000084d00000, 0x0000000084d00000| Untracked 
|  77|0x0000000084d00000, 0x0000000084e00000, 0x0000000084e00000|100%| O|  |TAMS 0x0000000084e00000, 0x0000000084e00000| Untracked 
|  78|0x0000000084e00000, 0x0000000084f00000, 0x0000000084f00000|100%| O|  |TAMS 0x0000000084f00000, 0x0000000084f00000| Untracked 
|  79|0x0000000084f00000, 0x0000000085000000, 0x0000000085000000|100%| O|  |TAMS 0x0000000085000000, 0x0000000085000000| Untracked 
|  80|0x0000000085000000, 0x0000000085100000, 0x0000000085100000|100%| O|  |TAMS 0x0000000085100000, 0x0000000085100000| Untracked 
|  81|0x0000000085100000, 0x0000000085200000, 0x0000000085200000|100%| O|  |TAMS 0x0000000085200000, 0x0000000085200000| Untracked 
|  82|0x0000000085200000, 0x0000000085300000, 0x0000000085300000|100%| O|  |TAMS 0x0000000085300000, 0x0000000085300000| Untracked 
|  83|0x0000000085300000, 0x0000000085400000, 0x0000000085400000|100%| O|  |TAMS 0x0000000085400000, 0x0000000085400000| Untracked 
|  84|0x0000000085400000, 0x0000000085500000, 0x0000000085500000|100%| O|  |TAMS 0x0000000085500000, 0x0000000085500000| Untracked 
|  85|0x0000000085500000, 0x0000000085600000, 0x0000000085600000|100%| O|  |TAMS 0x0000000085600000, 0x0000000085600000| Untracked 
|  86|0x0000000085600000, 0x0000000085700000, 0x0000000085700000|100%| O|  |TAMS 0x0000000085700000, 0x0000000085700000| Untracked 
|  87|0x0000000085700000, 0x0000000085800000, 0x0000000085800000|100%| O|  |TAMS 0x0000000085800000, 0x0000000085800000| Untracked 
|  88|0x0000000085800000, 0x0000000085900000, 0x0000000085900000|100%| O|  |TAMS 0x0000000085900000, 0x0000000085900000| Untracked 
|  89|0x0000000085900000, 0x0000000085a00000, 0x0000000085a00000|100%| O|  |TAMS 0x0000000085a00000, 0x0000000085a00000| Untracked 
|  90|0x0000000085a00000, 0x0000000085b00000, 0x0000000085b00000|100%|HS|  |TAMS 0x0000000085b00000, 0x0000000085b00000| Complete 
|  91|0x0000000085b00000, 0x0000000085c00000, 0x0000000085c00000|100%| O|  |TAMS 0x0000000085c00000, 0x0000000085c00000| Untracked 
|  92|0x0000000085c00000, 0x0000000085d00000, 0x0000000085d00000|100%| O|  |TAMS 0x0000000085d00000, 0x0000000085d00000| Untracked 
|  93|0x0000000085d00000, 0x0000000085e00000, 0x0000000085e00000|100%| O|  |TAMS 0x0000000085e00000, 0x0000000085e00000| Untracked 
|  94|0x0000000085e00000, 0x0000000085f00000, 0x0000000085f00000|100%| O|  |TAMS 0x0000000085f00000, 0x0000000085f00000| Untracked 
|  95|0x0000000085f00000, 0x0000000086000000, 0x0000000086000000|100%| O|  |TAMS 0x0000000086000000, 0x0000000086000000| Untracked 
|  96|0x0000000086000000, 0x0000000086100000, 0x0000000086100000|100%| O|  |TAMS 0x0000000086100000, 0x0000000086100000| Untracked 
|  97|0x0000000086100000, 0x0000000086200000, 0x0000000086200000|100%| O|  |TAMS 0x0000000086200000, 0x0000000086200000| Untracked 
|  98|0x0000000086200000, 0x0000000086300000, 0x0000000086300000|100%| O|  |TAMS 0x0000000086300000, 0x0000000086300000| Untracked 
|  99|0x0000000086300000, 0x0000000086400000, 0x0000000086400000|100%| O|  |TAMS 0x0000000086400000, 0x0000000086400000| Untracked 
| 100|0x0000000086400000, 0x0000000086500000, 0x0000000086500000|100%| O|  |TAMS 0x0000000086500000, 0x0000000086500000| Untracked 
| 101|0x0000000086500000, 0x0000000086600000, 0x0000000086600000|100%| O|  |TAMS 0x0000000086600000, 0x0000000086600000| Untracked 
| 102|0x0000000086600000, 0x0000000086700000, 0x0000000086700000|100%| O|  |TAMS 0x0000000086700000, 0x0000000086700000| Untracked 
| 103|0x0000000086700000, 0x0000000086800000, 0x0000000086800000|100%| O|  |TAMS 0x0000000086800000, 0x0000000086800000| Untracked 
| 104|0x0000000086800000, 0x0000000086900000, 0x0000000086900000|100%| O|  |TAMS 0x0000000086900000, 0x0000000086900000| Untracked 
| 105|0x0000000086900000, 0x0000000086a00000, 0x0000000086a00000|100%| O|  |TAMS 0x0000000086a00000, 0x0000000086a00000| Untracked 
| 106|0x0000000086a00000, 0x0000000086b00000, 0x0000000086b00000|100%| O|  |TAMS 0x0000000086b00000, 0x0000000086b00000| Untracked 
| 107|0x0000000086b00000, 0x0000000086c00000, 0x0000000086c00000|100%| O|  |TAMS 0x0000000086c00000, 0x0000000086c00000| Untracked 
| 108|0x0000000086c00000, 0x0000000086d00000, 0x0000000086d00000|100%| O|  |TAMS 0x0000000086c00000, 0x0000000086d00000| Untracked 
| 109|0x0000000086d00000, 0x0000000086e00000, 0x0000000086e00000|100%| O|  |TAMS 0x0000000086d00000, 0x0000000086e00000| Untracked 
| 110|0x0000000086e00000, 0x0000000086f00000, 0x0000000086f00000|100%| O|  |TAMS 0x0000000086f00000, 0x0000000086f00000| Untracked 
| 111|0x0000000086f00000, 0x0000000087000000, 0x0000000087000000|100%| O|  |TAMS 0x0000000087000000, 0x0000000087000000| Untracked 
| 112|0x0000000087000000, 0x0000000087100000, 0x0000000087100000|100%| O|  |TAMS 0x0000000087100000, 0x0000000087100000| Untracked 
| 113|0x0000000087100000, 0x0000000087200000, 0x0000000087200000|100%| O|  |TAMS 0x0000000087100000, 0x0000000087200000| Untracked 
| 114|0x0000000087200000, 0x0000000087300000, 0x0000000087300000|100%| O|  |TAMS 0x0000000087200000, 0x0000000087300000| Untracked 
| 115|0x0000000087300000, 0x0000000087400000, 0x0000000087400000|100%| O|  |TAMS 0x0000000087300000, 0x0000000087400000| Untracked 
| 116|0x0000000087400000, 0x0000000087500000, 0x0000000087500000|100%| O|  |TAMS 0x0000000087400000, 0x0000000087500000| Untracked 
| 117|0x0000000087500000, 0x0000000087600000, 0x0000000087600000|100%| O|  |TAMS 0x0000000087500000, 0x0000000087600000| Untracked 
| 118|0x0000000087600000, 0x0000000087700000, 0x0000000087700000|100%| O|  |TAMS 0x0000000087600000, 0x0000000087700000| Untracked 
| 119|0x0000000087700000, 0x0000000087800000, 0x0000000087800000|100%| O|  |TAMS 0x0000000087700000, 0x0000000087800000| Untracked 
| 120|0x0000000087800000, 0x0000000087900000, 0x0000000087900000|100%| O|  |TAMS 0x0000000087800000, 0x0000000087900000| Untracked 
| 121|0x0000000087900000, 0x0000000087a00000, 0x0000000087a00000|100%| O|  |TAMS 0x0000000087900000, 0x0000000087a00000| Untracked 
| 122|0x0000000087a00000, 0x0000000087b00000, 0x0000000087b00000|100%| O|  |TAMS 0x0000000087b00000, 0x0000000087b00000| Untracked 
| 123|0x0000000087b00000, 0x0000000087c00000, 0x0000000087c00000|100%| O|  |TAMS 0x0000000087c00000, 0x0000000087c00000| Untracked 
| 124|0x0000000087c00000, 0x0000000087d00000, 0x0000000087d00000|100%| O|  |TAMS 0x0000000087c00000, 0x0000000087d00000| Untracked 
| 125|0x0000000087d00000, 0x0000000087e00000, 0x0000000087e00000|100%| O|  |TAMS 0x0000000087d00000, 0x0000000087e00000| Untracked 
| 126|0x0000000087e00000, 0x0000000087f00000, 0x0000000087f00000|100%| O|  |TAMS 0x0000000087e00000, 0x0000000087f00000| Untracked 
| 127|0x0000000087f00000, 0x0000000088000000, 0x0000000088000000|100%| O|  |TAMS 0x0000000087f00000, 0x0000000088000000| Untracked 
| 128|0x0000000088000000, 0x0000000088100000, 0x0000000088100000|100%|HS|  |TAMS 0x0000000088100000, 0x0000000088100000| Complete 
| 129|0x0000000088100000, 0x0000000088200000, 0x0000000088200000|100%| O|  |TAMS 0x0000000088100000, 0x0000000088200000| Untracked 
| 130|0x0000000088200000, 0x0000000088300000, 0x0000000088300000|100%| O|  |TAMS 0x0000000088200000, 0x0000000088300000| Untracked 
| 131|0x0000000088300000, 0x0000000088400000, 0x0000000088400000|100%| O|  |TAMS 0x0000000088300000, 0x0000000088400000| Untracked 
| 132|0x0000000088400000, 0x0000000088500000, 0x0000000088500000|100%| O|  |TAMS 0x0000000088400000, 0x0000000088500000| Untracked 
| 133|0x0000000088500000, 0x0000000088600000, 0x0000000088600000|100%|HS|  |TAMS 0x0000000088600000, 0x0000000088600000| Complete 
| 134|0x0000000088600000, 0x0000000088700000, 0x0000000088700000|100%| O|  |TAMS 0x0000000088700000, 0x0000000088700000| Untracked 
| 135|0x0000000088700000, 0x0000000088800000, 0x0000000088800000|100%| O|  |TAMS 0x0000000088800000, 0x0000000088800000| Untracked 
| 136|0x0000000088800000, 0x0000000088900000, 0x0000000088900000|100%| O|  |TAMS 0x0000000088900000, 0x0000000088900000| Untracked 
| 137|0x0000000088900000, 0x0000000088a00000, 0x0000000088a00000|100%| O|  |TAMS 0x0000000088a00000, 0x0000000088a00000| Untracked 
| 138|0x0000000088a00000, 0x0000000088b00000, 0x0000000088b00000|100%|HS|  |TAMS 0x0000000088b00000, 0x0000000088b00000| Complete 
| 139|0x0000000088b00000, 0x0000000088c00000, 0x0000000088c00000|100%|HC|  |TAMS 0x0000000088c00000, 0x0000000088c00000| Complete 
| 140|0x0000000088c00000, 0x0000000088d00000, 0x0000000088d00000|100%|HS|  |TAMS 0x0000000088d00000, 0x0000000088d00000| Complete 
| 141|0x0000000088d00000, 0x0000000088e00000, 0x0000000088e00000|100%|HC|  |TAMS 0x0000000088e00000, 0x0000000088e00000| Complete 
| 142|0x0000000088e00000, 0x0000000088f00000, 0x0000000088f00000|100%|HS|  |TAMS 0x0000000088f00000, 0x0000000088f00000| Complete 
| 143|0x0000000088f00000, 0x0000000089000000, 0x0000000089000000|100%|HC|  |TAMS 0x0000000089000000, 0x0000000089000000| Complete 
| 144|0x0000000089000000, 0x0000000089100000, 0x0000000089100000|100%|HS|  |TAMS 0x0000000089100000, 0x0000000089100000| Complete 
| 145|0x0000000089100000, 0x0000000089200000, 0x0000000089200000|100%|HC|  |TAMS 0x0000000089200000, 0x0000000089200000| Complete 
| 146|0x0000000089200000, 0x0000000089300000, 0x0000000089300000|100%|HC|  |TAMS 0x0000000089300000, 0x0000000089300000| Complete 
| 147|0x0000000089300000, 0x0000000089400000, 0x0000000089400000|100%| O|  |TAMS 0x0000000089400000, 0x0000000089400000| Untracked 
| 148|0x0000000089400000, 0x0000000089500000, 0x0000000089500000|100%| O|  |TAMS 0x0000000089500000, 0x0000000089500000| Untracked 
| 149|0x0000000089500000, 0x0000000089600000, 0x0000000089600000|100%| O|  |TAMS 0x0000000089600000, 0x0000000089600000| Untracked 
| 150|0x0000000089600000, 0x0000000089700000, 0x0000000089700000|100%|HS|  |TAMS 0x0000000089700000, 0x0000000089700000| Complete 
| 151|0x0000000089700000, 0x0000000089800000, 0x0000000089800000|100%|HC|  |TAMS 0x0000000089800000, 0x0000000089800000| Complete 
| 152|0x0000000089800000, 0x0000000089900000, 0x0000000089900000|100%| O|  |TAMS 0x0000000089900000, 0x0000000089900000| Untracked 
| 153|0x0000000089900000, 0x0000000089a00000, 0x0000000089a00000|100%|HS|  |TAMS 0x0000000089a00000, 0x0000000089a00000| Complete 
| 154|0x0000000089a00000, 0x0000000089b00000, 0x0000000089b00000|100%| O|  |TAMS 0x0000000089b00000, 0x0000000089b00000| Untracked 
| 155|0x0000000089b00000, 0x0000000089c00000, 0x0000000089c00000|100%|HS|  |TAMS 0x0000000089c00000, 0x0000000089c00000| Complete 
| 156|0x0000000089c00000, 0x0000000089d00000, 0x0000000089d00000|100%| O|  |TAMS 0x0000000089d00000, 0x0000000089d00000| Untracked 
| 157|0x0000000089d00000, 0x0000000089e00000, 0x0000000089e00000|100%| O|  |TAMS 0x0000000089e00000, 0x0000000089e00000| Untracked 
| 158|0x0000000089e00000, 0x0000000089f00000, 0x0000000089f00000|100%| O|  |TAMS 0x0000000089e00000, 0x0000000089f00000| Untracked 
| 159|0x0000000089f00000, 0x000000008a000000, 0x000000008a000000|100%|HS|  |TAMS 0x000000008a000000, 0x000000008a000000| Complete 
| 160|0x000000008a000000, 0x000000008a100000, 0x000000008a100000|100%|HC|  |TAMS 0x000000008a100000, 0x000000008a100000| Complete 
| 161|0x000000008a100000, 0x000000008a200000, 0x000000008a200000|100%| O|  |TAMS 0x000000008a200000, 0x000000008a200000| Untracked 
| 162|0x000000008a200000, 0x000000008a300000, 0x000000008a300000|100%| O|  |TAMS 0x000000008a240e00, 0x000000008a300000| Untracked 
| 163|0x000000008a300000, 0x000000008a400000, 0x000000008a400000|100%| O|  |TAMS 0x000000008a300000, 0x000000008a400000| Untracked 
| 164|0x000000008a400000, 0x000000008a500000, 0x000000008a500000|100%|HS|  |TAMS 0x000000008a500000, 0x000000008a500000| Complete 
| 165|0x000000008a500000, 0x000000008a600000, 0x000000008a600000|100%|HC|  |TAMS 0x000000008a600000, 0x000000008a600000| Complete 
| 166|0x000000008a600000, 0x000000008a700000, 0x000000008a700000|100%| O|  |TAMS 0x000000008a600000, 0x000000008a700000| Untracked 
| 167|0x000000008a700000, 0x000000008a800000, 0x000000008a800000|100%| O|  |TAMS 0x000000008a700000, 0x000000008a800000| Untracked 
| 168|0x000000008a800000, 0x000000008a900000, 0x000000008a900000|100%| O|  |TAMS 0x000000008a800000, 0x000000008a900000| Untracked 
| 169|0x000000008a900000, 0x000000008aa00000, 0x000000008aa00000|100%| O|  |TAMS 0x000000008a900000, 0x000000008aa00000| Untracked 
| 170|0x000000008aa00000, 0x000000008ab00000, 0x000000008ab00000|100%| O|  |TAMS 0x000000008aa00000, 0x000000008ab00000| Untracked 
| 171|0x000000008ab00000, 0x000000008ac00000, 0x000000008ac00000|100%| O|  |TAMS 0x000000008ab00000, 0x000000008ac00000| Untracked 
| 172|0x000000008ac00000, 0x000000008ad00000, 0x000000008ad00000|100%|HS|  |TAMS 0x000000008ad00000, 0x000000008ad00000| Complete 
| 173|0x000000008ad00000, 0x000000008ae00000, 0x000000008ae00000|100%|HC|  |TAMS 0x000000008ae00000, 0x000000008ae00000| Complete 
| 174|0x000000008ae00000, 0x000000008af00000, 0x000000008af00000|100%|HC|  |TAMS 0x000000008af00000, 0x000000008af00000| Complete 
| 175|0x000000008af00000, 0x000000008b000000, 0x000000008b000000|100%| O|  |TAMS 0x000000008af00000, 0x000000008b000000| Untracked 
| 176|0x000000008b000000, 0x000000008b100000, 0x000000008b100000|100%| O|  |TAMS 0x000000008b000000, 0x000000008b100000| Untracked 
| 177|0x000000008b100000, 0x000000008b200000, 0x000000008b200000|100%| O|  |TAMS 0x000000008b100000, 0x000000008b200000| Untracked 
| 178|0x000000008b200000, 0x000000008b300000, 0x000000008b300000|100%| O|  |TAMS 0x000000008b200000, 0x000000008b300000| Untracked 
| 179|0x000000008b300000, 0x000000008b400000, 0x000000008b400000|100%| O|  |TAMS 0x000000008b300000, 0x000000008b400000| Untracked 
| 180|0x000000008b400000, 0x000000008b500000, 0x000000008b500000|100%| O|  |TAMS 0x000000008b400000, 0x000000008b500000| Untracked 
| 181|0x000000008b500000, 0x000000008b600000, 0x000000008b600000|100%| O|  |TAMS 0x000000008b500000, 0x000000008b600000| Untracked 
| 182|0x000000008b600000, 0x000000008b700000, 0x000000008b700000|100%| O|  |TAMS 0x000000008b600000, 0x000000008b700000| Untracked 
| 183|0x000000008b700000, 0x000000008b800000, 0x000000008b800000|100%| O|  |TAMS 0x000000008b700000, 0x000000008b800000| Untracked 
| 184|0x000000008b800000, 0x000000008b900000, 0x000000008b900000|100%| O|  |TAMS 0x000000008b800000, 0x000000008b900000| Untracked 
| 185|0x000000008b900000, 0x000000008ba00000, 0x000000008ba00000|100%| O|  |TAMS 0x000000008b900000, 0x000000008ba00000| Untracked 
| 186|0x000000008ba00000, 0x000000008bb00000, 0x000000008bb00000|100%| O|  |TAMS 0x000000008ba00000, 0x000000008bb00000| Untracked 
| 187|0x000000008bb00000, 0x000000008bc00000, 0x000000008bc00000|100%| O|  |TAMS 0x000000008bb00000, 0x000000008bc00000| Untracked 
| 188|0x000000008bc00000, 0x000000008bd00000, 0x000000008bd00000|100%| O|  |TAMS 0x000000008bc00000, 0x000000008bd00000| Untracked 
| 189|0x000000008bd00000, 0x000000008be00000, 0x000000008be00000|100%| O|  |TAMS 0x000000008bd00000, 0x000000008be00000| Untracked 
| 190|0x000000008be00000, 0x000000008bf00000, 0x000000008bf00000|100%| O|  |TAMS 0x000000008be00000, 0x000000008bf00000| Untracked 
| 191|0x000000008bf00000, 0x000000008c000000, 0x000000008c000000|100%| O|  |TAMS 0x000000008bf00000, 0x000000008c000000| Untracked 
| 192|0x000000008c000000, 0x000000008c100000, 0x000000008c100000|100%| O|  |TAMS 0x000000008c000000, 0x000000008c100000| Untracked 
| 193|0x000000008c100000, 0x000000008c200000, 0x000000008c200000|100%| O|  |TAMS 0x000000008c100000, 0x000000008c200000| Untracked 
| 194|0x000000008c200000, 0x000000008c300000, 0x000000008c300000|100%| O|  |TAMS 0x000000008c200000, 0x000000008c300000| Untracked 
| 195|0x000000008c300000, 0x000000008c400000, 0x000000008c400000|100%| O|  |TAMS 0x000000008c300000, 0x000000008c400000| Untracked 
| 196|0x000000008c400000, 0x000000008c500000, 0x000000008c500000|100%| O|  |TAMS 0x000000008c400000, 0x000000008c500000| Untracked 
| 197|0x000000008c500000, 0x000000008c600000, 0x000000008c600000|100%| O|  |TAMS 0x000000008c500000, 0x000000008c600000| Untracked 
| 198|0x000000008c600000, 0x000000008c700000, 0x000000008c700000|100%| O|  |TAMS 0x000000008c600000, 0x000000008c700000| Untracked 
| 199|0x000000008c700000, 0x000000008c780000, 0x000000008c800000| 50%| O|  |TAMS 0x000000008c700000, 0x000000008c780000| Untracked 
| 200|0x000000008c800000, 0x000000008c800000, 0x000000008c900000|  0%| F|  |TAMS 0x000000008c800000, 0x000000008c800000| Untracked 
| 201|0x000000008c900000, 0x000000008c900000, 0x000000008ca00000|  0%| F|  |TAMS 0x000000008c900000, 0x000000008c900000| Untracked 
| 202|0x000000008ca00000, 0x000000008ca00000, 0x000000008cb00000|  0%| F|  |TAMS 0x000000008ca00000, 0x000000008ca00000| Untracked 
| 203|0x000000008cb00000, 0x000000008cb00000, 0x000000008cc00000|  0%| F|  |TAMS 0x000000008cb00000, 0x000000008cb00000| Untracked 
| 204|0x000000008cc00000, 0x000000008cc00000, 0x000000008cd00000|  0%| F|  |TAMS 0x000000008cc00000, 0x000000008cc00000| Untracked 
| 205|0x000000008cd00000, 0x000000008cd00000, 0x000000008ce00000|  0%| F|  |TAMS 0x000000008cd00000, 0x000000008cd00000| Untracked 
| 206|0x000000008ce00000, 0x000000008ce00000, 0x000000008cf00000|  0%| F|  |TAMS 0x000000008ce00000, 0x000000008ce00000| Untracked 
| 207|0x000000008cf00000, 0x000000008cf00000, 0x000000008d000000|  0%| F|  |TAMS 0x000000008cf00000, 0x000000008cf00000| Untracked 
| 208|0x000000008d000000, 0x000000008d000000, 0x000000008d100000|  0%| F|  |TAMS 0x000000008d000000, 0x000000008d000000| Untracked 
| 209|0x000000008d100000, 0x000000008d100000, 0x000000008d200000|  0%| F|  |TAMS 0x000000008d100000, 0x000000008d100000| Untracked 
| 210|0x000000008d200000, 0x000000008d200000, 0x000000008d300000|  0%| F|  |TAMS 0x000000008d200000, 0x000000008d200000| Untracked 
| 211|0x000000008d300000, 0x000000008d300000, 0x000000008d400000|  0%| F|  |TAMS 0x000000008d300000, 0x000000008d300000| Untracked 
| 212|0x000000008d400000, 0x000000008d400000, 0x000000008d500000|  0%| F|  |TAMS 0x000000008d400000, 0x000000008d400000| Untracked 
| 213|0x000000008d500000, 0x000000008d500000, 0x000000008d600000|  0%| F|  |TAMS 0x000000008d500000, 0x000000008d500000| Untracked 
| 214|0x000000008d600000, 0x000000008d600000, 0x000000008d700000|  0%| F|  |TAMS 0x000000008d600000, 0x000000008d600000| Untracked 
| 215|0x000000008d700000, 0x000000008d700000, 0x000000008d800000|  0%| F|  |TAMS 0x000000008d700000, 0x000000008d700000| Untracked 
| 216|0x000000008d800000, 0x000000008d800000, 0x000000008d900000|  0%| F|  |TAMS 0x000000008d800000, 0x000000008d800000| Untracked 
| 217|0x000000008d900000, 0x000000008d900000, 0x000000008da00000|  0%| F|  |TAMS 0x000000008d900000, 0x000000008d900000| Untracked 
| 218|0x000000008da00000, 0x000000008da00000, 0x000000008db00000|  0%| F|  |TAMS 0x000000008da00000, 0x000000008da00000| Untracked 
| 219|0x000000008db00000, 0x000000008db00000, 0x000000008dc00000|  0%| F|  |TAMS 0x000000008db00000, 0x000000008db00000| Untracked 
| 220|0x000000008dc00000, 0x000000008dc00000, 0x000000008dd00000|  0%| F|  |TAMS 0x000000008dc00000, 0x000000008dc00000| Untracked 
| 221|0x000000008dd00000, 0x000000008dd00000, 0x000000008de00000|  0%| F|  |TAMS 0x000000008dd00000, 0x000000008dd00000| Untracked 
| 222|0x000000008de00000, 0x000000008de00000, 0x000000008df00000|  0%| F|  |TAMS 0x000000008de00000, 0x000000008de00000| Untracked 
| 223|0x000000008df00000, 0x000000008df00000, 0x000000008e000000|  0%| F|  |TAMS 0x000000008df00000, 0x000000008df00000| Untracked 
| 224|0x000000008e000000, 0x000000008e000000, 0x000000008e100000|  0%| F|  |TAMS 0x000000008e000000, 0x000000008e000000| Untracked 
| 225|0x000000008e100000, 0x000000008e100000, 0x000000008e200000|  0%| F|  |TAMS 0x000000008e100000, 0x000000008e100000| Untracked 
| 226|0x000000008e200000, 0x000000008e200000, 0x000000008e300000|  0%| F|  |TAMS 0x000000008e200000, 0x000000008e200000| Untracked 
| 227|0x000000008e300000, 0x000000008e300000, 0x000000008e400000|  0%| F|  |TAMS 0x000000008e300000, 0x000000008e300000| Untracked 
| 228|0x000000008e400000, 0x000000008e400000, 0x000000008e500000|  0%| F|  |TAMS 0x000000008e400000, 0x000000008e400000| Untracked 
| 229|0x000000008e500000, 0x000000008e500000, 0x000000008e600000|  0%| F|  |TAMS 0x000000008e500000, 0x000000008e500000| Untracked 
| 230|0x000000008e600000, 0x000000008e600000, 0x000000008e700000|  0%| F|  |TAMS 0x000000008e600000, 0x000000008e600000| Untracked 
| 231|0x000000008e700000, 0x000000008e700000, 0x000000008e800000|  0%| F|  |TAMS 0x000000008e700000, 0x000000008e700000| Untracked 
| 232|0x000000008e800000, 0x000000008e800000, 0x000000008e900000|  0%| F|  |TAMS 0x000000008e800000, 0x000000008e800000| Untracked 
| 233|0x000000008e900000, 0x000000008e900000, 0x000000008ea00000|  0%| F|  |TAMS 0x000000008e900000, 0x000000008e900000| Untracked 
| 234|0x000000008ea00000, 0x000000008ea00000, 0x000000008eb00000|  0%| F|  |TAMS 0x000000008ea00000, 0x000000008ea00000| Untracked 
| 235|0x000000008eb00000, 0x000000008eb00000, 0x000000008ec00000|  0%| F|  |TAMS 0x000000008eb00000, 0x000000008eb00000| Untracked 
| 236|0x000000008ec00000, 0x000000008ec00000, 0x000000008ed00000|  0%| F|  |TAMS 0x000000008ec00000, 0x000000008ec00000| Untracked 
| 237|0x000000008ed00000, 0x000000008ed00000, 0x000000008ee00000|  0%| F|  |TAMS 0x000000008ed00000, 0x000000008ed00000| Untracked 
| 238|0x000000008ee00000, 0x000000008ee00000, 0x000000008ef00000|  0%| F|  |TAMS 0x000000008ee00000, 0x000000008ee00000| Untracked 
| 239|0x000000008ef00000, 0x000000008ef00000, 0x000000008f000000|  0%| F|  |TAMS 0x000000008ef00000, 0x000000008ef00000| Untracked 
| 240|0x000000008f000000, 0x000000008f000000, 0x000000008f100000|  0%| F|  |TAMS 0x000000008f000000, 0x000000008f000000| Untracked 
| 241|0x000000008f100000, 0x000000008f100000, 0x000000008f200000|  0%| F|  |TAMS 0x000000008f100000, 0x000000008f100000| Untracked 
| 242|0x000000008f200000, 0x000000008f200000, 0x000000008f300000|  0%| F|  |TAMS 0x000000008f200000, 0x000000008f200000| Untracked 
| 243|0x000000008f300000, 0x000000008f400000, 0x000000008f400000|100%| S|CS|TAMS 0x000000008f300000, 0x000000008f300000| Complete 
| 244|0x000000008f400000, 0x000000008f500000, 0x000000008f500000|100%| S|CS|TAMS 0x000000008f400000, 0x000000008f400000| Complete 
| 245|0x000000008f500000, 0x000000008f600000, 0x000000008f600000|100%| S|CS|TAMS 0x000000008f500000, 0x000000008f500000| Complete 
| 246|0x000000008f600000, 0x000000008f700000, 0x000000008f700000|100%| S|CS|TAMS 0x000000008f600000, 0x000000008f600000| Complete 
| 247|0x000000008f700000, 0x000000008f800000, 0x000000008f800000|100%| S|CS|TAMS 0x000000008f700000, 0x000000008f700000| Complete 
| 248|0x000000008f800000, 0x000000008f900000, 0x000000008f900000|100%| S|CS|TAMS 0x000000008f800000, 0x000000008f800000| Complete 
| 249|0x000000008f900000, 0x000000008f900000, 0x000000008fa00000|  0%| F|  |TAMS 0x000000008f900000, 0x000000008f900000| Untracked 
| 250|0x000000008fa00000, 0x000000008fa00000, 0x000000008fb00000|  0%| F|  |TAMS 0x000000008fa00000, 0x000000008fa00000| Untracked 
| 251|0x000000008fb00000, 0x000000008fb00000, 0x000000008fc00000|  0%| F|  |TAMS 0x000000008fb00000, 0x000000008fb00000| Untracked 
| 252|0x000000008fc00000, 0x000000008fc00000, 0x000000008fd00000|  0%| F|  |TAMS 0x000000008fc00000, 0x000000008fc00000| Untracked 
| 253|0x000000008fd00000, 0x000000008fd00000, 0x000000008fe00000|  0%| F|  |TAMS 0x000000008fd00000, 0x000000008fd00000| Untracked 
| 254|0x000000008fe00000, 0x000000008fe00000, 0x000000008ff00000|  0%| F|  |TAMS 0x000000008fe00000, 0x000000008fe00000| Untracked 
| 255|0x000000008ff00000, 0x000000008ff00000, 0x0000000090000000|  0%| F|  |TAMS 0x000000008ff00000, 0x000000008ff00000| Untracked 
| 256|0x0000000090000000, 0x0000000090000000, 0x0000000090100000|  0%| F|  |TAMS 0x0000000090000000, 0x0000000090000000| Untracked 
| 257|0x0000000090100000, 0x0000000090100000, 0x0000000090200000|  0%| F|  |TAMS 0x0000000090100000, 0x0000000090100000| Untracked 
| 258|0x0000000090200000, 0x0000000090200000, 0x0000000090300000|  0%| F|  |TAMS 0x0000000090200000, 0x0000000090200000| Untracked 
| 259|0x0000000090300000, 0x0000000090300000, 0x0000000090400000|  0%| F|  |TAMS 0x0000000090300000, 0x0000000090300000| Untracked 
| 260|0x0000000090400000, 0x0000000090400000, 0x0000000090500000|  0%| F|  |TAMS 0x0000000090400000, 0x0000000090400000| Untracked 
| 261|0x0000000090500000, 0x0000000090500000, 0x0000000090600000|  0%| F|  |TAMS 0x0000000090500000, 0x0000000090500000| Untracked 
| 262|0x0000000090600000, 0x0000000090600000, 0x0000000090700000|  0%| F|  |TAMS 0x0000000090600000, 0x0000000090600000| Untracked 
| 263|0x0000000090700000, 0x0000000090700000, 0x0000000090800000|  0%| F|  |TAMS 0x0000000090700000, 0x0000000090700000| Untracked 
| 264|0x0000000090800000, 0x0000000090800000, 0x0000000090900000|  0%| F|  |TAMS 0x0000000090800000, 0x0000000090800000| Untracked 
| 265|0x0000000090900000, 0x0000000090900000, 0x0000000090a00000|  0%| F|  |TAMS 0x0000000090900000, 0x0000000090900000| Untracked 
| 266|0x0000000090a00000, 0x0000000090a00000, 0x0000000090b00000|  0%| F|  |TAMS 0x0000000090a00000, 0x0000000090a00000| Untracked 
| 267|0x0000000090b00000, 0x0000000090b00000, 0x0000000090c00000|  0%| F|  |TAMS 0x0000000090b00000, 0x0000000090b00000| Untracked 
| 268|0x0000000090c00000, 0x0000000090c00000, 0x0000000090d00000|  0%| F|  |TAMS 0x0000000090c00000, 0x0000000090c00000| Untracked 
| 269|0x0000000090d00000, 0x0000000090d00000, 0x0000000090e00000|  0%| F|  |TAMS 0x0000000090d00000, 0x0000000090d00000| Untracked 
| 270|0x0000000090e00000, 0x0000000090e00000, 0x0000000090f00000|  0%| F|  |TAMS 0x0000000090e00000, 0x0000000090e00000| Untracked 
| 271|0x0000000090f00000, 0x0000000090f00000, 0x0000000091000000|  0%| F|  |TAMS 0x0000000090f00000, 0x0000000090f00000| Untracked 
| 272|0x0000000091000000, 0x0000000091000000, 0x0000000091100000|  0%| F|  |TAMS 0x0000000091000000, 0x0000000091000000| Untracked 
| 273|0x0000000091100000, 0x0000000091100000, 0x0000000091200000|  0%| F|  |TAMS 0x0000000091100000, 0x0000000091100000| Untracked 
| 274|0x0000000091200000, 0x0000000091200000, 0x0000000091300000|  0%| F|  |TAMS 0x0000000091200000, 0x0000000091200000| Untracked 
| 275|0x0000000091300000, 0x0000000091300000, 0x0000000091400000|  0%| F|  |TAMS 0x0000000091300000, 0x0000000091300000| Untracked 
| 276|0x0000000091400000, 0x0000000091400000, 0x0000000091500000|  0%| F|  |TAMS 0x0000000091400000, 0x0000000091400000| Untracked 
| 277|0x0000000091500000, 0x0000000091500000, 0x0000000091600000|  0%| F|  |TAMS 0x0000000091500000, 0x0000000091500000| Untracked 
| 278|0x0000000091600000, 0x0000000091600000, 0x0000000091700000|  0%| F|  |TAMS 0x0000000091600000, 0x0000000091600000| Untracked 
| 279|0x0000000091700000, 0x0000000091700000, 0x0000000091800000|  0%| F|  |TAMS 0x0000000091700000, 0x0000000091700000| Untracked 
| 280|0x0000000091800000, 0x0000000091800000, 0x0000000091900000|  0%| F|  |TAMS 0x0000000091800000, 0x0000000091800000| Untracked 
| 281|0x0000000091900000, 0x0000000091900000, 0x0000000091a00000|  0%| F|  |TAMS 0x0000000091900000, 0x0000000091900000| Untracked 
| 282|0x0000000091a00000, 0x0000000091a00000, 0x0000000091b00000|  0%| F|  |TAMS 0x0000000091a00000, 0x0000000091a00000| Untracked 
| 283|0x0000000091b00000, 0x0000000091b00000, 0x0000000091c00000|  0%| F|  |TAMS 0x0000000091b00000, 0x0000000091b00000| Untracked 
| 284|0x0000000091c00000, 0x0000000091c00000, 0x0000000091d00000|  0%| F|  |TAMS 0x0000000091c00000, 0x0000000091c00000| Untracked 
| 285|0x0000000091d00000, 0x0000000091d00000, 0x0000000091e00000|  0%| F|  |TAMS 0x0000000091d00000, 0x0000000091d00000| Untracked 
| 286|0x0000000091e00000, 0x0000000091e00000, 0x0000000091f00000|  0%| F|  |TAMS 0x0000000091e00000, 0x0000000091e00000| Untracked 
| 287|0x0000000091f00000, 0x0000000091f00000, 0x0000000092000000|  0%| F|  |TAMS 0x0000000091f00000, 0x0000000091f00000| Untracked 
| 288|0x0000000092000000, 0x0000000092000000, 0x0000000092100000|  0%| F|  |TAMS 0x0000000092000000, 0x0000000092000000| Untracked 
| 289|0x0000000092100000, 0x0000000092100000, 0x0000000092200000|  0%| F|  |TAMS 0x0000000092100000, 0x0000000092100000| Untracked 
| 290|0x0000000092200000, 0x0000000092200000, 0x0000000092300000|  0%| F|  |TAMS 0x0000000092200000, 0x0000000092200000| Untracked 
| 291|0x0000000092300000, 0x0000000092300000, 0x0000000092400000|  0%| F|  |TAMS 0x0000000092300000, 0x0000000092300000| Untracked 
| 292|0x0000000092400000, 0x0000000092500000, 0x0000000092500000|100%| O|  |TAMS 0x0000000092500000, 0x0000000092500000| Untracked 
| 293|0x0000000092500000, 0x0000000092600000, 0x0000000092600000|100%| O|  |TAMS 0x0000000092600000, 0x0000000092600000| Untracked 
| 294|0x0000000092600000, 0x0000000092700000, 0x0000000092700000|100%| O|  |TAMS 0x0000000092700000, 0x0000000092700000| Untracked 
| 295|0x0000000092700000, 0x0000000092800000, 0x0000000092800000|100%| O|  |TAMS 0x0000000092800000, 0x0000000092800000| Untracked 
| 296|0x0000000092800000, 0x0000000092900000, 0x0000000092900000|100%| O|  |TAMS 0x0000000092900000, 0x0000000092900000| Untracked 
| 297|0x0000000092900000, 0x0000000092a00000, 0x0000000092a00000|100%| O|  |TAMS 0x0000000092a00000, 0x0000000092a00000| Untracked 
| 298|0x0000000092a00000, 0x0000000092b00000, 0x0000000092b00000|100%| O|  |TAMS 0x0000000092b00000, 0x0000000092b00000| Untracked 
| 299|0x0000000092b00000, 0x0000000092c00000, 0x0000000092c00000|100%| O|  |TAMS 0x0000000092c00000, 0x0000000092c00000| Untracked 
| 300|0x0000000092c00000, 0x0000000092d00000, 0x0000000092d00000|100%| O|  |TAMS 0x0000000092d00000, 0x0000000092d00000| Untracked 
| 301|0x0000000092d00000, 0x0000000092e00000, 0x0000000092e00000|100%| O|  |TAMS 0x0000000092e00000, 0x0000000092e00000| Untracked 
| 302|0x0000000092e00000, 0x0000000092f00000, 0x0000000092f00000|100%| O|  |TAMS 0x0000000092f00000, 0x0000000092f00000| Untracked 
| 303|0x0000000092f00000, 0x0000000093000000, 0x0000000093000000|100%| O|  |TAMS 0x0000000093000000, 0x0000000093000000| Untracked 
| 304|0x0000000093000000, 0x0000000093100000, 0x0000000093100000|100%| O|  |TAMS 0x0000000093100000, 0x0000000093100000| Untracked 

Card table byte_map: [0x000001c9a9de0000,0x000001c9aa1e0000] _byte_map_base: 0x000001c9a99e0000

Marking Bits (Prev, Next): (CMBitMap*) 0x000001c996eff3b0, (CMBitMap*) 0x000001c996eff378
 Prev Bits: [0x000001c9ac5e0000, 0x000001c9ae5e0000)
 Next Bits: [0x000001c9aa5e0000, 0x000001c9ac5e0000)

Polling page: 0x000001c994e10000

Metaspace:

Usage:
  Non-class:    100.47 MB capacity,    98.53 MB ( 98%) used,     1.52 MB (  2%) free+waste,   425.56 KB ( <1%) overhead. 
      Class:     15.71 MB capacity,    14.43 MB ( 92%) used,     1.09 MB (  7%) free+waste,   187.62 KB (  1%) overhead. 
       Both:    116.17 MB capacity,   112.97 MB ( 97%) used,     2.61 MB (  2%) free+waste,   613.19 KB ( <1%) overhead. 

Virtual space:
  Non-class space:      102.00 MB reserved,     100.88 MB ( 99%) committed 
      Class space:        1.00 GB reserved,      16.07 MB (  2%) committed 
             Both:        1.10 GB reserved,     116.95 MB ( 10%) committed 

Chunk freelists:
   Non-Class:  230.00 KB
       Class:  299.00 KB
        Both:  529.00 KB

MaxMetaspaceSize: 17179869184.00 GB
CompressedClassSpaceSize: 1.00 GB
Initial GC threshold: 20.80 MB
Current GC threshold: 194.51 MB
CDS: off

CodeHeap 'non-profiled nmethods': size=120064Kb used=10169Kb max_used=10169Kb free=109894Kb
 bounds [0x000001c9a24a0000, 0x000001c9a2ea0000, 0x000001c9a99e0000]
CodeHeap 'profiled nmethods': size=120000Kb used=43046Kb max_used=43046Kb free=76953Kb
 bounds [0x000001c99af70000, 0x000001c99d980000, 0x000001c9a24a0000]
CodeHeap 'non-nmethods': size=5696Kb used=2429Kb max_used=2494Kb free=3266Kb
 bounds [0x000001c99a9e0000, 0x000001c99ac60000, 0x000001c99af70000]
 total_blobs=18098 nmethods=17143 adapters=866
 compilation: enabled
              stopped_count=0, restarted_count=0
 full_count=0

Compilation events (20 events):
Event: 53.098 Thread 0x000001c9b137f800 18406       2       com.android.tools.r8.dex.code.i0::<init> (7 bytes)
Event: 53.099 Thread 0x000001c9b137f800 nmethod 18406 0x000001c99d976010 code [0x000001c99d9761e0, 0x000001c99d976418]
Event: 53.109 Thread 0x000001c9b137f800 18407       2       com.android.tools.r8.dex.code.t::<init> (7 bytes)
Event: 53.109 Thread 0x000001c9b137f800 nmethod 18407 0x000001c99d976610 code [0x000001c99d9767e0, 0x000001c99d9769a8]
Event: 53.116 Thread 0x000001c9b137f800 18408       2       java.lang.Math::abs (11 bytes)
Event: 53.116 Thread 0x000001c9b137f800 nmethod 18408 0x000001c99d976b10 code [0x000001c99d976cc0, 0x000001c99d976db8]
Event: 53.116 Thread 0x000001c9b137f800 18409       2       com.android.tools.r8.graph.P$a::<init> (24 bytes)
Event: 53.117 Thread 0x000001c9b137f800 nmethod 18409 0x000001c99d976e90 code [0x000001c99d977040, 0x000001c99d977158]
Event: 53.142 Thread 0x000001c9b137f800 18411       2       com.android.tools.r8.dex.code.a::<init> (7 bytes)
Event: 53.143 Thread 0x000001c9b137f800 nmethod 18411 0x000001c99d977210 code [0x000001c99d9773c0, 0x000001c99d977518]
Event: 53.155 Thread 0x000001c9b137f800 18412       2       com.android.tools.r8.dex.code.d::<init> (7 bytes)
Event: 53.155 Thread 0x000001c9b137f800 nmethod 18412 0x000001c99d977610 code [0x000001c99d9777e0, 0x000001c99d977a18]
Event: 53.188 Thread 0x000001c9b137f800 18413       2       com.android.tools.r8.dex.code.f::<init> (7 bytes)
Event: 53.188 Thread 0x000001c9b137f800 nmethod 18413 0x000001c99d977c10 code [0x000001c99d977de0, 0x000001c99d978018]
Event: 53.199 Thread 0x000001c9b137f800 18414       2       java.io.File::isAbsolute (8 bytes)
Event: 53.199 Thread 0x000001c9b137f800 nmethod 18414 0x000001c99d978210 code [0x000001c99d9783c0, 0x000001c99d9784e8]
Event: 53.207 Thread 0x000001c9b137f800 18415   !   2       com.sun.org.apache.xerces.internal.impl.XMLDocumentFragmentScannerImpl$FragmentContentDriver::next (2329 bytes)
Event: 53.219 Thread 0x000001c9b137f800 nmethod 18415 0x000001c99d978590 code [0x000001c99d978c40, 0x000001c99d97b158]
Event: 53.226 Thread 0x000001c9b137f800 18417       2       com.android.tools.r8.graph.P$b::<init> (15 bytes)
Event: 53.226 Thread 0x000001c9b137f800 nmethod 18417 0x000001c99d97f110 code [0x000001c99d97f2c0, 0x000001c99d97f418]

GC Heap History (20 events):
Event: 45.522 GC heap after
{Heap after GC invocations=34 (full 0):
 garbage-first heap   total 284672K, used 136287K [0x0000000080000000, 0x0000000100000000)
  region size 1024K, 4 young (4096K), 4 survivors (4096K)
 Metaspace       used 113433K, capacity 116623K, committed 117840K, reserved 1150976K
  class space    used 14570K, capacity 15819K, committed 16332K, reserved 1048576K
}
Event: 46.740 GC heap before
{Heap before GC invocations=34 (full 0):
 garbage-first heap   total 284672K, used 243807K [0x0000000080000000, 0x0000000100000000)
  region size 1024K, 109 young (111616K), 4 survivors (4096K)
 Metaspace       used 113445K, capacity 116627K, committed 117840K, reserved 1150976K
  class space    used 14571K, capacity 15820K, committed 16332K, reserved 1048576K
}
Event: 46.757 GC heap after
{Heap after GC invocations=35 (full 0):
 garbage-first heap   total 284672K, used 136704K [0x0000000080000000, 0x0000000100000000)
  region size 1024K, 4 young (4096K), 4 survivors (4096K)
 Metaspace       used 113445K, capacity 116627K, committed 117840K, reserved 1150976K
  class space    used 14571K, capacity 15820K, committed 16332K, reserved 1048576K
}
Event: 48.469 GC heap before
{Heap before GC invocations=36 (full 0):
 garbage-first heap   total 284672K, used 245248K [0x0000000080000000, 0x0000000100000000)
  region size 1024K, 110 young (112640K), 4 survivors (4096K)
 Metaspace       used 113471K, capacity 116628K, committed 117840K, reserved 1150976K
  class space    used 14571K, capacity 15820K, committed 16332K, reserved 1048576K
}
Event: 48.484 GC heap after
{Heap after GC invocations=37 (full 0):
 garbage-first heap   total 284672K, used 137072K [0x0000000080000000, 0x0000000100000000)
  region size 1024K, 5 young (5120K), 5 survivors (5120K)
 Metaspace       used 113471K, capacity 116628K, committed 117840K, reserved 1150976K
  class space    used 14571K, capacity 15820K, committed 16332K, reserved 1048576K
}
Event: 48.574 GC heap before
{Heap before GC invocations=37 (full 0):
 garbage-first heap   total 284672K, used 145264K [0x0000000080000000, 0x0000000100000000)
  region size 1024K, 13 young (13312K), 5 survivors (5120K)
 Metaspace       used 113472K, capacity 116628K, committed 117840K, reserved 1150976K
  class space    used 14571K, capacity 15820K, committed 16332K, reserved 1048576K
}
Event: 48.585 GC heap after
{Heap after GC invocations=38 (full 0):
 garbage-first heap   total 284672K, used 135300K [0x0000000080000000, 0x0000000100000000)
  region size 1024K, 2 young (2048K), 2 survivors (2048K)
 Metaspace       used 113472K, capacity 116628K, committed 117840K, reserved 1150976K
  class space    used 14571K, capacity 15820K, committed 16332K, reserved 1048576K
}
Event: 49.324 GC heap before
{Heap before GC invocations=38 (full 0):
 garbage-first heap   total 284672K, used 195716K [0x0000000080000000, 0x0000000100000000)
  region size 1024K, 62 young (63488K), 2 survivors (2048K)
 Metaspace       used 113759K, capacity 116962K, committed 118096K, reserved 1150976K
  class space    used 14575K, capacity 15828K, committed 16332K, reserved 1048576K
}
Event: 49.342 GC heap after
{Heap after GC invocations=39 (full 0):
 garbage-first heap   total 284672K, used 138788K [0x0000000080000000, 0x0000000100000000)
  region size 1024K, 5 young (5120K), 5 survivors (5120K)
 Metaspace       used 113759K, capacity 116962K, committed 118096K, reserved 1150976K
  class space    used 14575K, capacity 15828K, committed 16332K, reserved 1048576K
}
Event: 51.423 GC heap before
{Heap before GC invocations=40 (full 0):
 garbage-first heap   total 284672K, used 283172K [0x0000000080000000, 0x0000000100000000)
  region size 1024K, 103 young (105472K), 5 survivors (5120K)
 Metaspace       used 115155K, capacity 118352K, committed 119248K, reserved 1153024K
  class space    used 14744K, capacity 16036K, committed 16460K, reserved 1048576K
}
Event: 51.479 GC heap after
{Heap after GC invocations=41 (full 0):
 garbage-first heap   total 312320K, used 183854K [0x0000000080000000, 0x0000000100000000)
  region size 1024K, 14 young (14336K), 14 survivors (14336K)
 Metaspace       used 115155K, capacity 118352K, committed 119248K, reserved 1153024K
  class space    used 14744K, capacity 16036K, committed 16460K, reserved 1048576K
}
Event: 51.492 GC heap before
{Heap before GC invocations=41 (full 0):
 garbage-first heap   total 312320K, used 185902K [0x0000000080000000, 0x0000000100000000)
  region size 1024K, 15 young (15360K), 14 survivors (14336K)
 Metaspace       used 115155K, capacity 118352K, committed 119248K, reserved 1153024K
  class space    used 14744K, capacity 16036K, committed 16460K, reserved 1048576K
}
Event: 51.522 GC heap after
{Heap after GC invocations=42 (full 0):
 garbage-first heap   total 312320K, used 182923K [0x0000000080000000, 0x0000000100000000)
  region size 1024K, 2 young (2048K), 2 survivors (2048K)
 Metaspace       used 115155K, capacity 118352K, committed 119248K, reserved 1153024K
  class space    used 14744K, capacity 16036K, committed 16460K, reserved 1048576K
}
Event: 51.630 GC heap before
{Heap before GC invocations=42 (full 0):
 garbage-first heap   total 312320K, used 196235K [0x0000000080000000, 0x0000000100000000)
  region size 1024K, 16 young (16384K), 2 survivors (2048K)
 Metaspace       used 115160K, capacity 118416K, committed 119248K, reserved 1153024K
  class space    used 14744K, capacity 16036K, committed 16460K, reserved 1048576K
}
Event: 51.645 GC heap after
{Heap after GC invocations=43 (full 0):
 garbage-first heap   total 312320K, used 187028K [0x0000000080000000, 0x0000000100000000)
  region size 1024K, 6 young (6144K), 6 survivors (6144K)
 Metaspace       used 115160K, capacity 118416K, committed 119248K, reserved 1153024K
  class space    used 14744K, capacity 16036K, committed 16460K, reserved 1048576K
}
Event: 52.821 GC heap before
{Heap before GC invocations=44 (full 0):
 garbage-first heap   total 312320K, used 249492K [0x0000000080000000, 0x0000000100000000)
  region size 1024K, 72 young (73728K), 6 survivors (6144K)
 Metaspace       used 115634K, capacity 118899K, committed 119504K, reserved 1153024K
  class space    used 14780K, capacity 16085K, committed 16460K, reserved 1048576K
}
Event: 52.893 GC heap after
{Heap after GC invocations=45 (full 0):
 garbage-first heap   total 312320K, used 212992K [0x0000000080000000, 0x0000000100000000)
  region size 1024K, 9 young (9216K), 9 survivors (9216K)
 Metaspace       used 115634K, capacity 118899K, committed 119504K, reserved 1153024K
  class space    used 14780K, capacity 16085K, committed 16460K, reserved 1048576K
}
Event: 52.955 GC heap before
{Heap before GC invocations=45 (full 0):
 garbage-first heap   total 312320K, used 219136K [0x0000000080000000, 0x0000000100000000)
  region size 1024K, 15 young (15360K), 9 survivors (9216K)
 Metaspace       used 115635K, capacity 118899K, committed 119504K, reserved 1153024K
  class space    used 14780K, capacity 16085K, committed 16460K, reserved 1048576K
}
Event: 53.013 GC heap after
{Heap after GC invocations=46 (full 0):
 garbage-first heap   total 312320K, used 205312K [0x0000000080000000, 0x0000000100000000)
  region size 1024K, 2 young (2048K), 2 survivors (2048K)
 Metaspace       used 115635K, capacity 118899K, committed 119504K, reserved 1153024K
  class space    used 14780K, capacity 16085K, committed 16460K, reserved 1048576K
}
Event: 53.251 GC heap before
{Heap before GC invocations=46 (full 0):
 garbage-first heap   total 312320K, used 246272K [0x0000000080000000, 0x0000000100000000)
  region size 1024K, 43 young (44032K), 2 survivors (2048K)
 Metaspace       used 115676K, capacity 118963K, committed 119760K, reserved 1153024K
  class space    used 14780K, capacity 16085K, committed 16460K, reserved 1048576K
}

Deoptimization events (20 events):
Event: 53.183 Thread 0x000001c9bb6b9800 DEOPT UNPACKING pc=0x000001c99aa2a95e sp=0x0000008d2b1fe270 mode 0
Event: 53.186 Thread 0x000001c9bb6b9800 DEOPT PACKING pc=0x000001c99b401ab4 sp=0x0000008d2b1fec30
Event: 53.186 Thread 0x000001c9bb6b9800 DEOPT UNPACKING pc=0x000001c99aa2a95e sp=0x0000008d2b1fe270 mode 0
Event: 53.188 Thread 0x000001c9bb6b6000 DEOPT PACKING pc=0x000001c99b401ab4 sp=0x0000008d2b3fe800
Event: 53.188 Thread 0x000001c9bb6b6000 DEOPT UNPACKING pc=0x000001c99aa2a95e sp=0x0000008d2b3fde40 mode 0
Event: 53.190 Thread 0x000001c9bb6b8800 DEOPT UNPACKING pc=0x000001c99aa2a95e sp=0x0000008d2b2fdea0 mode 0
Event: 53.202 Thread 0x000001c9bb6b8800 DEOPT PACKING pc=0x000001c99b401ab4 sp=0x0000008d2b2fe860
Event: 53.202 Thread 0x000001c9bb6b8800 DEOPT UNPACKING pc=0x000001c99aa2a95e sp=0x0000008d2b2fdea0 mode 0
Event: 53.204 Thread 0x000001c9bb6b8800 DEOPT PACKING pc=0x000001c99d9602fd sp=0x0000008d2b2fe040
Event: 53.204 Thread 0x000001c9bb6b8800 DEOPT UNPACKING pc=0x000001c99aa2a95e sp=0x0000008d2b2fdca0 mode 0
Event: 53.218 Thread 0x000001c9bb6b8800 DEOPT PACKING pc=0x000001c99b401ab4 sp=0x0000008d2b2fe860
Event: 53.218 Thread 0x000001c9bb6b8800 DEOPT UNPACKING pc=0x000001c99aa2a95e sp=0x0000008d2b2fdea0 mode 0
Event: 53.225 Thread 0x000001c9bb6b8800 DEOPT PACKING pc=0x000001c99b401ab4 sp=0x0000008d2b2fe860
Event: 53.225 Thread 0x000001c9bb6b8800 DEOPT UNPACKING pc=0x000001c99aa2a95e sp=0x0000008d2b2fdea0 mode 0
Event: 53.232 Thread 0x000001c9bb6b8800 DEOPT PACKING pc=0x000001c99b401ab4 sp=0x0000008d2b2fe860
Event: 53.232 Thread 0x000001c9bb6b8800 DEOPT UNPACKING pc=0x000001c99aa2a95e sp=0x0000008d2b2fdea0 mode 0
Event: 53.239 Thread 0x000001c9bb6b8800 DEOPT PACKING pc=0x000001c99d9602fd sp=0x0000008d2b2fe040
Event: 53.239 Thread 0x000001c9bb6b8800 DEOPT UNPACKING pc=0x000001c99aa2a95e sp=0x0000008d2b2fdca0 mode 0
Event: 53.240 Thread 0x000001c9bb6b8800 DEOPT PACKING pc=0x000001c99b401ab4 sp=0x0000008d2b2fe860
Event: 53.240 Thread 0x000001c9bb6b8800 DEOPT UNPACKING pc=0x000001c99aa2a95e sp=0x0000008d2b2fdea0 mode 0

Classes redefined (0 events):
No events

Internal exceptions (20 events):
Event: 34.911 Thread 0x000001c9b3837800 Exception <a 'sun/nio/fs/WindowsException'{0x000000009134d6a0}> (0x000000009134d6a0) thrown at [src/hotspot/share/prims/jni.cpp, line 617]
Event: 34.947 Thread 0x000001c9b3ede800 Exception <a 'sun/nio/fs/WindowsException'{0x00000000912d8a98}> (0x00000000912d8a98) thrown at [src/hotspot/share/prims/jni.cpp, line 617]
Event: 35.000 Thread 0x000001c9b6eeb800 Exception <a 'java/lang/NoSuchMethodError'{0x0000000091160df0}: 'int java.lang.invoke.DirectMethodHandle$Holder.invokeInterface(java.lang.Object, java.lang.Object, int)'> (0x0000000091160df0) thrown at [src/hotspot/share/interpreter/linkResolver.cpp, line 773]
Event: 35.078 Thread 0x000001c9b6eeb800 Exception <a 'java/lang/NoSuchMethodError'{0x0000000090bbfdd0}: 'void java.lang.invoke.DirectMethodHandle$Holder.invokeSpecialIFC(java.lang.Object, java.lang.Object, java.lang.Object, java.lang.Object)'> (0x0000000090bbfdd0) thrown at [src/hotspot/share/interpreter/linkResolver.cpp, line 773]
Event: 35.371 Thread 0x000001c9b6ee3800 Exception <a 'sun/nio/fs/WindowsException'{0x000000008f98d750}> (0x000000008f98d750) thrown at [src/hotspot/share/prims/jni.cpp, line 617]
Event: 35.374 Thread 0x000001c9b383f000 Exception <a 'sun/nio/fs/WindowsException'{0x000000008f9ffaa0}> (0x000000008f9ffaa0) thrown at [src/hotspot/share/prims/jni.cpp, line 617]
Event: 35.740 Thread 0x000001c9b383f000 Exception <a 'sun/nio/fs/WindowsException'{0x000000008d815378}> (0x000000008d815378) thrown at [src/hotspot/share/prims/jni.cpp, line 617]
Event: 35.778 Thread 0x000001c9b6ee3800 Exception <a 'sun/nio/fs/WindowsException'{0x000000008d7b3520}> (0x000000008d7b3520) thrown at [src/hotspot/share/prims/jni.cpp, line 617]
Event: 36.308 Thread 0x000001c9b3ede800 Exception <a 'sun/nio/fs/WindowsException'{0x000000008bd8f410}> (0x000000008bd8f410) thrown at [src/hotspot/share/prims/jni.cpp, line 617]
Event: 39.765 Thread 0x000001c9b6eeb800 Implicit null exception at 0x000001c9a2d2cc20 to 0x000001c9a2d3188c
Event: 47.153 Thread 0x000001c9b6eeb800 Implicit null exception at 0x000001c9a2e362ec to 0x000001c9a2e365a4
Event: 49.722 Thread 0x000001c9b6eeb800 Exception <a 'sun/nio/fs/WindowsException'{0x0000000090efb378}> (0x0000000090efb378) thrown at [src/hotspot/share/prims/jni.cpp, line 617]
Event: 50.051 Thread 0x000001c9bb6ab800 Exception <a 'java/lang/NoSuchMethodError'{0x0000000090a32810}: <clinit>> (0x0000000090a32810) thrown at [src/hotspot/share/prims/jni.cpp, line 1367]
Event: 50.672 Thread 0x000001c9bb6b7000 Exception <a 'sun/nio/fs/WindowsException'{0x000000008f7af820}> (0x000000008f7af820) thrown at [src/hotspot/share/prims/jni.cpp, line 617]
Event: 50.741 Thread 0x000001c9b36db000 Exception <a 'java/lang/NoSuchMethodError'{0x000000008f5c9188}: <clinit>> (0x000000008f5c9188) thrown at [src/hotspot/share/prims/jni.cpp, line 1367]
Event: 50.818 Thread 0x000001c9bb6ae000 Exception <a 'java/lang/NoSuchMethodError'{0x000000008f4d33a0}: <clinit>> (0x000000008f4d33a0) thrown at [src/hotspot/share/prims/jni.cpp, line 1367]
Event: 50.819 Thread 0x000001c9bb6ae000 Exception <a 'java/lang/NoSuchMethodError'{0x000000008f4d4de8}: <clinit>> (0x000000008f4d4de8) thrown at [src/hotspot/share/prims/jni.cpp, line 1367]
Event: 50.819 Thread 0x000001c9bb6ae000 Exception <a 'java/lang/NoSuchMethodError'{0x000000008f4d82a8}: <clinit>> (0x000000008f4d82a8) thrown at [src/hotspot/share/prims/jni.cpp, line 1367]
Event: 50.823 Thread 0x000001c9bb6ae000 Exception <a 'java/lang/NoSuchMethodError'{0x000000008f4f2ca0}: <clinit>> (0x000000008f4f2ca0) thrown at [src/hotspot/share/prims/jni.cpp, line 1367]
Event: 50.828 Thread 0x000001c9bb6ae000 Exception <a 'java/lang/NoSuchMethodError'{0x000000008f4f4180}: <clinit>> (0x000000008f4f4180) thrown at [src/hotspot/share/prims/jni.cpp, line 1367]

Events (20 events):
Event: 51.968 loading class com/android/tools/r8/internal/ms done
Event: 51.971 Executing VM operation: RevokeBias
Event: 51.972 Executing VM operation: RevokeBias done
Event: 51.974 Executing VM operation: RevokeBias
Event: 51.975 Executing VM operation: RevokeBias done
Event: 52.138 Executing VM operation: CGC_Operation
Event: 52.175 Executing VM operation: CGC_Operation done
Event: 52.470 Executing VM operation: CGC_Operation
Event: 52.472 Executing VM operation: CGC_Operation done
Event: 52.564 loading class com/android/tools/r8/graph/c0$a
Event: 52.564 loading class com/android/tools/r8/graph/c0$a done
Event: 52.564 loading class com/android/tools/r8/graph/c0$a
Event: 52.564 loading class com/android/tools/r8/graph/c0$a done
Event: 52.564 loading class com/android/tools/r8/dex/i
Event: 52.564 loading class com/android/tools/r8/dex/i done
Event: 52.818 Executing VM operation: G1CollectForAllocation
Event: 52.893 Executing VM operation: G1CollectForAllocation done
Event: 52.954 Executing VM operation: G1CollectForAllocation
Event: 53.013 Executing VM operation: G1CollectForAllocation done
Event: 53.251 Executing VM operation: G1CollectForAllocation


Dynamic libraries:
0x00007ff720920000 - 0x00007ff72092a000 	C:\Program Files\Android\Android Studio\jbr\bin\java.exe
0x00007ffeed5d0000 - 0x00007ffeed7e4000 	C:\Windows\SYSTEM32\ntdll.dll
0x00007ffeec890000 - 0x00007ffeec952000 	C:\Windows\System32\KERNEL32.DLL
0x00007ffeeab70000 - 0x00007ffeeaf0c000 	C:\Windows\System32\KERNELBASE.dll
0x00007ffeeb120000 - 0x00007ffeeb231000 	C:\Windows\System32\ucrtbase.dll
0x00007ffee3670000 - 0x00007ffee3687000 	C:\Program Files\Android\Android Studio\jbr\bin\jli.dll
0x00007ffee5410000 - 0x00007ffee542b000 	C:\Program Files\Android\Android Studio\jbr\bin\VCRUNTIME140.dll
0x00007ffeeca80000 - 0x00007ffeecc2a000 	C:\Windows\System32\USER32.dll
0x00007ffeeb2e0000 - 0x00007ffeeb306000 	C:\Windows\System32\win32u.dll
0x00007ffeecc30000 - 0x00007ffeecc59000 	C:\Windows\System32\GDI32.dll
0x00007ffed7020000 - 0x00007ffed72ae000 	C:\Windows\WinSxS\amd64_microsoft.windows.common-controls_6595b64144ccf1df_6.0.22621.608_none_a9444ca7c10bb01d\COMCTL32.dll
0x00007ffeeaf80000 - 0x00007ffeeb092000 	C:\Windows\System32\gdi32full.dll
0x00007ffeed0a0000 - 0x00007ffeed147000 	C:\Windows\System32\msvcrt.dll
0x00007ffeeb240000 - 0x00007ffeeb2da000 	C:\Windows\System32\msvcp_win.dll
0x00007ffeecc60000 - 0x00007ffeecc91000 	C:\Windows\System32\IMM32.DLL
0x00007ffee7a60000 - 0x00007ffee7a6c000 	C:\Program Files\Android\Android Studio\jbr\bin\vcruntime140_1.dll
0x00007ffed84f0000 - 0x00007ffed857d000 	C:\Program Files\Android\Android Studio\jbr\bin\msvcp140.dll
0x00007ffe64f80000 - 0x00007ffe65b3c000 	C:\Program Files\Android\Android Studio\jbr\bin\server\jvm.dll
0x00007ffeed150000 - 0x00007ffeed1fe000 	C:\Windows\System32\ADVAPI32.dll
0x00007ffeec960000 - 0x00007ffeeca04000 	C:\Windows\System32\sechost.dll
0x00007ffeeb420000 - 0x00007ffeeb535000 	C:\Windows\System32\RPCRT4.dll
0x00007ffeeca70000 - 0x00007ffeeca78000 	C:\Windows\System32\PSAPI.DLL
0x00007ffee8680000 - 0x00007ffee8689000 	C:\Windows\SYSTEM32\WSOCK32.dll
0x00007ffeecca0000 - 0x00007ffeecd11000 	C:\Windows\System32\WS2_32.dll
0x00007ffee3000000 - 0x00007ffee3034000 	C:\Windows\SYSTEM32\WINMM.dll
0x00007ffee1ea0000 - 0x00007ffee1eaa000 	C:\Windows\SYSTEM32\VERSION.dll
0x00007ffee9a80000 - 0x00007ffee9a98000 	C:\Windows\SYSTEM32\kernel.appcore.dll
0x00007ffed4040000 - 0x00007ffed4050000 	C:\Program Files\Android\Android Studio\jbr\bin\verify.dll
0x00007ffee8450000 - 0x00007ffee867e000 	C:\Windows\SYSTEM32\DBGHELP.DLL
0x00007ffeed200000 - 0x00007ffeed589000 	C:\Windows\System32\combase.dll
0x00007ffeeb750000 - 0x00007ffeeb827000 	C:\Windows\System32\OLEAUT32.dll
0x00007ffed2c20000 - 0x00007ffed2c52000 	C:\Windows\SYSTEM32\dbgcore.DLL
0x00007ffeeb0a0000 - 0x00007ffeeb11b000 	C:\Windows\System32\bcryptPrimitives.dll
0x00007ffe98c50000 - 0x00007ffe98c78000 	C:\Program Files\Android\Android Studio\jbr\bin\java.dll
0x00007ffed4030000 - 0x00007ffed403a000 	C:\Program Files\Android\Android Studio\jbr\bin\jimage.dll
0x00007ffec58d0000 - 0x00007ffec58e8000 	C:\Program Files\Android\Android Studio\jbr\bin\zip.dll
0x00007ffeec020000 - 0x00007ffeec7fd000 	C:\Windows\System32\SHELL32.dll
0x00007ffee8a60000 - 0x00007ffee9317000 	C:\Windows\SYSTEM32\windows.storage.dll
0x00007ffee8920000 - 0x00007ffee8a5d000 	C:\Windows\SYSTEM32\wintypes.dll
0x00007ffeecd20000 - 0x00007ffeece11000 	C:\Windows\System32\SHCORE.dll
0x00007ffeeca10000 - 0x00007ffeeca6e000 	C:\Windows\System32\shlwapi.dll
0x00007ffeea930000 - 0x00007ffeea951000 	C:\Windows\SYSTEM32\profapi.dll
0x00007ffe67580000 - 0x00007ffe67599000 	C:\Program Files\Android\Android Studio\jbr\bin\net.dll
0x00007ffee1d50000 - 0x00007ffee1e7f000 	C:\Windows\SYSTEM32\WINHTTP.dll
0x00007ffee9ee0000 - 0x00007ffee9f49000 	C:\Windows\system32\mswsock.dll
0x00007ffe67560000 - 0x00007ffe67573000 	C:\Program Files\Android\Android Studio\jbr\bin\nio.dll
0x00007ffee3c30000 - 0x00007ffee3c57000 	C:\Users\Microsoft\.gradle\native\e1d6ef7f7dcc3fd88c89a11ec53ec762bb8ba0a96d01ffa2cd45eb1d1d8dd5c5\windows-amd64\native-platform.dll
0x00007ffec8730000 - 0x00007ffec8874000 	C:\Users\Microsoft\.gradle\native\0d407fdbe67a94daf76414ababcb853783967236a71b16ec16e742cd7a986fd3\windows-amd64\native-platform-file-events.dll
0x00007ffed4000000 - 0x00007ffed400a000 	C:\Program Files\Android\Android Studio\jbr\bin\management.dll
0x00007ffed00b0000 - 0x00007ffed00bb000 	C:\Program Files\Android\Android Studio\jbr\bin\management_ext.dll
0x00007ffeea120000 - 0x00007ffeea13b000 	C:\Windows\SYSTEM32\CRYPTSP.dll
0x00007ffee99f0000 - 0x00007ffee9a25000 	C:\Windows\system32\rsaenh.dll
0x00007ffee9fd0000 - 0x00007ffee9ff8000 	C:\Windows\SYSTEM32\USERENV.dll
0x00007ffeea2e0000 - 0x00007ffeea308000 	C:\Windows\SYSTEM32\bcrypt.dll
0x00007ffeea140000 - 0x00007ffeea14c000 	C:\Windows\SYSTEM32\CRYPTBASE.dll
0x00007ffee9570000 - 0x00007ffee959d000 	C:\Windows\SYSTEM32\IPHLPAPI.DLL
0x00007ffeece20000 - 0x00007ffeece29000 	C:\Windows\System32\NSI.dll
0x00007ffee1d10000 - 0x00007ffee1d29000 	C:\Windows\SYSTEM32\dhcpcsvc6.DLL
0x00007ffee1cf0000 - 0x00007ffee1d0f000 	C:\Windows\SYSTEM32\dhcpcsvc.DLL
0x00007ffee95e0000 - 0x00007ffee96d2000 	C:\Windows\SYSTEM32\DNSAPI.dll
0x00007ffec0310000 - 0x00007ffec0327000 	C:\Windows\system32\napinsp.dll
0x00007ffeb8960000 - 0x00007ffeb897b000 	C:\Windows\system32\pnrpnsp.dll
0x00007ffeafa90000 - 0x00007ffeafaa1000 	C:\Windows\System32\winrnr.dll
0x00007ffec13e0000 - 0x00007ffec13f5000 	C:\Windows\system32\wshbth.dll
0x00007ffeb9d20000 - 0x00007ffeb9d41000 	C:\Windows\system32\nlansp_c.dll
0x00007ffed7fc0000 - 0x00007ffed7fca000 	C:\Windows\System32\rasadhlp.dll
0x00007ffee01e0000 - 0x00007ffee0263000 	C:\Windows\System32\fwpuclnt.dll

dbghelp: loaded successfully - version: 4.0.5 - missing functions: none
symbol engine: initialized successfully - sym options: 0x614 - pdb path: .;C:\Program Files\Android\Android Studio\jbr\bin;C:\Windows\SYSTEM32;C:\Windows\WinSxS\amd64_microsoft.windows.common-controls_6595b64144ccf1df_6.0.22621.608_none_a9444ca7c10bb01d;C:\Program Files\Android\Android Studio\jbr\bin\server;C:\Users\Microsoft\.gradle\native\e1d6ef7f7dcc3fd88c89a11ec53ec762bb8ba0a96d01ffa2cd45eb1d1d8dd5c5\windows-amd64;C:\Users\Microsoft\.gradle\native\0d407fdbe67a94daf76414ababcb853783967236a71b16ec16e742cd7a986fd3\windows-amd64

VM Arguments:
jvm_args: --add-opens=java.base/java.util=ALL-UNNAMED --add-opens=java.base/java.lang=ALL-UNNAMED --add-opens=java.base/java.lang.invoke=ALL-UNNAMED --add-opens=java.base/java.util=ALL-UNNAMED --add-opens=java.prefs/java.util.prefs=ALL-UNNAMED --add-opens=java.prefs/java.util.prefs=ALL-UNNAMED --add-opens=java.base/java.nio.charset=ALL-UNNAMED --add-opens=java.base/java.net=ALL-UNNAMED --add-opens=java.base/java.util.concurrent.atomic=ALL-UNNAMED -Xmx2048m -Dfile.encoding=UTF-8 -Duser.country=US -Duser.language=en -Duser.variant 
java_command: org.gradle.launcher.daemon.bootstrap.GradleDaemon 7.5
java_class_path (initial): C:\Users\Microsoft\.gradle\wrapper\dists\gradle-7.5-bin\f1w0cc9nuo0eivz97x2xlu9sv\gradle-7.5\lib\gradle-launcher-7.5.jar
Launcher Type: SUN_STANDARD

[Global flags]
     intx CICompilerCount                          = 3                                         {product} {ergonomic}
     uint ConcGCThreads                            = 1                                         {product} {ergonomic}
     uint G1ConcRefinementThreads                  = 4                                         {product} {ergonomic}
   size_t G1HeapRegionSize                         = 1048576                                   {product} {ergonomic}
    uintx GCDrainStackTargetSize                   = 64                                        {product} {ergonomic}
   size_t InitialHeapSize                          = 201326592                                 {product} {ergonomic}
   size_t MarkStackSize                            = 4194304                                   {product} {ergonomic}
   size_t MaxHeapSize                              = 2147483648                                {product} {command line}
   size_t MaxNewSize                               = 1287651328                                {product} {ergonomic}
   size_t MinHeapDeltaBytes                        = 1048576                                   {product} {ergonomic}
    uintx NonNMethodCodeHeapSize                   = 5830732                                {pd product} {ergonomic}
    uintx NonProfiledCodeHeapSize                  = 122913754                              {pd product} {ergonomic}
    uintx ProfiledCodeHeapSize                     = 122913754                              {pd product} {ergonomic}
    uintx ReservedCodeCacheSize                    = 251658240                              {pd product} {ergonomic}
     bool SegmentedCodeCache                       = true                                      {product} {ergonomic}
     bool UseCompressedClassPointers               = true                                 {lp64_product} {ergonomic}
     bool UseCompressedOops                        = true                                 {lp64_product} {ergonomic}
     bool UseG1GC                                  = true                                      {product} {ergonomic}
     bool UseLargePagesIndividualAllocation        = false                                  {pd product} {ergonomic}

Logging:
Log output configuration:
 #0: stdout all=warning uptime,level,tags
 #1: stderr all=off uptime,level,tags

Environment Variables:
JAVA_HOME=C:\Program Files\Java\jdk-19
PATH=C:\Program Files\Common Files\Oracle\Java\javapath;C:\Windows\system32;C:\Windows;C:\Windows\System32\Wbem;C:\Windows\System32\WindowsPowerShell\v1.0\;C:\Windows\System32\OpenSSH\;C:\Program Files\Java\jdk-19\bin;C:\Program Files\Common Files\Oracle\Java\javapath;C:\Program Files\Git\cmd;C:\Users\Microsoft\AppData\Local\Microsoft\WindowsApps;;F:\Microsoft VS Code\bin;C:\Program Files\JetBrains\IntelliJ IDEA Community Edition 2022.3.2\bin;
USERNAME=Microsoft
OS=Windows_NT
PROCESSOR_IDENTIFIER=Intel64 Family 6 Model 78 Stepping 3, GenuineIntel



---------------  S Y S T E M  ---------------

OS: Windows 11 , 64 bit Build 22621 (10.0.22621.608)
OS uptime: 1 days 9:10 hours

CPU:total 4 (initial active 4) (2 cores per cpu, 2 threads per core) family 6 model 78 stepping 3 microcode 0xd6, cmov, cx8, fxsr, mmx, sse, sse2, sse3, ssse3, sse4.1, sse4.2, popcnt, avx, avx2, aes, clmul, erms, 3dnowpref, lzcnt, ht, tsc, tscinvbit, bmi1, bmi2, adx, fma

Memory: 4k page, system-wide physical 12179M (433M free)
TotalPageFile size 14227M (AvailPageFile size 25M)
current process WorkingSet (physical memory assigned to process): 680M, peak: 685M
current process commit charge ("private bytes"): 713M, peak: 822M

vm_info: OpenJDK 64-Bit Server VM (11.0.15+0-b2043.56-9505619) for windows-amd64 JRE (11.0.15+0-b2043.56-9505619), built on Jan 19 2023 02:48:00 by "builduser" with unknown MS VC++:1929

END.
